<!DOCTYPE html>
<html>
  <head>
    <meta charset="utf-8"/>
    <title id="head-title">report.html</title>
      <link href="assets/style.css" rel="stylesheet" type="text/css"/>
  </head>
  <body>
    <h1 id="title">report.html</h1>
    <p>Report generated on 22-Aug-2024 at 11:03:10 by <a href="https://pypi.python.org/pypi/pytest-html">pytest-html</a>
        v4.1.1</p>
    <div id="environment-header">
      <h2>Environment</h2>
    </div>
    <table id="environment"></table>
    <!-- TEMPLATES -->
      <template id="template_environment_row">
      <tr>
        <td></td>
        <td></td>
      </tr>
    </template>
    <template id="template_results-table__body--empty">
      <tbody class="results-table-row">
        <tr id="not-found-message">
          <td colspan="4">No results found. Check the filters.</th>
        </tr>
    </template>
    <template id="template_results-table__tbody">
      <tbody class="results-table-row">
        <tr class="collapsible">
        </tr>
        <tr class="extras-row">
          <td class="extra" colspan="4">
            <div class="extraHTML"></div>
            <div class="media">
              <div class="media-container">
                  <div class="media-container__nav--left"><</div>
                  <div class="media-container__viewport">
                    <img src="" />
                    <video controls>
                      <source src="" type="video/mp4">
                    </video>
                  </div>
                  <div class="media-container__nav--right">></div>
                </div>
                <div class="media__name"></div>
                <div class="media__counter"></div>
            </div>
            <div class="logwrapper">
              <div class="logexpander"></div>
              <div class="log"></div>
            </div>
          </td>
        </tr>
      </tbody>
    </template>
    <!-- END TEMPLATES -->
    <div class="summary">
      <div class="summary__data">
        <h2>Summary</h2>
        <div class="additional-summary prefix">
        </div>
        <p class="run-count">49 tests took 00:56:39.</p>
        <p class="filter">(Un)check the boxes to filter the results.</p>
        <div class="summary__reload">
          <div class="summary__reload__button hidden" onclick="location.reload()">
            <div>There are still tests running. <br />Reload this page to get the latest results!</div>
          </div>
        </div>
        <div class="summary__spacer"></div>
        <div class="controls">
          <div class="filters">
            <input checked="true" class="filter" name="filter_checkbox" type="checkbox" data-test-result="failed" />
            <span class="failed">6 Failed,</span>
            <input checked="true" class="filter" name="filter_checkbox" type="checkbox" data-test-result="passed" />
            <span class="passed">38 Passed,</span>
            <input checked="true" class="filter" name="filter_checkbox" type="checkbox" data-test-result="skipped" />
            <span class="skipped">1 Skipped,</span>
            <input checked="true" class="filter" name="filter_checkbox" type="checkbox" data-test-result="xfailed" />
            <span class="xfailed">1 Expected failures,</span>
            <input checked="true" class="filter" name="filter_checkbox" type="checkbox" data-test-result="xpassed" />
            <span class="xpassed">4 Unexpected passes,</span>
            <input checked="true" class="filter" name="filter_checkbox" type="checkbox" data-test-result="error" disabled/>
            <span class="error">0 Errors,</span>
            <input checked="true" class="filter" name="filter_checkbox" type="checkbox" data-test-result="rerun" disabled/>
            <span class="rerun">0 Reruns</span>
          </div>
          <div class="collapse">
            <button id="show_all_details">Show all details</button>&nbsp;/&nbsp;<button id="hide_all_details">Hide all details</button>
          </div>
        </div>
      </div>
      <div class="additional-summary summary">
      </div>
      <div class="additional-summary postfix">
      </div>
    </div>
    <table id="results-table">
      <thead id="results-table-head">
        <tr>
          <th class="sortable" data-column-type="result">Result</th>
          <th class="sortable" data-column-type="testId">Test</th>
          <th class="sortable" data-column-type="duration">Duration</th>
          <th>Links</th>
        </tr>
      </thead>
    </table>
  </body>
  <footer>
    <div id="data-container" data-jsonblob="{&#34;environment&#34;: {&#34;Python&#34;: &#34;3.10.4&#34;, &#34;Platform&#34;: &#34;macOS-14.4.1-arm64-arm-64bit&#34;, &#34;Packages&#34;: {&#34;pytest&#34;: &#34;8.2.0&#34;, &#34;pluggy&#34;: &#34;1.5.0&#34;}, &#34;Plugins&#34;: {&#34;html&#34;: &#34;4.1.1&#34;, &#34;metadata&#34;: &#34;3.1.1&#34;}}, &#34;tests&#34;: {&#34;Test/test_E2E.py::TestEmbibe::test_sign_in_password&#34;: [{&#34;extras&#34;: [], &#34;result&#34;: &#34;Passed&#34;, &#34;testId&#34;: &#34;Test/test_E2E.py::TestEmbibe::test_sign_in_password&#34;, &#34;duration&#34;: &#34;00:00:04&#34;, &#34;resultsTableRow&#34;: [&#34;&lt;td class=\&#34;col-result\&#34;&gt;Passed&lt;/td&gt;&#34;, &#34;&lt;td class=\&#34;col-testId\&#34;&gt;Test/test_E2E.py::TestEmbibe::test_sign_in_password&lt;/td&gt;&#34;, &#34;&lt;td class=\&#34;col-duration\&#34;&gt;00:00:04&lt;/td&gt;&#34;, &#34;&lt;td class=\&#34;col-links\&#34;&gt;&lt;/td&gt;&#34;], &#34;log&#34;: &#34;------------------------------ Captured log call -------------------------------\nINFO     test_sign_in_password:test_E2E.py:19 Testcase: Sign in with Password\n\n&#34;}], &#34;Test/test_E2E.py::TestEmbibe::test_signIn_mobile&#34;: [{&#34;extras&#34;: [{&#34;name&#34;: null, &#34;format_type&#34;: &#34;html&#34;, &#34;content&#34;: &#34;&lt;div&gt;&lt;img src=\&#34;Test/test_E2E.py_TestEmbibe_test_signIn_mobile.png\&#34; alt=\&#34;screenshot\&#34; style=\&#34;width:304px;height:228px;\&#34; onclick=\&#34;window.open(this.src)\&#34; align=\&#34;right\&#34;/&gt;&lt;/div&gt;&#34;, &#34;mime_type&#34;: null, &#34;extension&#34;: null}], &#34;result&#34;: &#34;Failed&#34;, &#34;testId&#34;: &#34;Test/test_E2E.py::TestEmbibe::test_signIn_mobile&#34;, &#34;duration&#34;: &#34;00:00:23&#34;, &#34;resultsTableRow&#34;: [&#34;&lt;td class=\&#34;col-result\&#34;&gt;Failed&lt;/td&gt;&#34;, &#34;&lt;td class=\&#34;col-testId\&#34;&gt;Test/test_E2E.py::TestEmbibe::test_signIn_mobile&lt;/td&gt;&#34;, &#34;&lt;td class=\&#34;col-duration\&#34;&gt;00:00:23&lt;/td&gt;&#34;, &#34;&lt;td class=\&#34;col-links\&#34;&gt;&lt;/td&gt;&#34;], &#34;log&#34;: &#34;self = &amp;lt;PageObject.signUp_signIn.signIn_up object at 0x106709c60&amp;gt;\n\n    def sign_in_with_mobile(self):\n        self.driver.find_element(*signIn_up.get_started).click()\n        self.driver.find_element( *signIn_up.email_field).send_keys(self.mobile_num)\n        self.driver.find_element(*signIn_up.enter_using_password).click()\n        self.driver.find_element(*signIn_up.password_field).send_keys(self.mobile_password)\n        self.driver.find_element(*signIn_up.proceed_btn).click()\n        self.driver.find_element(*signIn_up.learn_module).click()\n        try :\n&amp;gt;           embium_icon = self.driver.find_element(*signIn_up.embium_icon)\n\nPageObject/signUp_signIn.py:42: \n_ _ _ _ _ _ _ _ _ _ _ _ _ _ _ _ _ _ _ _ _ _ _ _ _ _ _ _ _ _ _ _ _ _ _ _ _ _ _ _ _ _ _ _ _ _ _ _ _ _ _ _ _ _ _ _ _ _ _ _ _ _ _ _ _ _ _ _ _ _ _ _ _ _ _ _ _ _ _ _ _ _ _ _\n../../Library/Python/3.10/lib/python/site-packages/selenium/webdriver/remote/webdriver.py:741: in find_element\n    return self.execute(Command.FIND_ELEMENT, {&amp;quot;using&amp;quot;: by, &amp;quot;value&amp;quot;: value})[&amp;quot;value&amp;quot;]\n../../Library/Python/3.10/lib/python/site-packages/selenium/webdriver/remote/webdriver.py:347: in execute\n    self.error_handler.check_response(response)\n_ _ _ _ _ _ _ _ _ _ _ _ _ _ _ _ _ _ _ _ _ _ _ _ _ _ _ _ _ _ _ _ _ _ _ _ _ _ _ _ _ _ _ _ _ _ _ _ _ _ _ _ _ _ _ _ _ _ _ _ _ _ _ _ _ _ _ _ _ _ _ _ _ _ _ _ _ _ _ _ _ _ _ _\n\nself = &amp;lt;selenium.webdriver.remote.errorhandler.ErrorHandler object at 0x106709de0&amp;gt;\nresponse = {&amp;#x27;status&amp;#x27;: 404, &amp;#x27;value&amp;#x27;: &amp;#x27;{&amp;quot;value&amp;quot;:{&amp;quot;error&amp;quot;:&amp;quot;no such element&amp;quot;,&amp;quot;message&amp;quot;:&amp;quot;no such element: Unable to locate element: {\\...00018bd06f94 _pthread_start + 136\\\\n16  libsystem_pthread.dylib             0x000000018bd01d34 thread_start + 8\\\\n&amp;quot;}}&amp;#x27;}\n\n    def check_response(self, response: Dict[str, Any]) -&amp;gt; None:\n        &amp;quot;&amp;quot;&amp;quot;Checks that a JSON response from the WebDriver does not have an\n        error.\n    \n        :Args:\n         - response - The JSON response from the WebDriver server as a dictionary\n           object.\n    \n        :Raises: If the response contains an error message.\n        &amp;quot;&amp;quot;&amp;quot;\n        status = response.get(&amp;quot;status&amp;quot;, None)\n        if not status or status == ErrorCode.SUCCESS:\n            return\n        value = None\n        message = response.get(&amp;quot;message&amp;quot;, &amp;quot;&amp;quot;)\n        screen: str = response.get(&amp;quot;screen&amp;quot;, &amp;quot;&amp;quot;)\n        stacktrace = None\n        if isinstance(status, int):\n            value_json = response.get(&amp;quot;value&amp;quot;, None)\n            if value_json and isinstance(value_json, str):\n                import json\n    \n                try:\n                    value = json.loads(value_json)\n                    if len(value) == 1:\n                        value = value[&amp;quot;value&amp;quot;]\n                    status = value.get(&amp;quot;error&amp;quot;, None)\n                    if not status:\n                        status = value.get(&amp;quot;status&amp;quot;, ErrorCode.UNKNOWN_ERROR)\n                        message = value.get(&amp;quot;value&amp;quot;) or value.get(&amp;quot;message&amp;quot;)\n                        if not isinstance(message, str):\n                            value = message\n                            message = message.get(&amp;quot;message&amp;quot;)\n                    else:\n                        message = value.get(&amp;quot;message&amp;quot;, None)\n                except ValueError:\n                    pass\n    \n        exception_class: Type[WebDriverException]\n        e = ErrorCode()\n        error_codes = [item for item in dir(e) if not item.startswith(&amp;quot;__&amp;quot;)]\n        for error_code in error_codes:\n            error_info = getattr(ErrorCode, error_code)\n            if isinstance(error_info, list) and status in error_info:\n                exception_class = getattr(ExceptionMapping, error_code, WebDriverException)\n                break\n        else:\n            exception_class = WebDriverException\n    \n        if not value:\n            value = response[&amp;quot;value&amp;quot;]\n        if isinstance(value, str):\n            raise exception_class(value)\n        if message == &amp;quot;&amp;quot; and &amp;quot;message&amp;quot; in value:\n            message = value[&amp;quot;message&amp;quot;]\n    \n        screen = None  # type: ignore[assignment]\n        if &amp;quot;screen&amp;quot; in value:\n            screen = value[&amp;quot;screen&amp;quot;]\n    \n        stacktrace = None\n        st_value = value.get(&amp;quot;stackTrace&amp;quot;) or value.get(&amp;quot;stacktrace&amp;quot;)\n        if st_value:\n            if isinstance(st_value, str):\n                stacktrace = st_value.split(&amp;quot;\\n&amp;quot;)\n            else:\n                stacktrace = []\n                try:\n                    for frame in st_value:\n                        line = frame.get(&amp;quot;lineNumber&amp;quot;, &amp;quot;&amp;quot;)\n                        file = frame.get(&amp;quot;fileName&amp;quot;, &amp;quot;&amp;lt;anonymous&amp;gt;&amp;quot;)\n                        if line:\n                            file = f&amp;quot;{file}:{line}&amp;quot;\n                        meth = frame.get(&amp;quot;methodName&amp;quot;, &amp;quot;&amp;lt;anonymous&amp;gt;&amp;quot;)\n                        if &amp;quot;className&amp;quot; in frame:\n                            meth = f&amp;quot;{frame[&amp;#x27;className&amp;#x27;]}.{meth}&amp;quot;\n                        msg = &amp;quot;    at %s (%s)&amp;quot;\n                        msg = msg % (meth, file)\n                        stacktrace.append(msg)\n                except TypeError:\n                    pass\n        if exception_class == UnexpectedAlertPresentException:\n            alert_text = None\n            if &amp;quot;data&amp;quot; in value:\n                alert_text = value[&amp;quot;data&amp;quot;].get(&amp;quot;text&amp;quot;)\n            elif &amp;quot;alert&amp;quot; in value:\n                alert_text = value[&amp;quot;alert&amp;quot;].get(&amp;quot;text&amp;quot;)\n            raise exception_class(message, screen, stacktrace, alert_text)  # type: ignore[call-arg]  # mypy is not smart enough here\n&amp;gt;       raise exception_class(message, screen, stacktrace)\nE       selenium.common.exceptions.NoSuchElementException: Message: no such element: Unable to locate element: {&amp;quot;method&amp;quot;:&amp;quot;css selector&amp;quot;,&amp;quot;selector&amp;quot;:&amp;quot;[class=&amp;#x27;sc-lmHNfd hHTGNc&amp;#x27;]&amp;quot;}\nE         (Session info: chrome=127.0.6533.120); For documentation on this error, please visit: https://www.selenium.dev/documentation/webdriver/troubleshooting/errors#no-such-element-exception\nE       Stacktrace:\nE       0   chromedriver                        0x00000001007c1024 cxxbridge1$str$ptr + 1887276\nE       1   chromedriver                        0x00000001007b9700 cxxbridge1$str$ptr + 1856264\nE       2   chromedriver                        0x00000001003c882c cxxbridge1$string$len + 88524\nE       3   chromedriver                        0x000000010040c834 cxxbridge1$string$len + 367060\nE       4   chromedriver                        0x000000010044448c cxxbridge1$string$len + 595500\nE       5   chromedriver                        0x0000000100401474 cxxbridge1$string$len + 321044\nE       6   chromedriver                        0x00000001004020e4 cxxbridge1$string$len + 324228\nE       7   chromedriver                        0x0000000100788a08 cxxbridge1$str$ptr + 1656336\nE       8   chromedriver                        0x000000010078d464 cxxbridge1$str$ptr + 1675372\nE       9   chromedriver                        0x000000010076e8ec cxxbridge1$str$ptr + 1549556\nE       10  chromedriver                        0x000000010078dc14 cxxbridge1$str$ptr + 1677340\nE       11  chromedriver                        0x00000001007605fc cxxbridge1$str$ptr + 1491460\nE       12  chromedriver                        0x00000001007aaa5c cxxbridge1$str$ptr + 1795684\nE       13  chromedriver                        0x00000001007aabd8 cxxbridge1$str$ptr + 1796064\nE       14  chromedriver                        0x00000001007b9334 cxxbridge1$str$ptr + 1855292\nE       15  libsystem_pthread.dylib             0x000000018bd06f94 _pthread_start + 136\nE       16  libsystem_pthread.dylib             0x000000018bd01d34 thread_start + 8\n\n../../Library/Python/3.10/lib/python/site-packages/selenium/webdriver/remote/errorhandler.py:229: NoSuchElementException\n\nDuring handling of the above exception, another exception occurred:\n\nself = &amp;lt;Test.test_E2E.TestEmbibe object at 0x106728a60&amp;gt;\n\n    @pytest.mark.usefixtures(&amp;quot;setup&amp;quot;)\n    def test_signIn_mobile(self):\n        log = self.getLogger()\n        login = signIn_up(self.driver)\n&amp;gt;       login.sign_in_with_mobile()\n\nTest/test_E2E.py:25: \n_ _ _ _ _ _ _ _ _ _ _ _ _ _ _ _ _ _ _ _ _ _ _ _ _ _ _ _ _ _ _ _ _ _ _ _ _ _ _ _ _ _ _ _ _ _ _ _ _ _ _ _ _ _ _ _ _ _ _ _ _ _ _ _ _ _ _ _ _ _ _ _ _ _ _ _ _ _ _ _ _ _ _ _\n\nself = &amp;lt;PageObject.signUp_signIn.signIn_up object at 0x106709c60&amp;gt;\n\n    def sign_in_with_mobile(self):\n        self.driver.find_element(*signIn_up.get_started).click()\n        self.driver.find_element( *signIn_up.email_field).send_keys(self.mobile_num)\n        self.driver.find_element(*signIn_up.enter_using_password).click()\n        self.driver.find_element(*signIn_up.password_field).send_keys(self.mobile_password)\n        self.driver.find_element(*signIn_up.proceed_btn).click()\n        self.driver.find_element(*signIn_up.learn_module).click()\n        try :\n            embium_icon = self.driver.find_element(*signIn_up.embium_icon)\n            embium_icon.is_displayed()\n            signIn_up.log.info(&amp;quot;Embium Icon is present&amp;quot;)\n        except Exception as e:\n&amp;gt;           print(signIn_up.log.error(e))\nE           AttributeError: type object &amp;#x27;signIn_up&amp;#x27; has no attribute &amp;#x27;log&amp;#x27;\n\nPageObject/signUp_signIn.py:46: AttributeError\n&#34;}], &#34;Test/test_E2E.py::TestEmbibe::test_signIn_email&#34;: [{&#34;extras&#34;: [{&#34;name&#34;: null, &#34;format_type&#34;: &#34;html&#34;, &#34;content&#34;: &#34;&lt;div&gt;&lt;img src=\&#34;Test/test_E2E.py_TestEmbibe_test_signIn_email.png\&#34; alt=\&#34;screenshot\&#34; style=\&#34;width:304px;height:228px;\&#34; onclick=\&#34;window.open(this.src)\&#34; align=\&#34;right\&#34;/&gt;&lt;/div&gt;&#34;, &#34;mime_type&#34;: null, &#34;extension&#34;: null}], &#34;result&#34;: &#34;Failed&#34;, &#34;testId&#34;: &#34;Test/test_E2E.py::TestEmbibe::test_signIn_email&#34;, &#34;duration&#34;: &#34;00:00:23&#34;, &#34;resultsTableRow&#34;: [&#34;&lt;td class=\&#34;col-result\&#34;&gt;Failed&lt;/td&gt;&#34;, &#34;&lt;td class=\&#34;col-testId\&#34;&gt;Test/test_E2E.py::TestEmbibe::test_signIn_email&lt;/td&gt;&#34;, &#34;&lt;td class=\&#34;col-duration\&#34;&gt;00:00:23&lt;/td&gt;&#34;, &#34;&lt;td class=\&#34;col-links\&#34;&gt;&lt;/td&gt;&#34;], &#34;log&#34;: &#34;self = &amp;lt;PageObject.signUp_signIn.signIn_up object at 0x105a172b0&amp;gt;\n\n    def sign_in_with_email(self):\n        self.driver.find_element(*signIn_up.get_started).click()\n        self.driver.find_element(*signIn_up.email_field).send_keys(self.email_id)\n        self.driver.find_element(*signIn_up.enter_using_password).click()\n        self.driver.find_element(*signIn_up.password_field).send_keys(self.email_password)\n        self.driver.find_element(*signIn_up.proceed_btn).click()\n        self.driver.find_element(*signIn_up.learn_module).click()\n        try :\n&amp;gt;           embium_icon = self.driver.find_element(*signIn_up.embium_icon)\n\nPageObject/signUp_signIn.py:58: \n_ _ _ _ _ _ _ _ _ _ _ _ _ _ _ _ _ _ _ _ _ _ _ _ _ _ _ _ _ _ _ _ _ _ _ _ _ _ _ _ _ _ _ _ _ _ _ _ _ _ _ _ _ _ _ _ _ _ _ _ _ _ _ _ _ _ _ _ _ _ _ _ _ _ _ _ _ _ _ _ _ _ _ _\n../../Library/Python/3.10/lib/python/site-packages/selenium/webdriver/remote/webdriver.py:741: in find_element\n    return self.execute(Command.FIND_ELEMENT, {&amp;quot;using&amp;quot;: by, &amp;quot;value&amp;quot;: value})[&amp;quot;value&amp;quot;]\n../../Library/Python/3.10/lib/python/site-packages/selenium/webdriver/remote/webdriver.py:347: in execute\n    self.error_handler.check_response(response)\n_ _ _ _ _ _ _ _ _ _ _ _ _ _ _ _ _ _ _ _ _ _ _ _ _ _ _ _ _ _ _ _ _ _ _ _ _ _ _ _ _ _ _ _ _ _ _ _ _ _ _ _ _ _ _ _ _ _ _ _ _ _ _ _ _ _ _ _ _ _ _ _ _ _ _ _ _ _ _ _ _ _ _ _\n\nself = &amp;lt;selenium.webdriver.remote.errorhandler.ErrorHandler object at 0x105a17100&amp;gt;\nresponse = {&amp;#x27;status&amp;#x27;: 404, &amp;#x27;value&amp;#x27;: &amp;#x27;{&amp;quot;value&amp;quot;:{&amp;quot;error&amp;quot;:&amp;quot;no such element&amp;quot;,&amp;quot;message&amp;quot;:&amp;quot;no such element: Unable to locate element: {\\...00018bd06f94 _pthread_start + 136\\\\n16  libsystem_pthread.dylib             0x000000018bd01d34 thread_start + 8\\\\n&amp;quot;}}&amp;#x27;}\n\n    def check_response(self, response: Dict[str, Any]) -&amp;gt; None:\n        &amp;quot;&amp;quot;&amp;quot;Checks that a JSON response from the WebDriver does not have an\n        error.\n    \n        :Args:\n         - response - The JSON response from the WebDriver server as a dictionary\n           object.\n    \n        :Raises: If the response contains an error message.\n        &amp;quot;&amp;quot;&amp;quot;\n        status = response.get(&amp;quot;status&amp;quot;, None)\n        if not status or status == ErrorCode.SUCCESS:\n            return\n        value = None\n        message = response.get(&amp;quot;message&amp;quot;, &amp;quot;&amp;quot;)\n        screen: str = response.get(&amp;quot;screen&amp;quot;, &amp;quot;&amp;quot;)\n        stacktrace = None\n        if isinstance(status, int):\n            value_json = response.get(&amp;quot;value&amp;quot;, None)\n            if value_json and isinstance(value_json, str):\n                import json\n    \n                try:\n                    value = json.loads(value_json)\n                    if len(value) == 1:\n                        value = value[&amp;quot;value&amp;quot;]\n                    status = value.get(&amp;quot;error&amp;quot;, None)\n                    if not status:\n                        status = value.get(&amp;quot;status&amp;quot;, ErrorCode.UNKNOWN_ERROR)\n                        message = value.get(&amp;quot;value&amp;quot;) or value.get(&amp;quot;message&amp;quot;)\n                        if not isinstance(message, str):\n                            value = message\n                            message = message.get(&amp;quot;message&amp;quot;)\n                    else:\n                        message = value.get(&amp;quot;message&amp;quot;, None)\n                except ValueError:\n                    pass\n    \n        exception_class: Type[WebDriverException]\n        e = ErrorCode()\n        error_codes = [item for item in dir(e) if not item.startswith(&amp;quot;__&amp;quot;)]\n        for error_code in error_codes:\n            error_info = getattr(ErrorCode, error_code)\n            if isinstance(error_info, list) and status in error_info:\n                exception_class = getattr(ExceptionMapping, error_code, WebDriverException)\n                break\n        else:\n            exception_class = WebDriverException\n    \n        if not value:\n            value = response[&amp;quot;value&amp;quot;]\n        if isinstance(value, str):\n            raise exception_class(value)\n        if message == &amp;quot;&amp;quot; and &amp;quot;message&amp;quot; in value:\n            message = value[&amp;quot;message&amp;quot;]\n    \n        screen = None  # type: ignore[assignment]\n        if &amp;quot;screen&amp;quot; in value:\n            screen = value[&amp;quot;screen&amp;quot;]\n    \n        stacktrace = None\n        st_value = value.get(&amp;quot;stackTrace&amp;quot;) or value.get(&amp;quot;stacktrace&amp;quot;)\n        if st_value:\n            if isinstance(st_value, str):\n                stacktrace = st_value.split(&amp;quot;\\n&amp;quot;)\n            else:\n                stacktrace = []\n                try:\n                    for frame in st_value:\n                        line = frame.get(&amp;quot;lineNumber&amp;quot;, &amp;quot;&amp;quot;)\n                        file = frame.get(&amp;quot;fileName&amp;quot;, &amp;quot;&amp;lt;anonymous&amp;gt;&amp;quot;)\n                        if line:\n                            file = f&amp;quot;{file}:{line}&amp;quot;\n                        meth = frame.get(&amp;quot;methodName&amp;quot;, &amp;quot;&amp;lt;anonymous&amp;gt;&amp;quot;)\n                        if &amp;quot;className&amp;quot; in frame:\n                            meth = f&amp;quot;{frame[&amp;#x27;className&amp;#x27;]}.{meth}&amp;quot;\n                        msg = &amp;quot;    at %s (%s)&amp;quot;\n                        msg = msg % (meth, file)\n                        stacktrace.append(msg)\n                except TypeError:\n                    pass\n        if exception_class == UnexpectedAlertPresentException:\n            alert_text = None\n            if &amp;quot;data&amp;quot; in value:\n                alert_text = value[&amp;quot;data&amp;quot;].get(&amp;quot;text&amp;quot;)\n            elif &amp;quot;alert&amp;quot; in value:\n                alert_text = value[&amp;quot;alert&amp;quot;].get(&amp;quot;text&amp;quot;)\n            raise exception_class(message, screen, stacktrace, alert_text)  # type: ignore[call-arg]  # mypy is not smart enough here\n&amp;gt;       raise exception_class(message, screen, stacktrace)\nE       selenium.common.exceptions.NoSuchElementException: Message: no such element: Unable to locate element: {&amp;quot;method&amp;quot;:&amp;quot;css selector&amp;quot;,&amp;quot;selector&amp;quot;:&amp;quot;[class=&amp;#x27;sc-lmHNfd hHTGNc&amp;#x27;]&amp;quot;}\nE         (Session info: chrome=127.0.6533.120); For documentation on this error, please visit: https://www.selenium.dev/documentation/webdriver/troubleshooting/errors#no-such-element-exception\nE       Stacktrace:\nE       0   chromedriver                        0x0000000102e45024 cxxbridge1$str$ptr + 1887276\nE       1   chromedriver                        0x0000000102e3d700 cxxbridge1$str$ptr + 1856264\nE       2   chromedriver                        0x0000000102a4c82c cxxbridge1$string$len + 88524\nE       3   chromedriver                        0x0000000102a90834 cxxbridge1$string$len + 367060\nE       4   chromedriver                        0x0000000102ac848c cxxbridge1$string$len + 595500\nE       5   chromedriver                        0x0000000102a85474 cxxbridge1$string$len + 321044\nE       6   chromedriver                        0x0000000102a860e4 cxxbridge1$string$len + 324228\nE       7   chromedriver                        0x0000000102e0ca08 cxxbridge1$str$ptr + 1656336\nE       8   chromedriver                        0x0000000102e11464 cxxbridge1$str$ptr + 1675372\nE       9   chromedriver                        0x0000000102df28ec cxxbridge1$str$ptr + 1549556\nE       10  chromedriver                        0x0000000102e11c14 cxxbridge1$str$ptr + 1677340\nE       11  chromedriver                        0x0000000102de45fc cxxbridge1$str$ptr + 1491460\nE       12  chromedriver                        0x0000000102e2ea5c cxxbridge1$str$ptr + 1795684\nE       13  chromedriver                        0x0000000102e2ebd8 cxxbridge1$str$ptr + 1796064\nE       14  chromedriver                        0x0000000102e3d334 cxxbridge1$str$ptr + 1855292\nE       15  libsystem_pthread.dylib             0x000000018bd06f94 _pthread_start + 136\nE       16  libsystem_pthread.dylib             0x000000018bd01d34 thread_start + 8\n\n../../Library/Python/3.10/lib/python/site-packages/selenium/webdriver/remote/errorhandler.py:229: NoSuchElementException\n\nDuring handling of the above exception, another exception occurred:\n\nself = &amp;lt;Test.test_E2E.TestEmbibe object at 0x106728880&amp;gt;\n\n    @pytest.mark.usefixtures(&amp;quot;setup&amp;quot;)\n    def test_signIn_email(self):\n        log = self.getLogger()\n        login = signIn_up(self.driver)\n&amp;gt;       login.sign_in_with_email()\n\nTest/test_E2E.py:32: \n_ _ _ _ _ _ _ _ _ _ _ _ _ _ _ _ _ _ _ _ _ _ _ _ _ _ _ _ _ _ _ _ _ _ _ _ _ _ _ _ _ _ _ _ _ _ _ _ _ _ _ _ _ _ _ _ _ _ _ _ _ _ _ _ _ _ _ _ _ _ _ _ _ _ _ _ _ _ _ _ _ _ _ _\n\nself = &amp;lt;PageObject.signUp_signIn.signIn_up object at 0x105a172b0&amp;gt;\n\n    def sign_in_with_email(self):\n        self.driver.find_element(*signIn_up.get_started).click()\n        self.driver.find_element(*signIn_up.email_field).send_keys(self.email_id)\n        self.driver.find_element(*signIn_up.enter_using_password).click()\n        self.driver.find_element(*signIn_up.password_field).send_keys(self.email_password)\n        self.driver.find_element(*signIn_up.proceed_btn).click()\n        self.driver.find_element(*signIn_up.learn_module).click()\n        try :\n            embium_icon = self.driver.find_element(*signIn_up.embium_icon)\n            embium_icon.is_displayed()\n            signIn_up.log.info(&amp;quot;Embium Icon is present&amp;quot;)\n        except Exception as e:\n&amp;gt;           print(signIn_up.log.error(e))\nE           AttributeError: type object &amp;#x27;signIn_up&amp;#x27; has no attribute &amp;#x27;log&amp;#x27;\n\nPageObject/signUp_signIn.py:62: AttributeError\n&#34;}], &#34;Test/test_E2E.py::TestEmbibe::test_play_subject_hero_banner&#34;: [{&#34;extras&#34;: [], &#34;result&#34;: &#34;XPassed&#34;, &#34;testId&#34;: &#34;Test/test_E2E.py::TestEmbibe::test_play_subject_hero_banner&#34;, &#34;duration&#34;: &#34;00:00:59&#34;, &#34;resultsTableRow&#34;: [&#34;&lt;td class=\&#34;col-result\&#34;&gt;XPassed&lt;/td&gt;&#34;, &#34;&lt;td class=\&#34;col-testId\&#34;&gt;Test/test_E2E.py::TestEmbibe::test_play_subject_hero_banner&lt;/td&gt;&#34;, &#34;&lt;td class=\&#34;col-duration\&#34;&gt;00:00:59&lt;/td&gt;&#34;, &#34;&lt;td class=\&#34;col-links\&#34;&gt;&lt;/td&gt;&#34;], &#34;log&#34;: &#34;------------------------------ Captured log call -------------------------------\nINFO     test_sign_in_password:test_E2E.py:19 Testcase: Sign in with Password\nINFO     test_play_subject_hero_banner:test_E2E.py:42 Testcase: Playing Subject Hero Banner Videos\n\n&#34;}], &#34;Test/test_E2E.py::TestEmbibe::test_Banner_belongs_to_the_current_exam&#34;: [{&#34;extras&#34;: [{&#34;name&#34;: null, &#34;format_type&#34;: &#34;html&#34;, &#34;content&#34;: &#34;&lt;div&gt;&lt;img src=\&#34;Test/test_E2E.py_TestEmbibe_test_Banner_belongs_to_the_current_exam.png\&#34; alt=\&#34;screenshot\&#34; style=\&#34;width:304px;height:228px;\&#34; onclick=\&#34;window.open(this.src)\&#34; align=\&#34;right\&#34;/&gt;&lt;/div&gt;&#34;, &#34;mime_type&#34;: null, &#34;extension&#34;: null}], &#34;result&#34;: &#34;XFailed&#34;, &#34;testId&#34;: &#34;Test/test_E2E.py::TestEmbibe::test_Banner_belongs_to_the_current_exam&#34;, &#34;duration&#34;: &#34;00:00:05&#34;, &#34;resultsTableRow&#34;: [&#34;&lt;td class=\&#34;col-result\&#34;&gt;XFailed&lt;/td&gt;&#34;, &#34;&lt;td class=\&#34;col-testId\&#34;&gt;Test/test_E2E.py::TestEmbibe::test_Banner_belongs_to_the_current_exam&lt;/td&gt;&#34;, &#34;&lt;td class=\&#34;col-duration\&#34;&gt;00:00:05&lt;/td&gt;&#34;, &#34;&lt;td class=\&#34;col-links\&#34;&gt;&lt;/td&gt;&#34;], &#34;log&#34;: &#34;self = &amp;lt;Test.test_E2E.TestEmbibe object at 0x106728430&amp;gt;\n\n    @pytest.mark.usefixtures(&amp;quot;setup&amp;quot;)\n    @pytest.mark.xfail\n    def test_Banner_belongs_to_the_current_exam(self):\n        log = self.getLogger()\n        self.test_sign_in_password()\n        learn = LearnHomePage(self.driver)\n&amp;gt;       learn.Banner_belongs_to_the_current_exam()\n\nTest/test_E2E.py:50: \n_ _ _ _ _ _ _ _ _ _ _ _ _ _ _ _ _ _ _ _ _ _ _ _ _ _ _ _ _ _ _ _ _ _ _ _ _ _ _ _ _ _ _ _ _ _ _ _ _ _ _ _ _ _ _ _ _ _ _ _ _ _ _ _ _ _ _ _ _ _ _ _ _ _ _ _ _ _ _ _ _ _ _ _\n\nself = &amp;lt;PageObject.learn_home_page.LearnHomePage object at 0x1066f17e0&amp;gt;\n\n    def Banner_belongs_to_the_current_exam(self):\n    \n            self.driver.find_element(*LearnHomePage.learn_module).click()\n            self.driver.find_element(*LearnHomePage.hero_button).is_displayed()\n            total_subject = self.driver.find_elements(*LearnHomePage.subject_buttons)\n            count = len(total_subject)\n            for i in range(0, count - 2):\n                self.driver.find_element(By.CSS_SELECTOR, &amp;quot;[id=&amp;#x27;sub&amp;quot; + str(i) + &amp;quot;&amp;#x27;]&amp;quot;).click()\n                self.driver.refresh()\n                subname = self.driver.find_element(By.CSS_SELECTOR, &amp;quot;[id=&amp;#x27;sub&amp;quot; + str(i) + &amp;quot;&amp;#x27;]&amp;quot;).text\n                hero_banner_subject = self.driver.find_element(*LearnHomePage.hero_banner_sub).text\n                print(subname, hero_banner_subject)\n                assert subname.casefold() == hero_banner_subject.casefold(), &amp;quot;Assertion failed: subname is not equal to hero_banner_subject&amp;quot;\n    \n    \n&amp;gt;           self.driver.find_element(*LearnHomePage.last_subject_button).click()\nE           AttributeError: type object &amp;#x27;LearnHomePage&amp;#x27; has no attribute &amp;#x27;last_subject_button&amp;#x27;. Did you mean: &amp;#x27;subject_buttons&amp;#x27;?\n\nPageObject/learn_home_page.py:101: AttributeError\n\n----------------------------- Captured stdout call -----------------------------\nPHYSICS Physics\nCHEMISTRY Chemistry\n\n------------------------------ Captured log call -------------------------------\nINFO     test_sign_in_password:test_E2E.py:19 Testcase: Sign in with Password\n\n&#34;}], &#34;Test/test_E2E.py::TestEmbibe::test_same_exam_subject_button_is_present_in_LPT_Modules&#34;: [{&#34;extras&#34;: [], &#34;result&#34;: &#34;Passed&#34;, &#34;testId&#34;: &#34;Test/test_E2E.py::TestEmbibe::test_same_exam_subject_button_is_present_in_LPT_Modules&#34;, &#34;duration&#34;: &#34;00:00:04&#34;, &#34;resultsTableRow&#34;: [&#34;&lt;td class=\&#34;col-result\&#34;&gt;Passed&lt;/td&gt;&#34;, &#34;&lt;td class=\&#34;col-testId\&#34;&gt;Test/test_E2E.py::TestEmbibe::test_same_exam_subject_button_is_present_in_LPT_Modules&lt;/td&gt;&#34;, &#34;&lt;td class=\&#34;col-duration\&#34;&gt;00:00:04&lt;/td&gt;&#34;, &#34;&lt;td class=\&#34;col-links\&#34;&gt;&lt;/td&gt;&#34;], &#34;log&#34;: &#34;------------------------------ Captured log call -------------------------------\nINFO     test_sign_in_password:test_E2E.py:19 Testcase: Sign in with Password\nINFO     test_same_exam_subject_button_is_present_in_LPT_Modules:test_E2E.py:59 Testcase: Same Exam Subjects button is present in Learn,Practice, Test Module\n\n&#34;}], &#34;Test/test_E2E.py::TestEmbibe::test_click_each_module_Tab_is_navigating_to_its_module&#34;: [{&#34;extras&#34;: [], &#34;result&#34;: &#34;Passed&#34;, &#34;testId&#34;: &#34;Test/test_E2E.py::TestEmbibe::test_click_each_module_Tab_is_navigating_to_its_module&#34;, &#34;duration&#34;: &#34;00:00:04&#34;, &#34;resultsTableRow&#34;: [&#34;&lt;td class=\&#34;col-result\&#34;&gt;Passed&lt;/td&gt;&#34;, &#34;&lt;td class=\&#34;col-testId\&#34;&gt;Test/test_E2E.py::TestEmbibe::test_click_each_module_Tab_is_navigating_to_its_module&lt;/td&gt;&#34;, &#34;&lt;td class=\&#34;col-duration\&#34;&gt;00:00:04&lt;/td&gt;&#34;, &#34;&lt;td class=\&#34;col-links\&#34;&gt;&lt;/td&gt;&#34;], &#34;log&#34;: &#34;------------------------------ Captured log call -------------------------------\nINFO     test_sign_in_password:test_E2E.py:19 Testcase: Sign in with Password\nINFO     test_click_each_module_Tab_is_navigating_to_its_module:test_E2E.py:67 Testcase: User is redirected to relevant screen on clicking on Learn/Practice/Test/Achieve/UserHome Tab\n\n&#34;}], &#34;Test/test_E2E.py::TestEmbibe::test_enrich_your_learning_carousel&#34;: [{&#34;extras&#34;: [], &#34;result&#34;: &#34;Passed&#34;, &#34;testId&#34;: &#34;Test/test_E2E.py::TestEmbibe::test_enrich_your_learning_carousel&#34;, &#34;duration&#34;: &#34;00:02:21&#34;, &#34;resultsTableRow&#34;: [&#34;&lt;td class=\&#34;col-result\&#34;&gt;Passed&lt;/td&gt;&#34;, &#34;&lt;td class=\&#34;col-testId\&#34;&gt;Test/test_E2E.py::TestEmbibe::test_enrich_your_learning_carousel&lt;/td&gt;&#34;, &#34;&lt;td class=\&#34;col-duration\&#34;&gt;00:02:21&lt;/td&gt;&#34;, &#34;&lt;td class=\&#34;col-links\&#34;&gt;&lt;/td&gt;&#34;], &#34;log&#34;: &#34;------------------------------ Captured log call -------------------------------\nINFO     test_sign_in_password:test_E2E.py:19 Testcase: Sign in with Password\nINFO     test_enrich_your_learning_carousel:test_E2E.py:75 Testcase: Verify Enrich Your Learning carousel is present and no issues in video player\n\n&#34;}], &#34;Test/test_E2E.py::TestEmbibe::test_bookmark_videos&#34;: [{&#34;extras&#34;: [], &#34;result&#34;: &#34;Passed&#34;, &#34;testId&#34;: &#34;Test/test_E2E.py::TestEmbibe::test_bookmark_videos&#34;, &#34;duration&#34;: &#34;00:00:07&#34;, &#34;resultsTableRow&#34;: [&#34;&lt;td class=\&#34;col-result\&#34;&gt;Passed&lt;/td&gt;&#34;, &#34;&lt;td class=\&#34;col-testId\&#34;&gt;Test/test_E2E.py::TestEmbibe::test_bookmark_videos&lt;/td&gt;&#34;, &#34;&lt;td class=\&#34;col-duration\&#34;&gt;00:00:07&lt;/td&gt;&#34;, &#34;&lt;td class=\&#34;col-links\&#34;&gt;&lt;/td&gt;&#34;], &#34;log&#34;: &#34;----------------------------- Captured stdout call -----------------------------\nBookmark\nBookmarked\nVideo is already bookmarked\n\n------------------------------ Captured log call -------------------------------\nINFO     test_sign_in_password:test_E2E.py:19 Testcase: Sign in with Password\nINFO     test_bookmark_videos:test_E2E.py:83 Testcase: Verify user is able to Bookmark the video\n\n&#34;}], &#34;Test/test_E2E.py::TestEmbibe::test_learn_embibe_big_books&#34;: [{&#34;extras&#34;: [], &#34;result&#34;: &#34;Passed&#34;, &#34;testId&#34;: &#34;Test/test_E2E.py::TestEmbibe::test_learn_embibe_big_books&#34;, &#34;duration&#34;: &#34;00:00:40&#34;, &#34;resultsTableRow&#34;: [&#34;&lt;td class=\&#34;col-result\&#34;&gt;Passed&lt;/td&gt;&#34;, &#34;&lt;td class=\&#34;col-testId\&#34;&gt;Test/test_E2E.py::TestEmbibe::test_learn_embibe_big_books&lt;/td&gt;&#34;, &#34;&lt;td class=\&#34;col-duration\&#34;&gt;00:00:40&lt;/td&gt;&#34;, &#34;&lt;td class=\&#34;col-links\&#34;&gt;&lt;/td&gt;&#34;], &#34;log&#34;: &#34;------------------------------ Captured log call -------------------------------\nINFO     test_sign_in_password:test_E2E.py:19 Testcase: Sign in with Password\nINFO     test_learn_embibe_big_books:test_E2E.py:91 Testcase: Verify Embibe Big Books - &amp;lt;Subject&amp;gt; carousel is present and no issues in video player\n\n&#34;}], &#34;Test/test_E2E.py::TestEmbibe::test_learn_select_chapter_topics_in_author_books&#34;: [{&#34;extras&#34;: [], &#34;result&#34;: &#34;Passed&#34;, &#34;testId&#34;: &#34;Test/test_E2E.py::TestEmbibe::test_learn_select_chapter_topics_in_author_books&#34;, &#34;duration&#34;: &#34;00:00:36&#34;, &#34;resultsTableRow&#34;: [&#34;&lt;td class=\&#34;col-result\&#34;&gt;Passed&lt;/td&gt;&#34;, &#34;&lt;td class=\&#34;col-testId\&#34;&gt;Test/test_E2E.py::TestEmbibe::test_learn_select_chapter_topics_in_author_books&lt;/td&gt;&#34;, &#34;&lt;td class=\&#34;col-duration\&#34;&gt;00:00:36&lt;/td&gt;&#34;, &#34;&lt;td class=\&#34;col-links\&#34;&gt;&lt;/td&gt;&#34;], &#34;log&#34;: &#34;------------------------------ Captured log call -------------------------------\nINFO     test_sign_in_password:test_E2E.py:19 Testcase: Sign in with Password\nINFO     test_learn_select_chapter_topics_in_author_books:test_E2E.py:99 Testcase: Verify User is able to select Chapters in the Author Books\nINFO     test_learn_select_chapter_topics_in_author_books:test_E2E.py:100 Testcase: Verify User is able to select Topics in the Author Books\n\n&#34;}], &#34;Test/test_E2E.py::TestEmbibe::test_learn_cheat_sheet_present_in_author_books&#34;: [{&#34;extras&#34;: [], &#34;result&#34;: &#34;Passed&#34;, &#34;testId&#34;: &#34;Test/test_E2E.py::TestEmbibe::test_learn_cheat_sheet_present_in_author_books&#34;, &#34;duration&#34;: &#34;00:00:29&#34;, &#34;resultsTableRow&#34;: [&#34;&lt;td class=\&#34;col-result\&#34;&gt;Passed&lt;/td&gt;&#34;, &#34;&lt;td class=\&#34;col-testId\&#34;&gt;Test/test_E2E.py::TestEmbibe::test_learn_cheat_sheet_present_in_author_books&lt;/td&gt;&#34;, &#34;&lt;td class=\&#34;col-duration\&#34;&gt;00:00:29&lt;/td&gt;&#34;, &#34;&lt;td class=\&#34;col-links\&#34;&gt;&lt;/td&gt;&#34;], &#34;log&#34;: &#34;----------------------------- Captured stdout call -----------------------------\nNo Books with videos and solutions\n\n------------------------------ Captured log call -------------------------------\nINFO     test_sign_in_password:test_E2E.py:19 Testcase: Sign in with Password\nINFO     test_learn_cheat_sheet_present_in_author_books:test_E2E.py:108 Testcase: Verify Cheat Sheet is present in the Author Books\n\n&#34;}], &#34;Test/test_E2E.py::TestEmbibe::test_sub_embibe_explainers_carousel&#34;: [{&#34;extras&#34;: [], &#34;result&#34;: &#34;Passed&#34;, &#34;testId&#34;: &#34;Test/test_E2E.py::TestEmbibe::test_sub_embibe_explainers_carousel&#34;, &#34;duration&#34;: &#34;00:04:51&#34;, &#34;resultsTableRow&#34;: [&#34;&lt;td class=\&#34;col-result\&#34;&gt;Passed&lt;/td&gt;&#34;, &#34;&lt;td class=\&#34;col-testId\&#34;&gt;Test/test_E2E.py::TestEmbibe::test_sub_embibe_explainers_carousel&lt;/td&gt;&#34;, &#34;&lt;td class=\&#34;col-duration\&#34;&gt;00:04:51&lt;/td&gt;&#34;, &#34;&lt;td class=\&#34;col-links\&#34;&gt;&lt;/td&gt;&#34;], &#34;log&#34;: &#34;----------------------------- Captured stdout call -----------------------------\n4\n\n------------------------------ Captured log call -------------------------------\nINFO     test_sign_in_password:test_E2E.py:19 Testcase: Sign in with Password\nINFO     test_sub_embibe_explainers_carousel:test_E2E.py:116 Testcase: Verify Embibe Explainers carousel is present in Subject filter and no issues in video player\n\n&#34;}], &#34;Test/test_E2E.py::TestEmbibe::test_sub_trending_videos_carousel&#34;: [{&#34;extras&#34;: [], &#34;result&#34;: &#34;Passed&#34;, &#34;testId&#34;: &#34;Test/test_E2E.py::TestEmbibe::test_sub_trending_videos_carousel&#34;, &#34;duration&#34;: &#34;00:06:60&#34;, &#34;resultsTableRow&#34;: [&#34;&lt;td class=\&#34;col-result\&#34;&gt;Passed&lt;/td&gt;&#34;, &#34;&lt;td class=\&#34;col-testId\&#34;&gt;Test/test_E2E.py::TestEmbibe::test_sub_trending_videos_carousel&lt;/td&gt;&#34;, &#34;&lt;td class=\&#34;col-duration\&#34;&gt;00:06:60&lt;/td&gt;&#34;, &#34;&lt;td class=\&#34;col-links\&#34;&gt;&lt;/td&gt;&#34;], &#34;log&#34;: &#34;------------------------------ Captured log call -------------------------------\nINFO     test_sign_in_password:test_E2E.py:19 Testcase: Sign in with Password\nINFO     test_sub_trending_videos_carousel:test_E2E.py:124 Testcase: Verify Trending Videos carousel is present\n\n&#34;}], &#34;Test/test_E2E.py::TestEmbibe::test_sub_enrich_your_learning_carousel&#34;: [{&#34;extras&#34;: [], &#34;result&#34;: &#34;Passed&#34;, &#34;testId&#34;: &#34;Test/test_E2E.py::TestEmbibe::test_sub_enrich_your_learning_carousel&#34;, &#34;duration&#34;: &#34;00:06:60&#34;, &#34;resultsTableRow&#34;: [&#34;&lt;td class=\&#34;col-result\&#34;&gt;Passed&lt;/td&gt;&#34;, &#34;&lt;td class=\&#34;col-testId\&#34;&gt;Test/test_E2E.py::TestEmbibe::test_sub_enrich_your_learning_carousel&lt;/td&gt;&#34;, &#34;&lt;td class=\&#34;col-duration\&#34;&gt;00:06:60&lt;/td&gt;&#34;, &#34;&lt;td class=\&#34;col-links\&#34;&gt;&lt;/td&gt;&#34;], &#34;log&#34;: &#34;------------------------------ Captured log call -------------------------------\nINFO     test_sign_in_password:test_E2E.py:19 Testcase: Sign in with Password\nINFO     test_sub_enrich_your_learning_carousel:test_E2E.py:132 Testcase: Verify Enrich Your Learning In &amp;lt;Subject&amp;gt; carousel is present\n\n&#34;}], &#34;Test/test_E2E.py::TestEmbibe::test_sub_books_with_videos_and_solutions_carousel&#34;: [{&#34;extras&#34;: [], &#34;result&#34;: &#34;Passed&#34;, &#34;testId&#34;: &#34;Test/test_E2E.py::TestEmbibe::test_sub_books_with_videos_and_solutions_carousel&#34;, &#34;duration&#34;: &#34;00:01:54&#34;, &#34;resultsTableRow&#34;: [&#34;&lt;td class=\&#34;col-result\&#34;&gt;Passed&lt;/td&gt;&#34;, &#34;&lt;td class=\&#34;col-testId\&#34;&gt;Test/test_E2E.py::TestEmbibe::test_sub_books_with_videos_and_solutions_carousel&lt;/td&gt;&#34;, &#34;&lt;td class=\&#34;col-duration\&#34;&gt;00:01:54&lt;/td&gt;&#34;, &#34;&lt;td class=\&#34;col-links\&#34;&gt;&lt;/td&gt;&#34;], &#34;log&#34;: &#34;------------------------------ Captured log call -------------------------------\nINFO     test_sign_in_password:test_E2E.py:19 Testcase: Sign in with Password\nINFO     test_sub_books_with_videos_and_solutions_carousel:test_E2E.py:140 Testcase: Verify Books With Videos &amp;amp; Solutions - &amp;lt;Subject&amp;gt;\n\n&#34;}], &#34;Test/test_E2E.py::TestEmbibe::test_sub_learn_chapters&#34;: [{&#34;extras&#34;: [], &#34;result&#34;: &#34;Skipped&#34;, &#34;testId&#34;: &#34;Test/test_E2E.py::TestEmbibe::test_sub_learn_chapters::setup&#34;, &#34;duration&#34;: &#34;0 ms&#34;, &#34;resultsTableRow&#34;: [&#34;&lt;td class=\&#34;col-result\&#34;&gt;Skipped&lt;/td&gt;&#34;, &#34;&lt;td class=\&#34;col-testId\&#34;&gt;Test/test_E2E.py::TestEmbibe::test_sub_learn_chapters::setup&lt;/td&gt;&#34;, &#34;&lt;td class=\&#34;col-duration\&#34;&gt;0 ms&lt;/td&gt;&#34;, &#34;&lt;td class=\&#34;col-links\&#34;&gt;&lt;/td&gt;&#34;], &#34;log&#34;: &#34;(&amp;#x27;/Users/lekhraj/PycharmProjects/StudentApp-Web/Test/test_E2E.py&amp;#x27;, 142, &amp;#x27;Skipped: unconditional skip&amp;#x27;)\n&#34;}], &#34;Test/test_E2E.py::TestEmbibe::test_sub_big_books_carousel&#34;: [{&#34;extras&#34;: [], &#34;result&#34;: &#34;Passed&#34;, &#34;testId&#34;: &#34;Test/test_E2E.py::TestEmbibe::test_sub_big_books_carousel&#34;, &#34;duration&#34;: &#34;00:01:55&#34;, &#34;resultsTableRow&#34;: [&#34;&lt;td class=\&#34;col-result\&#34;&gt;Passed&lt;/td&gt;&#34;, &#34;&lt;td class=\&#34;col-testId\&#34;&gt;Test/test_E2E.py::TestEmbibe::test_sub_big_books_carousel&lt;/td&gt;&#34;, &#34;&lt;td class=\&#34;col-duration\&#34;&gt;00:01:55&lt;/td&gt;&#34;, &#34;&lt;td class=\&#34;col-links\&#34;&gt;&lt;/td&gt;&#34;], &#34;log&#34;: &#34;------------------------------ Captured log call -------------------------------\nINFO     test_sign_in_password:test_E2E.py:19 Testcase: Sign in with Password\nINFO     test_sub_big_books_carousel:test_E2E.py:157 Testcase: Verify Embibe Big Books - &amp;lt;Subject&amp;gt;\n\n&#34;}], &#34;Test/test_E2E.py::TestEmbibe::test_learn_continue_learning&#34;: [{&#34;extras&#34;: [], &#34;result&#34;: &#34;Passed&#34;, &#34;testId&#34;: &#34;Test/test_E2E.py::TestEmbibe::test_learn_continue_learning&#34;, &#34;duration&#34;: &#34;00:00:43&#34;, &#34;resultsTableRow&#34;: [&#34;&lt;td class=\&#34;col-result\&#34;&gt;Passed&lt;/td&gt;&#34;, &#34;&lt;td class=\&#34;col-testId\&#34;&gt;Test/test_E2E.py::TestEmbibe::test_learn_continue_learning&lt;/td&gt;&#34;, &#34;&lt;td class=\&#34;col-duration\&#34;&gt;00:00:43&lt;/td&gt;&#34;, &#34;&lt;td class=\&#34;col-links\&#34;&gt;&lt;/td&gt;&#34;], &#34;log&#34;: &#34;------------------------------ Captured log call -------------------------------\nINFO     test_learn_continue_learning:test_E2E.py:162 Test case: Playing Videos present in the Continue Learning Carousel\nINFO     test_sign_in_password:test_E2E.py:19 Testcase: Sign in with Password\n\n&#34;}], &#34;Test/test_E2E.py::TestEmbibe::test_learn_trending_videos&#34;: [{&#34;extras&#34;: [], &#34;result&#34;: &#34;Passed&#34;, &#34;testId&#34;: &#34;Test/test_E2E.py::TestEmbibe::test_learn_trending_videos&#34;, &#34;duration&#34;: &#34;00:02:04&#34;, &#34;resultsTableRow&#34;: [&#34;&lt;td class=\&#34;col-result\&#34;&gt;Passed&lt;/td&gt;&#34;, &#34;&lt;td class=\&#34;col-testId\&#34;&gt;Test/test_E2E.py::TestEmbibe::test_learn_trending_videos&lt;/td&gt;&#34;, &#34;&lt;td class=\&#34;col-duration\&#34;&gt;00:02:04&lt;/td&gt;&#34;, &#34;&lt;td class=\&#34;col-links\&#34;&gt;&lt;/td&gt;&#34;], &#34;log&#34;: &#34;------------------------------ Captured log call -------------------------------\nINFO     test_sign_in_password:test_E2E.py:19 Testcase: Sign in with Password\nINFO     test_learn_trending_videos:test_E2E.py:173 Test case: Playing  Videos present in the Trending Videos\nINFO     test_learn_trending_videos:test_E2E.py:174 Test case: Playing Videos present in the More Topic Carousel present inside Trending Videos details Page\nINFO     test_learn_trending_videos:test_E2E.py:175 Test case: Playing Videos present in the Related Videos Carousel present inside Trending Videos details Page\n\n&#34;}], &#34;Test/test_E2E.py::TestEmbibe::test_learn_embibe_explainers&#34;: [{&#34;extras&#34;: [], &#34;result&#34;: &#34;Passed&#34;, &#34;testId&#34;: &#34;Test/test_E2E.py::TestEmbibe::test_learn_embibe_explainers&#34;, &#34;duration&#34;: &#34;00:01:59&#34;, &#34;resultsTableRow&#34;: [&#34;&lt;td class=\&#34;col-result\&#34;&gt;Passed&lt;/td&gt;&#34;, &#34;&lt;td class=\&#34;col-testId\&#34;&gt;Test/test_E2E.py::TestEmbibe::test_learn_embibe_explainers&lt;/td&gt;&#34;, &#34;&lt;td class=\&#34;col-duration\&#34;&gt;00:01:59&lt;/td&gt;&#34;, &#34;&lt;td class=\&#34;col-links\&#34;&gt;&lt;/td&gt;&#34;], &#34;log&#34;: &#34;------------------------------ Captured log call -------------------------------\nINFO     test_sign_in_password:test_E2E.py:19 Testcase: Sign in with Password\nINFO     test_learn_embibe_explainers:test_E2E.py:183 Test case: Playing Videos present in the Embibe Explainers Carousel\nINFO     test_learn_embibe_explainers:test_E2E.py:184 Test case: Playing Video present in the More Topics carousel present in Embibe Explainers details Page\nINFO     test_learn_embibe_explainers:test_E2E.py:185 Test case: Playing Video present in the Related Videos carousel present in Embibe Explainers details Page\n\n&#34;}], &#34;Test/test_E2E.py::TestEmbibe::test_learn_chapter&#34;: [{&#34;extras&#34;: [], &#34;result&#34;: &#34;Passed&#34;, &#34;testId&#34;: &#34;Test/test_E2E.py::TestEmbibe::test_learn_chapter&#34;, &#34;duration&#34;: &#34;00:00:09&#34;, &#34;resultsTableRow&#34;: [&#34;&lt;td class=\&#34;col-result\&#34;&gt;Passed&lt;/td&gt;&#34;, &#34;&lt;td class=\&#34;col-testId\&#34;&gt;Test/test_E2E.py::TestEmbibe::test_learn_chapter&lt;/td&gt;&#34;, &#34;&lt;td class=\&#34;col-duration\&#34;&gt;00:00:09&lt;/td&gt;&#34;, &#34;&lt;td class=\&#34;col-links\&#34;&gt;&lt;/td&gt;&#34;], &#34;log&#34;: &#34;------------------------------ Captured log call -------------------------------\nINFO     test_sign_in_password:test_E2E.py:19 Testcase: Sign in with Password\nINFO     test_learn_chapter:test_E2E.py:193 Test case: Playing Video in the Continue Learning Carousel\nINFO     test_learn_chapter:test_E2E.py:194 Test case: Playing Video present in the All Videos carousel present in Learn Chapter Summary Page\nINFO     test_learn_chapter:test_E2E.py:195 Test case: Playing Video present in the Topic Videos carousel present in Learn Chapter Summary Page\nINFO     test_learn_chapter:test_E2E.py:196 Test case: Displaying Points to Remember  in Learn Chapter Summary Page\nINFO     test_learn_chapter:test_E2E.py:197 Test case: Playing Video present in the Prerequisite  carousel present in Learn Chapter Summary Page\n\n&#34;}], &#34;Test/test_E2E.py::TestEmbibe::test_learn_chapter_test_taking&#34;: [{&#34;extras&#34;: [], &#34;result&#34;: &#34;Passed&#34;, &#34;testId&#34;: &#34;Test/test_E2E.py::TestEmbibe::test_learn_chapter_test_taking&#34;, &#34;duration&#34;: &#34;00:00:42&#34;, &#34;resultsTableRow&#34;: [&#34;&lt;td class=\&#34;col-result\&#34;&gt;Passed&lt;/td&gt;&#34;, &#34;&lt;td class=\&#34;col-testId\&#34;&gt;Test/test_E2E.py::TestEmbibe::test_learn_chapter_test_taking&lt;/td&gt;&#34;, &#34;&lt;td class=\&#34;col-duration\&#34;&gt;00:00:42&lt;/td&gt;&#34;, &#34;&lt;td class=\&#34;col-links\&#34;&gt;&lt;/td&gt;&#34;], &#34;log&#34;: &#34;----------------------------- Captured stdout call -----------------------------\nTest already Taken\n\n------------------------------ Captured log call -------------------------------\nINFO     test_sign_in_password:test_E2E.py:19 Testcase: Sign in with Password\nINFO     test_learn_chapter_test_taking:test_E2E.py:205 Testcase: Tests on this chapter (selected) option is present \nINFO     test_learn_chapter_test_taking:test_E2E.py:206 Testcase: Tests on this chapter (select from list) option is present\n\n&#34;}], &#34;Test/test_E2E.py::TestEmbibe::test_learn_chapter_practicee_taking&#34;: [{&#34;extras&#34;: [{&#34;name&#34;: null, &#34;format_type&#34;: &#34;html&#34;, &#34;content&#34;: &#34;&lt;div&gt;&lt;img src=\&#34;Test/test_E2E.py_TestEmbibe_test_learn_chapter_practicee_taking.png\&#34; alt=\&#34;screenshot\&#34; style=\&#34;width:304px;height:228px;\&#34; onclick=\&#34;window.open(this.src)\&#34; align=\&#34;right\&#34;/&gt;&lt;/div&gt;&#34;, &#34;mime_type&#34;: null, &#34;extension&#34;: null}], &#34;result&#34;: &#34;Failed&#34;, &#34;testId&#34;: &#34;Test/test_E2E.py::TestEmbibe::test_learn_chapter_practicee_taking&#34;, &#34;duration&#34;: &#34;00:00:31&#34;, &#34;resultsTableRow&#34;: [&#34;&lt;td class=\&#34;col-result\&#34;&gt;Failed&lt;/td&gt;&#34;, &#34;&lt;td class=\&#34;col-testId\&#34;&gt;Test/test_E2E.py::TestEmbibe::test_learn_chapter_practicee_taking&lt;/td&gt;&#34;, &#34;&lt;td class=\&#34;col-duration\&#34;&gt;00:00:31&lt;/td&gt;&#34;, &#34;&lt;td class=\&#34;col-links\&#34;&gt;&lt;/td&gt;&#34;], &#34;log&#34;: &#34;self = &amp;lt;Test.test_E2E.TestEmbibe object at 0x10672a890&amp;gt;\n\n    @pytest.mark.usefixtures(&amp;quot;setup&amp;quot;)\n    def test_learn_chapter_practicee_taking(self):\n        log = self.getLogger()\n        self.test_sign_in_password()\n        php = PracticeHomePage(self.driver)\n&amp;gt;       php.practice_taking_in_learn_chapter()\n\nTest/test_E2E.py:213: \n_ _ _ _ _ _ _ _ _ _ _ _ _ _ _ _ _ _ _ _ _ _ _ _ _ _ _ _ _ _ _ _ _ _ _ _ _ _ _ _ _ _ _ _ _ _ _ _ _ _ _ _ _ _ _ _ _ _ _ _ _ _ _ _ _ _ _ _ _ _ _ _ _ _ _ _ _ _ _ _ _ _ _ _\nPageObject/practice_home_page.py:71: in practice_taking_in_learn_chapter\n    self.driver.find_element(*PracticeHomePage.learn_chapter_practice_tile).click()\n../../Library/Python/3.10/lib/python/site-packages/selenium/webdriver/remote/webdriver.py:741: in find_element\n    return self.execute(Command.FIND_ELEMENT, {&amp;quot;using&amp;quot;: by, &amp;quot;value&amp;quot;: value})[&amp;quot;value&amp;quot;]\n../../Library/Python/3.10/lib/python/site-packages/selenium/webdriver/remote/webdriver.py:347: in execute\n    self.error_handler.check_response(response)\n_ _ _ _ _ _ _ _ _ _ _ _ _ _ _ _ _ _ _ _ _ _ _ _ _ _ _ _ _ _ _ _ _ _ _ _ _ _ _ _ _ _ _ _ _ _ _ _ _ _ _ _ _ _ _ _ _ _ _ _ _ _ _ _ _ _ _ _ _ _ _ _ _ _ _ _ _ _ _ _ _ _ _ _\n\nself = &amp;lt;selenium.webdriver.remote.errorhandler.ErrorHandler object at 0x107a4b730&amp;gt;\nresponse = {&amp;#x27;status&amp;#x27;: 404, &amp;#x27;value&amp;#x27;: &amp;#x27;{&amp;quot;value&amp;quot;:{&amp;quot;error&amp;quot;:&amp;quot;no such element&amp;quot;,&amp;quot;message&amp;quot;:&amp;quot;no such element: Unable to locate element: {\\...00018bd06f94 _pthread_start + 136\\\\n16  libsystem_pthread.dylib             0x000000018bd01d34 thread_start + 8\\\\n&amp;quot;}}&amp;#x27;}\n\n    def check_response(self, response: Dict[str, Any]) -&amp;gt; None:\n        &amp;quot;&amp;quot;&amp;quot;Checks that a JSON response from the WebDriver does not have an\n        error.\n    \n        :Args:\n         - response - The JSON response from the WebDriver server as a dictionary\n           object.\n    \n        :Raises: If the response contains an error message.\n        &amp;quot;&amp;quot;&amp;quot;\n        status = response.get(&amp;quot;status&amp;quot;, None)\n        if not status or status == ErrorCode.SUCCESS:\n            return\n        value = None\n        message = response.get(&amp;quot;message&amp;quot;, &amp;quot;&amp;quot;)\n        screen: str = response.get(&amp;quot;screen&amp;quot;, &amp;quot;&amp;quot;)\n        stacktrace = None\n        if isinstance(status, int):\n            value_json = response.get(&amp;quot;value&amp;quot;, None)\n            if value_json and isinstance(value_json, str):\n                import json\n    \n                try:\n                    value = json.loads(value_json)\n                    if len(value) == 1:\n                        value = value[&amp;quot;value&amp;quot;]\n                    status = value.get(&amp;quot;error&amp;quot;, None)\n                    if not status:\n                        status = value.get(&amp;quot;status&amp;quot;, ErrorCode.UNKNOWN_ERROR)\n                        message = value.get(&amp;quot;value&amp;quot;) or value.get(&amp;quot;message&amp;quot;)\n                        if not isinstance(message, str):\n                            value = message\n                            message = message.get(&amp;quot;message&amp;quot;)\n                    else:\n                        message = value.get(&amp;quot;message&amp;quot;, None)\n                except ValueError:\n                    pass\n    \n        exception_class: Type[WebDriverException]\n        e = ErrorCode()\n        error_codes = [item for item in dir(e) if not item.startswith(&amp;quot;__&amp;quot;)]\n        for error_code in error_codes:\n            error_info = getattr(ErrorCode, error_code)\n            if isinstance(error_info, list) and status in error_info:\n                exception_class = getattr(ExceptionMapping, error_code, WebDriverException)\n                break\n        else:\n            exception_class = WebDriverException\n    \n        if not value:\n            value = response[&amp;quot;value&amp;quot;]\n        if isinstance(value, str):\n            raise exception_class(value)\n        if message == &amp;quot;&amp;quot; and &amp;quot;message&amp;quot; in value:\n            message = value[&amp;quot;message&amp;quot;]\n    \n        screen = None  # type: ignore[assignment]\n        if &amp;quot;screen&amp;quot; in value:\n            screen = value[&amp;quot;screen&amp;quot;]\n    \n        stacktrace = None\n        st_value = value.get(&amp;quot;stackTrace&amp;quot;) or value.get(&amp;quot;stacktrace&amp;quot;)\n        if st_value:\n            if isinstance(st_value, str):\n                stacktrace = st_value.split(&amp;quot;\\n&amp;quot;)\n            else:\n                stacktrace = []\n                try:\n                    for frame in st_value:\n                        line = frame.get(&amp;quot;lineNumber&amp;quot;, &amp;quot;&amp;quot;)\n                        file = frame.get(&amp;quot;fileName&amp;quot;, &amp;quot;&amp;lt;anonymous&amp;gt;&amp;quot;)\n                        if line:\n                            file = f&amp;quot;{file}:{line}&amp;quot;\n                        meth = frame.get(&amp;quot;methodName&amp;quot;, &amp;quot;&amp;lt;anonymous&amp;gt;&amp;quot;)\n                        if &amp;quot;className&amp;quot; in frame:\n                            meth = f&amp;quot;{frame[&amp;#x27;className&amp;#x27;]}.{meth}&amp;quot;\n                        msg = &amp;quot;    at %s (%s)&amp;quot;\n                        msg = msg % (meth, file)\n                        stacktrace.append(msg)\n                except TypeError:\n                    pass\n        if exception_class == UnexpectedAlertPresentException:\n            alert_text = None\n            if &amp;quot;data&amp;quot; in value:\n                alert_text = value[&amp;quot;data&amp;quot;].get(&amp;quot;text&amp;quot;)\n            elif &amp;quot;alert&amp;quot; in value:\n                alert_text = value[&amp;quot;alert&amp;quot;].get(&amp;quot;text&amp;quot;)\n            raise exception_class(message, screen, stacktrace, alert_text)  # type: ignore[call-arg]  # mypy is not smart enough here\n&amp;gt;       raise exception_class(message, screen, stacktrace)\nE       selenium.common.exceptions.NoSuchElementException: Message: no such element: Unable to locate element: {&amp;quot;method&amp;quot;:&amp;quot;xpath&amp;quot;,&amp;quot;selector&amp;quot;:&amp;quot;//body[1]/div[2]/main[1]/div[2]/div[3]/div[1]/div[1]/div[1]/div[2]/div[1]/div[1]/div[2]/div[1]/div[5]&amp;quot;}\nE         (Session info: chrome=127.0.6533.120); For documentation on this error, please visit: https://www.selenium.dev/documentation/webdriver/troubleshooting/errors#no-such-element-exception\nE       Stacktrace:\nE       0   chromedriver                        0x0000000103261024 cxxbridge1$str$ptr + 1887276\nE       1   chromedriver                        0x0000000103259700 cxxbridge1$str$ptr + 1856264\nE       2   chromedriver                        0x0000000102e6882c cxxbridge1$string$len + 88524\nE       3   chromedriver                        0x0000000102eac834 cxxbridge1$string$len + 367060\nE       4   chromedriver                        0x0000000102ee448c cxxbridge1$string$len + 595500\nE       5   chromedriver                        0x0000000102ea1474 cxxbridge1$string$len + 321044\nE       6   chromedriver                        0x0000000102ea20e4 cxxbridge1$string$len + 324228\nE       7   chromedriver                        0x0000000103228a08 cxxbridge1$str$ptr + 1656336\nE       8   chromedriver                        0x000000010322d464 cxxbridge1$str$ptr + 1675372\nE       9   chromedriver                        0x000000010320e8ec cxxbridge1$str$ptr + 1549556\nE       10  chromedriver                        0x000000010322dc14 cxxbridge1$str$ptr + 1677340\nE       11  chromedriver                        0x00000001032005fc cxxbridge1$str$ptr + 1491460\nE       12  chromedriver                        0x000000010324aa5c cxxbridge1$str$ptr + 1795684\nE       13  chromedriver                        0x000000010324abd8 cxxbridge1$str$ptr + 1796064\nE       14  chromedriver                        0x0000000103259334 cxxbridge1$str$ptr + 1855292\nE       15  libsystem_pthread.dylib             0x000000018bd06f94 _pthread_start + 136\nE       16  libsystem_pthread.dylib             0x000000018bd01d34 thread_start + 8\n\n../../Library/Python/3.10/lib/python/site-packages/selenium/webdriver/remote/errorhandler.py:229: NoSuchElementException\n\n------------------------------ Captured log call -------------------------------\nINFO     test_sign_in_password:test_E2E.py:19 Testcase: Sign in with Password\n\n&#34;}], &#34;Test/test_E2E.py::TestEmbibe::test_practicechapters&#34;: [{&#34;extras&#34;: [], &#34;result&#34;: &#34;Passed&#34;, &#34;testId&#34;: &#34;Test/test_E2E.py::TestEmbibe::test_practicechapters&#34;, &#34;duration&#34;: &#34;00:00:41&#34;, &#34;resultsTableRow&#34;: [&#34;&lt;td class=\&#34;col-result\&#34;&gt;Passed&lt;/td&gt;&#34;, &#34;&lt;td class=\&#34;col-testId\&#34;&gt;Test/test_E2E.py::TestEmbibe::test_practicechapters&lt;/td&gt;&#34;, &#34;&lt;td class=\&#34;col-duration\&#34;&gt;00:00:41&lt;/td&gt;&#34;, &#34;&lt;td class=\&#34;col-links\&#34;&gt;&lt;/td&gt;&#34;], &#34;log&#34;: &#34;------------------------------ Captured log call -------------------------------\nINFO     test_sign_in_password:test_E2E.py:19 Testcase: Sign in with Password\nINFO     test_practicechapters:test_E2E.py:221 Test case: Clicking on Practice Chapter in Practice Home\nINFO     test_practicechapters:test_E2E.py:222 Test case: Practice Now Button is displayed in the Practice Summary\nINFO     test_practicechapters:test_E2E.py:223 Test case: User is navigated to Practice Taking Screen on clicking on Practice Now button\nINFO     test_practicechapters:test_E2E.py:225 Test case: User attempts 5 questions and view Learn Intervention screen\n\n&#34;}], &#34;Test/test_E2E.py::TestEmbibe::test_trending_test_embibe_exp_ui&#34;: [{&#34;extras&#34;: [], &#34;result&#34;: &#34;Passed&#34;, &#34;testId&#34;: &#34;Test/test_E2E.py::TestEmbibe::test_trending_test_embibe_exp_ui&#34;, &#34;duration&#34;: &#34;00:01:14&#34;, &#34;resultsTableRow&#34;: [&#34;&lt;td class=\&#34;col-result\&#34;&gt;Passed&lt;/td&gt;&#34;, &#34;&lt;td class=\&#34;col-testId\&#34;&gt;Test/test_E2E.py::TestEmbibe::test_trending_test_embibe_exp_ui&lt;/td&gt;&#34;, &#34;&lt;td class=\&#34;col-duration\&#34;&gt;00:01:14&lt;/td&gt;&#34;, &#34;&lt;td class=\&#34;col-links\&#34;&gt;&lt;/td&gt;&#34;], &#34;log&#34;: &#34;----------------------------- Captured stdout call -----------------------------\nAn error occurred: Message: invalid argument: invalid locator\n  (Session info: chrome=127.0.6533.120)\nStacktrace:\n0   chromedriver                        0x0000000102dad024 cxxbridge1$str$ptr + 1887276\n1   chromedriver                        0x0000000102da5700 cxxbridge1$str$ptr + 1856264\n2   chromedriver                        0x00000001029b482c cxxbridge1$string$len + 88524\n3   chromedriver                        0x00000001029f8210 cxxbridge1$string$len + 365488\n4   chromedriver                        0x0000000102a3048c cxxbridge1$string$len + 595500\n5   chromedriver                        0x00000001029ed474 cxxbridge1$string$len + 321044\n6   chromedriver                        0x00000001029ee0e4 cxxbridge1$string$len + 324228\n7   chromedriver                        0x0000000102d74a08 cxxbridge1$str$ptr + 1656336\n8   chromedriver                        0x0000000102d79464 cxxbridge1$str$ptr + 1675372\n9   chromedriver                        0x0000000102d5a8ec cxxbridge1$str$ptr + 1549556\n10  chromedriver                        0x0000000102d79c14 cxxbridge1$str$ptr + 1677340\n11  chromedriver                        0x0000000102d4c5fc cxxbridge1$str$ptr + 1491460\n12  chromedriver                        0x0000000102d96a5c cxxbridge1$str$ptr + 1795684\n13  chromedriver                        0x0000000102d96bd8 cxxbridge1$str$ptr + 1796064\n14  chromedriver                        0x0000000102da5334 cxxbridge1$str$ptr + 1855292\n15  libsystem_pthread.dylib             0x000000018bd06f94 _pthread_start + 136\n16  libsystem_pthread.dylib             0x000000018bd01d34 thread_start + 8\n\n\n------------------------------ Captured log call -------------------------------\nINFO     test_sign_in_password:test_E2E.py:19 Testcase: Sign in with Password\nINFO     test_trending_test_embibe_exp_ui:test_E2E.py:233 Test case: Click on Trending Test\nINFO     test_trending_test_embibe_exp_ui:test_E2E.py:234 Test case: Start Test Button is displayed in the Test Summary\nINFO     test_trending_test_embibe_exp_ui:test_E2E.py:235 Test case: User is navigated to Test Taking Screen on clicking on Start Test button\nINFO     test_trending_test_embibe_exp_ui:test_E2E.py:236 Test case: User submits the test after attempting all questions in the Test taking screen\n\n&#34;}], &#34;Test/test_E2E.py::TestEmbibe::test_full_test_embibe_exp_ui&#34;: [{&#34;extras&#34;: [], &#34;result&#34;: &#34;Passed&#34;, &#34;testId&#34;: &#34;Test/test_E2E.py::TestEmbibe::test_full_test_embibe_exp_ui&#34;, &#34;duration&#34;: &#34;00:01:59&#34;, &#34;resultsTableRow&#34;: [&#34;&lt;td class=\&#34;col-result\&#34;&gt;Passed&lt;/td&gt;&#34;, &#34;&lt;td class=\&#34;col-testId\&#34;&gt;Test/test_E2E.py::TestEmbibe::test_full_test_embibe_exp_ui&lt;/td&gt;&#34;, &#34;&lt;td class=\&#34;col-duration\&#34;&gt;00:01:59&lt;/td&gt;&#34;, &#34;&lt;td class=\&#34;col-links\&#34;&gt;&lt;/td&gt;&#34;], &#34;log&#34;: &#34;----------------------------- Captured stdout call -----------------------------\nAn error occurred: Message: element click intercepted: Element &amp;lt;div style=&amp;quot;margin-bottom: 2%; width: 100%;&amp;quot;&amp;gt;...&amp;lt;/div&amp;gt; is not clickable at point (541, 642). Other element would receive the click: &amp;lt;div class=&amp;quot;sc-dqKyxz hWQMsC&amp;quot; style=&amp;quot;padding: 0px;&amp;quot;&amp;gt;...&amp;lt;/div&amp;gt;\n  (Session info: chrome=127.0.6533.120)\nStacktrace:\n0   chromedriver                        0x0000000100f4d024 cxxbridge1$str$ptr + 1887276\n1   chromedriver                        0x0000000100f45700 cxxbridge1$str$ptr + 1856264\n2   chromedriver                        0x0000000100b5482c cxxbridge1$string$len + 88524\n3   chromedriver                        0x0000000100b9e020 cxxbridge1$string$len + 389568\n4   chromedriver                        0x0000000100b9c64c cxxbridge1$string$len + 382956\n5   chromedriver                        0x0000000100b9a878 cxxbridge1$string$len + 375320\n6   chromedriver                        0x0000000100b99dc4 cxxbridge1$string$len + 372580\n7   chromedriver                        0x0000000100b8f3a8 cxxbridge1$string$len + 329032\n8   chromedriver                        0x0000000100b8ee38 cxxbridge1$string$len + 327640\n9   chromedriver                        0x0000000100bd048c cxxbridge1$string$len + 595500\n10  chromedriver                        0x0000000100b8d474 cxxbridge1$string$len + 321044\n11  chromedriver                        0x0000000100b8e0e4 cxxbridge1$string$len + 324228\n12  chromedriver                        0x0000000100f14a08 cxxbridge1$str$ptr + 1656336\n13  chromedriver                        0x0000000100f19464 cxxbridge1$str$ptr + 1675372\n14  chromedriver                        0x0000000100efa8ec cxxbridge1$str$ptr + 1549556\n15  chromedriver                        0x0000000100f19c14 cxxbridge1$str$ptr + 1677340\n16  chromedriver                        0x0000000100eec5fc cxxbridge1$str$ptr + 1491460\n17  chromedriver                        0x0000000100f36a5c cxxbridge1$str$ptr + 1795684\n18  chromedriver                        0x0000000100f36bd8 cxxbridge1$str$ptr + 1796064\n19  chromedriver                        0x0000000100f45334 cxxbridge1$str$ptr + 1855292\n20  libsystem_pthread.dylib             0x000000018bd06f94 _pthread_start + 136\n21  libsystem_pthread.dylib             0x000000018bd01d34 thread_start + 8\n\n\n------------------------------ Captured log call -------------------------------\nINFO     test_sign_in_password:test_E2E.py:19 Testcase: Sign in with Password\nINFO     test_full_test_embibe_exp_ui:test_E2E.py:244 Test case: Click on Full Test\nINFO     test_full_test_embibe_exp_ui:test_E2E.py:245 Test case: Start Test Button is displayed in the Test Summary\nINFO     test_full_test_embibe_exp_ui:test_E2E.py:246 Test case: User is navigated to Test Taking Screen on clicking on Start Test button\nINFO     test_full_test_embibe_exp_ui:test_E2E.py:247 Test case: User submits the test after attempting all questions in the Test taking screen\n\n&#34;}], &#34;Test/test_E2E.py::TestEmbibe::test_chapter_test_embibe_exp_ui&#34;: [{&#34;extras&#34;: [], &#34;result&#34;: &#34;Passed&#34;, &#34;testId&#34;: &#34;Test/test_E2E.py::TestEmbibe::test_chapter_test_embibe_exp_ui&#34;, &#34;duration&#34;: &#34;00:01:17&#34;, &#34;resultsTableRow&#34;: [&#34;&lt;td class=\&#34;col-result\&#34;&gt;Passed&lt;/td&gt;&#34;, &#34;&lt;td class=\&#34;col-testId\&#34;&gt;Test/test_E2E.py::TestEmbibe::test_chapter_test_embibe_exp_ui&lt;/td&gt;&#34;, &#34;&lt;td class=\&#34;col-duration\&#34;&gt;00:01:17&lt;/td&gt;&#34;, &#34;&lt;td class=\&#34;col-links\&#34;&gt;&lt;/td&gt;&#34;], &#34;log&#34;: &#34;----------------------------- Captured stdout call -----------------------------\nAn error occurred: Message: invalid argument: invalid locator\n  (Session info: chrome=127.0.6533.120)\nStacktrace:\n0   chromedriver                        0x0000000104f0d024 cxxbridge1$str$ptr + 1887276\n1   chromedriver                        0x0000000104f05700 cxxbridge1$str$ptr + 1856264\n2   chromedriver                        0x0000000104b1482c cxxbridge1$string$len + 88524\n3   chromedriver                        0x0000000104b58210 cxxbridge1$string$len + 365488\n4   chromedriver                        0x0000000104b9048c cxxbridge1$string$len + 595500\n5   chromedriver                        0x0000000104b4d474 cxxbridge1$string$len + 321044\n6   chromedriver                        0x0000000104b4e0e4 cxxbridge1$string$len + 324228\n7   chromedriver                        0x0000000104ed4a08 cxxbridge1$str$ptr + 1656336\n8   chromedriver                        0x0000000104ed9464 cxxbridge1$str$ptr + 1675372\n9   chromedriver                        0x0000000104eba8ec cxxbridge1$str$ptr + 1549556\n10  chromedriver                        0x0000000104ed9c14 cxxbridge1$str$ptr + 1677340\n11  chromedriver                        0x0000000104eac5fc cxxbridge1$str$ptr + 1491460\n12  chromedriver                        0x0000000104ef6a5c cxxbridge1$str$ptr + 1795684\n13  chromedriver                        0x0000000104ef6bd8 cxxbridge1$str$ptr + 1796064\n14  chromedriver                        0x0000000104f05334 cxxbridge1$str$ptr + 1855292\n15  libsystem_pthread.dylib             0x000000018bd06f94 _pthread_start + 136\n16  libsystem_pthread.dylib             0x000000018bd01d34 thread_start + 8\n\n\n------------------------------ Captured log call -------------------------------\nINFO     test_sign_in_password:test_E2E.py:19 Testcase: Sign in with Password\nINFO     test_chapter_test_embibe_exp_ui:test_E2E.py:255 Test case: Click on Chapter Test\nINFO     test_chapter_test_embibe_exp_ui:test_E2E.py:256 Test case: Start Test Button is displayed in the Test Summary\nINFO     test_chapter_test_embibe_exp_ui:test_E2E.py:257 Test case: User is navigated to Test Taking Screen on clicking on Start Test button\nINFO     test_chapter_test_embibe_exp_ui:test_E2E.py:258 Test case: User submits the test after attempting all questions in the Test taking screen\n\n&#34;}], &#34;Test/test_E2E.py::TestEmbibe::test_test_home_subject_banner&#34;: [{&#34;extras&#34;: [], &#34;result&#34;: &#34;XPassed&#34;, &#34;testId&#34;: &#34;Test/test_E2E.py::TestEmbibe::test_test_home_subject_banner&#34;, &#34;duration&#34;: &#34;00:02:51&#34;, &#34;resultsTableRow&#34;: [&#34;&lt;td class=\&#34;col-result\&#34;&gt;XPassed&lt;/td&gt;&#34;, &#34;&lt;td class=\&#34;col-testId\&#34;&gt;Test/test_E2E.py::TestEmbibe::test_test_home_subject_banner&lt;/td&gt;&#34;, &#34;&lt;td class=\&#34;col-duration\&#34;&gt;00:02:51&lt;/td&gt;&#34;, &#34;&lt;td class=\&#34;col-links\&#34;&gt;&lt;/td&gt;&#34;], &#34;log&#34;: &#34;----------------------------- Captured stdout call -----------------------------\nAn error occurred: Message: invalid argument: invalid locator\n  (Session info: chrome=127.0.6533.120)\nStacktrace:\n0   chromedriver                        0x0000000104731024 cxxbridge1$str$ptr + 1887276\n1   chromedriver                        0x0000000104729700 cxxbridge1$str$ptr + 1856264\n2   chromedriver                        0x000000010433882c cxxbridge1$string$len + 88524\n3   chromedriver                        0x000000010437c210 cxxbridge1$string$len + 365488\n4   chromedriver                        0x00000001043b448c cxxbridge1$string$len + 595500\n5   chromedriver                        0x0000000104371474 cxxbridge1$string$len + 321044\n6   chromedriver                        0x00000001043720e4 cxxbridge1$string$len + 324228\n7   chromedriver                        0x00000001046f8a08 cxxbridge1$str$ptr + 1656336\n8   chromedriver                        0x00000001046fd464 cxxbridge1$str$ptr + 1675372\n9   chromedriver                        0x00000001046de8ec cxxbridge1$str$ptr + 1549556\n10  chromedriver                        0x00000001046fdc14 cxxbridge1$str$ptr + 1677340\n11  chromedriver                        0x00000001046d05fc cxxbridge1$str$ptr + 1491460\n12  chromedriver                        0x000000010471aa5c cxxbridge1$str$ptr + 1795684\n13  chromedriver                        0x000000010471abd8 cxxbridge1$str$ptr + 1796064\n14  chromedriver                        0x0000000104729334 cxxbridge1$str$ptr + 1855292\n15  libsystem_pthread.dylib             0x000000018bd06f94 _pthread_start + 136\n16  libsystem_pthread.dylib             0x000000018bd01d34 thread_start + 8\n\nAn error occurred: Message: no such element: Unable to locate element: {&amp;quot;method&amp;quot;:&amp;quot;xpath&amp;quot;,&amp;quot;selector&amp;quot;:&amp;quot;//*[contains(text(),&amp;#x27;Submit Test&amp;#x27;)]&amp;quot;}\n  (Session info: chrome=127.0.6533.120); For documentation on this error, please visit: https://www.selenium.dev/documentation/webdriver/troubleshooting/errors#no-such-element-exception\nStacktrace:\n0   chromedriver                        0x0000000104731024 cxxbridge1$str$ptr + 1887276\n1   chromedriver                        0x0000000104729700 cxxbridge1$str$ptr + 1856264\n2   chromedriver                        0x000000010433882c cxxbridge1$string$len + 88524\n3   chromedriver                        0x000000010437c834 cxxbridge1$string$len + 367060\n4   chromedriver                        0x00000001043b448c cxxbridge1$string$len + 595500\n5   chromedriver                        0x0000000104371474 cxxbridge1$string$len + 321044\n6   chromedriver                        0x00000001043720e4 cxxbridge1$string$len + 324228\n7   chromedriver                        0x00000001046f8a08 cxxbridge1$str$ptr + 1656336\n8   chromedriver                        0x00000001046fd464 cxxbridge1$str$ptr + 1675372\n9   chromedriver                        0x00000001046de8ec cxxbridge1$str$ptr + 1549556\n10  chromedriver                        0x00000001046fdc14 cxxbridge1$str$ptr + 1677340\n11  chromedriver                        0x00000001046d05fc cxxbridge1$str$ptr + 1491460\n12  chromedriver                        0x000000010471aa5c cxxbridge1$str$ptr + 1795684\n13  chromedriver                        0x000000010471abd8 cxxbridge1$str$ptr + 1796064\n14  chromedriver                        0x0000000104729334 cxxbridge1$str$ptr + 1855292\n15  libsystem_pthread.dylib             0x000000018bd06f94 _pthread_start + 136\n16  libsystem_pthread.dylib             0x000000018bd01d34 thread_start + 8\n\nAn error occurred: Message: no such element: Unable to locate element: {&amp;quot;method&amp;quot;:&amp;quot;xpath&amp;quot;,&amp;quot;selector&amp;quot;:&amp;quot;//*[contains(text(),&amp;#x27;Submit Test&amp;#x27;)]&amp;quot;}\n  (Session info: chrome=127.0.6533.120); For documentation on this error, please visit: https://www.selenium.dev/documentation/webdriver/troubleshooting/errors#no-such-element-exception\nStacktrace:\n0   chromedriver                        0x0000000104731024 cxxbridge1$str$ptr + 1887276\n1   chromedriver                        0x0000000104729700 cxxbridge1$str$ptr + 1856264\n2   chromedriver                        0x000000010433882c cxxbridge1$string$len + 88524\n3   chromedriver                        0x000000010437c834 cxxbridge1$string$len + 367060\n4   chromedriver                        0x00000001043b448c cxxbridge1$string$len + 595500\n5   chromedriver                        0x0000000104371474 cxxbridge1$string$len + 321044\n6   chromedriver                        0x00000001043720e4 cxxbridge1$string$len + 324228\n7   chromedriver                        0x00000001046f8a08 cxxbridge1$str$ptr + 1656336\n8   chromedriver                        0x00000001046fd464 cxxbridge1$str$ptr + 1675372\n9   chromedriver                        0x00000001046de8ec cxxbridge1$str$ptr + 1549556\n10  chromedriver                        0x00000001046fdc14 cxxbridge1$str$ptr + 1677340\n11  chromedriver                        0x00000001046d05fc cxxbridge1$str$ptr + 1491460\n12  chromedriver                        0x000000010471aa5c cxxbridge1$str$ptr + 1795684\n13  chromedriver                        0x000000010471abd8 cxxbridge1$str$ptr + 1796064\n14  chromedriver                        0x0000000104729334 cxxbridge1$str$ptr + 1855292\n15  libsystem_pthread.dylib             0x000000018bd06f94 _pthread_start + 136\n16  libsystem_pthread.dylib             0x000000018bd01d34 thread_start + 8\n\n\n------------------------------ Captured log call -------------------------------\nINFO     test_sign_in_password:test_E2E.py:19 Testcase: Sign in with Password\nINFO     test_test_home_subject_banner:test_E2E.py:267 Test case: Click on Subject Button present in the Test Page\nINFO     test_test_home_subject_banner:test_E2E.py:268 Test case: Start Test Button is displayed in Test Banner\nINFO     test_test_home_subject_banner:test_E2E.py:269 Test case: User is navigated to Test Taking Screen on clicking on Start Test button\nINFO     test_test_home_subject_banner:test_E2E.py:270 Test case: User submits the test after attempting all questions in the Test taking screen\n\n&#34;}], &#34;Test/test_E2E.py::TestEmbibe::test_recommended_practice_in_trending_test_summary&#34;: [{&#34;extras&#34;: [], &#34;result&#34;: &#34;Passed&#34;, &#34;testId&#34;: &#34;Test/test_E2E.py::TestEmbibe::test_recommended_practice_in_trending_test_summary&#34;, &#34;duration&#34;: &#34;00:00:09&#34;, &#34;resultsTableRow&#34;: [&#34;&lt;td class=\&#34;col-result\&#34;&gt;Passed&lt;/td&gt;&#34;, &#34;&lt;td class=\&#34;col-testId\&#34;&gt;Test/test_E2E.py::TestEmbibe::test_recommended_practice_in_trending_test_summary&lt;/td&gt;&#34;, &#34;&lt;td class=\&#34;col-duration\&#34;&gt;00:00:09&lt;/td&gt;&#34;, &#34;&lt;td class=\&#34;col-links\&#34;&gt;&lt;/td&gt;&#34;], &#34;log&#34;: &#34;------------------------------ Captured log call -------------------------------\nINFO     test_sign_in_password:test_E2E.py:19 Testcase: Sign in with Password\nINFO     test_recommended_practice_in_trending_test_summary:test_E2E.py:278 Test case: User clicks on Recommended Practice in Full Test Summary\n\n&#34;}], &#34;Test/test_E2E.py::TestEmbibe::test_recommended_learn_videos_in_trending_test_summary&#34;: [{&#34;extras&#34;: [], &#34;result&#34;: &#34;Passed&#34;, &#34;testId&#34;: &#34;Test/test_E2E.py::TestEmbibe::test_recommended_learn_videos_in_trending_test_summary&#34;, &#34;duration&#34;: &#34;00:00:47&#34;, &#34;resultsTableRow&#34;: [&#34;&lt;td class=\&#34;col-result\&#34;&gt;Passed&lt;/td&gt;&#34;, &#34;&lt;td class=\&#34;col-testId\&#34;&gt;Test/test_E2E.py::TestEmbibe::test_recommended_learn_videos_in_trending_test_summary&lt;/td&gt;&#34;, &#34;&lt;td class=\&#34;col-duration\&#34;&gt;00:00:47&lt;/td&gt;&#34;, &#34;&lt;td class=\&#34;col-links\&#34;&gt;&lt;/td&gt;&#34;], &#34;log&#34;: &#34;------------------------------ Captured log call -------------------------------\nINFO     test_sign_in_password:test_E2E.py:19 Testcase: Sign in with Password\nINFO     test_recommended_learn_videos_in_trending_test_summary:test_E2E.py:286 Test case: User clicks on Recommended Video in Trending Test Summary\n\n&#34;}], &#34;Test/test_E2E.py::TestEmbibe::test_recommended_practice_in_chapter_test_summary&#34;: [{&#34;extras&#34;: [], &#34;result&#34;: &#34;Passed&#34;, &#34;testId&#34;: &#34;Test/test_E2E.py::TestEmbibe::test_recommended_practice_in_chapter_test_summary&#34;, &#34;duration&#34;: &#34;00:00:43&#34;, &#34;resultsTableRow&#34;: [&#34;&lt;td class=\&#34;col-result\&#34;&gt;Passed&lt;/td&gt;&#34;, &#34;&lt;td class=\&#34;col-testId\&#34;&gt;Test/test_E2E.py::TestEmbibe::test_recommended_practice_in_chapter_test_summary&lt;/td&gt;&#34;, &#34;&lt;td class=\&#34;col-duration\&#34;&gt;00:00:43&lt;/td&gt;&#34;, &#34;&lt;td class=\&#34;col-links\&#34;&gt;&lt;/td&gt;&#34;], &#34;log&#34;: &#34;------------------------------ Captured log call -------------------------------\nINFO     test_sign_in_password:test_E2E.py:19 Testcase: Sign in with Password\nINFO     test_recommended_practice_in_chapter_test_summary:test_E2E.py:294 Test case: User clicks on Recommended Learn in Chapter Test Summary\n\n&#34;}], &#34;Test/test_E2E.py::TestEmbibe::test_recommended_learn_in_chapter_test_summary&#34;: [{&#34;extras&#34;: [], &#34;result&#34;: &#34;Passed&#34;, &#34;testId&#34;: &#34;Test/test_E2E.py::TestEmbibe::test_recommended_learn_in_chapter_test_summary&#34;, &#34;duration&#34;: &#34;00:00:39&#34;, &#34;resultsTableRow&#34;: [&#34;&lt;td class=\&#34;col-result\&#34;&gt;Passed&lt;/td&gt;&#34;, &#34;&lt;td class=\&#34;col-testId\&#34;&gt;Test/test_E2E.py::TestEmbibe::test_recommended_learn_in_chapter_test_summary&lt;/td&gt;&#34;, &#34;&lt;td class=\&#34;col-duration\&#34;&gt;00:00:39&lt;/td&gt;&#34;, &#34;&lt;td class=\&#34;col-links\&#34;&gt;&lt;/td&gt;&#34;], &#34;log&#34;: &#34;------------------------------ Captured log call -------------------------------\nINFO     test_sign_in_password:test_E2E.py:19 Testcase: Sign in with Password\nINFO     test_recommended_learn_in_chapter_test_summary:test_E2E.py:302 Test case: User clicks on Recommended Video in Chapter Test Summary\n\n&#34;}], &#34;Test/test_E2E.py::TestEmbibe::test_recommended_practice_in_full_test_summary&#34;: [{&#34;extras&#34;: [], &#34;result&#34;: &#34;XPassed&#34;, &#34;testId&#34;: &#34;Test/test_E2E.py::TestEmbibe::test_recommended_practice_in_full_test_summary&#34;, &#34;duration&#34;: &#34;00:01:21&#34;, &#34;resultsTableRow&#34;: [&#34;&lt;td class=\&#34;col-result\&#34;&gt;XPassed&lt;/td&gt;&#34;, &#34;&lt;td class=\&#34;col-testId\&#34;&gt;Test/test_E2E.py::TestEmbibe::test_recommended_practice_in_full_test_summary&lt;/td&gt;&#34;, &#34;&lt;td class=\&#34;col-duration\&#34;&gt;00:01:21&lt;/td&gt;&#34;, &#34;&lt;td class=\&#34;col-links\&#34;&gt;&lt;/td&gt;&#34;], &#34;log&#34;: &#34;------------------------------ Captured log call -------------------------------\nINFO     test_sign_in_password:test_E2E.py:19 Testcase: Sign in with Password\nINFO     test_recommended_practice_in_full_test_summary:test_E2E.py:311 Test case: User clicks on Recommended Practice in Full Test Summary\n\n&#34;}], &#34;Test/test_E2E.py::TestEmbibe::test_recommended_learn_in_full_test_summary&#34;: [{&#34;extras&#34;: [], &#34;result&#34;: &#34;Passed&#34;, &#34;testId&#34;: &#34;Test/test_E2E.py::TestEmbibe::test_recommended_learn_in_full_test_summary&#34;, &#34;duration&#34;: &#34;00:00:42&#34;, &#34;resultsTableRow&#34;: [&#34;&lt;td class=\&#34;col-result\&#34;&gt;Passed&lt;/td&gt;&#34;, &#34;&lt;td class=\&#34;col-testId\&#34;&gt;Test/test_E2E.py::TestEmbibe::test_recommended_learn_in_full_test_summary&lt;/td&gt;&#34;, &#34;&lt;td class=\&#34;col-duration\&#34;&gt;00:00:42&lt;/td&gt;&#34;, &#34;&lt;td class=\&#34;col-links\&#34;&gt;&lt;/td&gt;&#34;], &#34;log&#34;: &#34;------------------------------ Captured log call -------------------------------\nINFO     test_sign_in_password:test_E2E.py:19 Testcase: Sign in with Password\nINFO     test_recommended_learn_in_full_test_summary:test_E2E.py:319 Test case: User clicks on Recommended Video in Full Test Summary\n\n&#34;}], &#34;Test/test_E2E.py::TestEmbibe::test_practice_banner&#34;: [{&#34;extras&#34;: [], &#34;result&#34;: &#34;XPassed&#34;, &#34;testId&#34;: &#34;Test/test_E2E.py::TestEmbibe::test_practice_banner&#34;, &#34;duration&#34;: &#34;00:00:41&#34;, &#34;resultsTableRow&#34;: [&#34;&lt;td class=\&#34;col-result\&#34;&gt;XPassed&lt;/td&gt;&#34;, &#34;&lt;td class=\&#34;col-testId\&#34;&gt;Test/test_E2E.py::TestEmbibe::test_practice_banner&lt;/td&gt;&#34;, &#34;&lt;td class=\&#34;col-duration\&#34;&gt;00:00:41&lt;/td&gt;&#34;, &#34;&lt;td class=\&#34;col-links\&#34;&gt;&lt;/td&gt;&#34;], &#34;log&#34;: &#34;------------------------------ Captured log call -------------------------------\nINFO     test_sign_in_password:test_E2E.py:19 Testcase: Sign in with Password\nINFO     test_practice_banner:test_E2E.py:328 Test case: Click on the Books present in the Practice Banner\nINFO     test_practice_banner:test_E2E.py:329 Test case: Clicking on the Practice Tile present in the Book TOC\n\n&#34;}], &#34;Test/test_E2E.py::TestEmbibe::test_practice_author_books&#34;: [{&#34;extras&#34;: [], &#34;result&#34;: &#34;Passed&#34;, &#34;testId&#34;: &#34;Test/test_E2E.py::TestEmbibe::test_practice_author_books&#34;, &#34;duration&#34;: &#34;00:00:40&#34;, &#34;resultsTableRow&#34;: [&#34;&lt;td class=\&#34;col-result\&#34;&gt;Passed&lt;/td&gt;&#34;, &#34;&lt;td class=\&#34;col-testId\&#34;&gt;Test/test_E2E.py::TestEmbibe::test_practice_author_books&lt;/td&gt;&#34;, &#34;&lt;td class=\&#34;col-duration\&#34;&gt;00:00:40&lt;/td&gt;&#34;, &#34;&lt;td class=\&#34;col-links\&#34;&gt;&lt;/td&gt;&#34;], &#34;log&#34;: &#34;------------------------------ Captured log call -------------------------------\nINFO     test_sign_in_password:test_E2E.py:19 Testcase: Sign in with Password\nINFO     test_practice_author_books:test_E2E.py:337 Test case: Click on the Author Books\nINFO     test_practice_author_books:test_E2E.py:338 Test case: Clicking on the Practice Tile present in the Book TOC\n\n&#34;}], &#34;Test/test_E2E.py::TestEmbibe::test_practice_embibe_big_books&#34;: [{&#34;extras&#34;: [], &#34;result&#34;: &#34;Passed&#34;, &#34;testId&#34;: &#34;Test/test_E2E.py::TestEmbibe::test_practice_embibe_big_books&#34;, &#34;duration&#34;: &#34;00:00:41&#34;, &#34;resultsTableRow&#34;: [&#34;&lt;td class=\&#34;col-result\&#34;&gt;Passed&lt;/td&gt;&#34;, &#34;&lt;td class=\&#34;col-testId\&#34;&gt;Test/test_E2E.py::TestEmbibe::test_practice_embibe_big_books&lt;/td&gt;&#34;, &#34;&lt;td class=\&#34;col-duration\&#34;&gt;00:00:41&lt;/td&gt;&#34;, &#34;&lt;td class=\&#34;col-links\&#34;&gt;&lt;/td&gt;&#34;], &#34;log&#34;: &#34;------------------------------ Captured log call -------------------------------\nINFO     test_sign_in_password:test_E2E.py:19 Testcase: Sign in with Password\nINFO     test_practice_embibe_big_books:test_E2E.py:346 Test case: Click on the Big Books\nINFO     test_practice_embibe_big_books:test_E2E.py:347 Test case: Clicking on the Practice Tile present in the Book TOC\n\n&#34;}], &#34;Test/test_E2E.py::TestEmbibe::test_quick_5_mins_test&#34;: [{&#34;extras&#34;: [], &#34;result&#34;: &#34;Passed&#34;, &#34;testId&#34;: &#34;Test/test_E2E.py::TestEmbibe::test_quick_5_mins_test&#34;, &#34;duration&#34;: &#34;00:00:38&#34;, &#34;resultsTableRow&#34;: [&#34;&lt;td class=\&#34;col-result\&#34;&gt;Passed&lt;/td&gt;&#34;, &#34;&lt;td class=\&#34;col-testId\&#34;&gt;Test/test_E2E.py::TestEmbibe::test_quick_5_mins_test&lt;/td&gt;&#34;, &#34;&lt;td class=\&#34;col-duration\&#34;&gt;00:00:38&lt;/td&gt;&#34;, &#34;&lt;td class=\&#34;col-links\&#34;&gt;&lt;/td&gt;&#34;], &#34;log&#34;: &#34;----------------------------- Captured stdout call -----------------------------\nAn error occurred: Message: invalid argument: invalid locator\n  (Session info: chrome=127.0.6533.120)\nStacktrace:\n0   chromedriver                        0x00000001007b9024 cxxbridge1$str$ptr + 1887276\n1   chromedriver                        0x00000001007b1700 cxxbridge1$str$ptr + 1856264\n2   chromedriver                        0x00000001003c082c cxxbridge1$string$len + 88524\n3   chromedriver                        0x0000000100404210 cxxbridge1$string$len + 365488\n4   chromedriver                        0x000000010043c48c cxxbridge1$string$len + 595500\n5   chromedriver                        0x00000001003f9474 cxxbridge1$string$len + 321044\n6   chromedriver                        0x00000001003fa0e4 cxxbridge1$string$len + 324228\n7   chromedriver                        0x0000000100780a08 cxxbridge1$str$ptr + 1656336\n8   chromedriver                        0x0000000100785464 cxxbridge1$str$ptr + 1675372\n9   chromedriver                        0x00000001007668ec cxxbridge1$str$ptr + 1549556\n10  chromedriver                        0x0000000100785c14 cxxbridge1$str$ptr + 1677340\n11  chromedriver                        0x00000001007585fc cxxbridge1$str$ptr + 1491460\n12  chromedriver                        0x00000001007a2a5c cxxbridge1$str$ptr + 1795684\n13  chromedriver                        0x00000001007a2bd8 cxxbridge1$str$ptr + 1796064\n14  chromedriver                        0x00000001007b1334 cxxbridge1$str$ptr + 1855292\n15  libsystem_pthread.dylib             0x000000018bd06f94 _pthread_start + 136\n16  libsystem_pthread.dylib             0x000000018bd01d34 thread_start + 8\n\n\n------------------------------ Captured log call -------------------------------\nINFO     test_sign_in_password:test_E2E.py:19 Testcase: Sign in with Password\nINFO     test_quick_5_mins_test:test_E2E.py:355 Test case: Create CYOT - 5 Mins Test\nINFO     test_quick_5_mins_test:test_E2E.py:356 Test case: User is able to take CYOT - 5 Mins Test\n\n&#34;}], &#34;Test/test_E2E.py::TestEmbibe::test_CYOT&#34;: [{&#34;extras&#34;: [], &#34;result&#34;: &#34;Passed&#34;, &#34;testId&#34;: &#34;Test/test_E2E.py::TestEmbibe::test_CYOT&#34;, &#34;duration&#34;: &#34;00:01:15&#34;, &#34;resultsTableRow&#34;: [&#34;&lt;td class=\&#34;col-result\&#34;&gt;Passed&lt;/td&gt;&#34;, &#34;&lt;td class=\&#34;col-testId\&#34;&gt;Test/test_E2E.py::TestEmbibe::test_CYOT&lt;/td&gt;&#34;, &#34;&lt;td class=\&#34;col-duration\&#34;&gt;00:01:15&lt;/td&gt;&#34;, &#34;&lt;td class=\&#34;col-links\&#34;&gt;&lt;/td&gt;&#34;], &#34;log&#34;: &#34;----------------------------- Captured stdout call -----------------------------\nAn error occurred: Message: invalid argument: invalid locator\n  (Session info: chrome=127.0.6533.120)\nStacktrace:\n0   chromedriver                        0x0000000101301024 cxxbridge1$str$ptr + 1887276\n1   chromedriver                        0x00000001012f9700 cxxbridge1$str$ptr + 1856264\n2   chromedriver                        0x0000000100f0882c cxxbridge1$string$len + 88524\n3   chromedriver                        0x0000000100f4c210 cxxbridge1$string$len + 365488\n4   chromedriver                        0x0000000100f8448c cxxbridge1$string$len + 595500\n5   chromedriver                        0x0000000100f41474 cxxbridge1$string$len + 321044\n6   chromedriver                        0x0000000100f420e4 cxxbridge1$string$len + 324228\n7   chromedriver                        0x00000001012c8a08 cxxbridge1$str$ptr + 1656336\n8   chromedriver                        0x00000001012cd464 cxxbridge1$str$ptr + 1675372\n9   chromedriver                        0x00000001012ae8ec cxxbridge1$str$ptr + 1549556\n10  chromedriver                        0x00000001012cdc14 cxxbridge1$str$ptr + 1677340\n11  chromedriver                        0x00000001012a05fc cxxbridge1$str$ptr + 1491460\n12  chromedriver                        0x00000001012eaa5c cxxbridge1$str$ptr + 1795684\n13  chromedriver                        0x00000001012eabd8 cxxbridge1$str$ptr + 1796064\n14  chromedriver                        0x00000001012f9334 cxxbridge1$str$ptr + 1855292\n15  libsystem_pthread.dylib             0x000000018bd06f94 _pthread_start + 136\n16  libsystem_pthread.dylib             0x000000018bd01d34 thread_start + 8\n\n\n------------------------------ Captured log call -------------------------------\nINFO     test_sign_in_password:test_E2E.py:19 Testcase: Sign in with Password\nINFO     test_CYOT:test_E2E.py:364 Test case: Create CYOT - Custom Test\nINFO     test_CYOT:test_E2E.py:365 Test case: User is able to take CYOT - Custom Test\n\n&#34;}], &#34;Test/test_E2E.py::TestEmbibe::test_search_videos&#34;: [{&#34;extras&#34;: [], &#34;result&#34;: &#34;Passed&#34;, &#34;testId&#34;: &#34;Test/test_E2E.py::TestEmbibe::test_search_videos&#34;, &#34;duration&#34;: &#34;00:01:60&#34;, &#34;resultsTableRow&#34;: [&#34;&lt;td class=\&#34;col-result\&#34;&gt;Passed&lt;/td&gt;&#34;, &#34;&lt;td class=\&#34;col-testId\&#34;&gt;Test/test_E2E.py::TestEmbibe::test_search_videos&lt;/td&gt;&#34;, &#34;&lt;td class=\&#34;col-duration\&#34;&gt;00:01:60&lt;/td&gt;&#34;, &#34;&lt;td class=\&#34;col-links\&#34;&gt;&lt;/td&gt;&#34;], &#34;log&#34;: &#34;------------------------------ Captured log call -------------------------------\nINFO     test_sign_in_password:test_E2E.py:19 Testcase: Sign in with Password\n\n&#34;}], &#34;Test/test_E2E.py::TestEmbibe::test_search_books&#34;: [{&#34;extras&#34;: [], &#34;result&#34;: &#34;Passed&#34;, &#34;testId&#34;: &#34;Test/test_E2E.py::TestEmbibe::test_search_books&#34;, &#34;duration&#34;: &#34;00:00:45&#34;, &#34;resultsTableRow&#34;: [&#34;&lt;td class=\&#34;col-result\&#34;&gt;Passed&lt;/td&gt;&#34;, &#34;&lt;td class=\&#34;col-testId\&#34;&gt;Test/test_E2E.py::TestEmbibe::test_search_books&lt;/td&gt;&#34;, &#34;&lt;td class=\&#34;col-duration\&#34;&gt;00:00:45&lt;/td&gt;&#34;, &#34;&lt;td class=\&#34;col-links\&#34;&gt;&lt;/td&gt;&#34;], &#34;log&#34;: &#34;------------------------------ Captured log call -------------------------------\nINFO     test_sign_in_password:test_E2E.py:19 Testcase: Sign in with Password\n\n&#34;}], &#34;Test/test_E2E.py::TestEmbibe::test_search_questions&#34;: [{&#34;extras&#34;: [], &#34;result&#34;: &#34;Passed&#34;, &#34;testId&#34;: &#34;Test/test_E2E.py::TestEmbibe::test_search_questions&#34;, &#34;duration&#34;: &#34;00:00:14&#34;, &#34;resultsTableRow&#34;: [&#34;&lt;td class=\&#34;col-result\&#34;&gt;Passed&lt;/td&gt;&#34;, &#34;&lt;td class=\&#34;col-testId\&#34;&gt;Test/test_E2E.py::TestEmbibe::test_search_questions&lt;/td&gt;&#34;, &#34;&lt;td class=\&#34;col-duration\&#34;&gt;00:00:14&lt;/td&gt;&#34;, &#34;&lt;td class=\&#34;col-links\&#34;&gt;&lt;/td&gt;&#34;], &#34;log&#34;: &#34;------------------------------ Captured log call -------------------------------\nINFO     test_sign_in_password:test_E2E.py:19 Testcase: Sign in with Password\n\n&#34;}], &#34;Test/test_E2E.py::TestEmbibe::test_search_practice&#34;: [{&#34;extras&#34;: [{&#34;name&#34;: null, &#34;format_type&#34;: &#34;html&#34;, &#34;content&#34;: &#34;&lt;div&gt;&lt;img src=\&#34;Test/test_E2E.py_TestEmbibe_test_search_practice.png\&#34; alt=\&#34;screenshot\&#34; style=\&#34;width:304px;height:228px;\&#34; onclick=\&#34;window.open(this.src)\&#34; align=\&#34;right\&#34;/&gt;&lt;/div&gt;&#34;, &#34;mime_type&#34;: null, &#34;extension&#34;: null}], &#34;result&#34;: &#34;Failed&#34;, &#34;testId&#34;: &#34;Test/test_E2E.py::TestEmbibe::test_search_practice&#34;, &#34;duration&#34;: &#34;00:01:05&#34;, &#34;resultsTableRow&#34;: [&#34;&lt;td class=\&#34;col-result\&#34;&gt;Failed&lt;/td&gt;&#34;, &#34;&lt;td class=\&#34;col-testId\&#34;&gt;Test/test_E2E.py::TestEmbibe::test_search_practice&lt;/td&gt;&#34;, &#34;&lt;td class=\&#34;col-duration\&#34;&gt;00:01:05&lt;/td&gt;&#34;, &#34;&lt;td class=\&#34;col-links\&#34;&gt;&lt;/td&gt;&#34;], &#34;log&#34;: &#34;self = &amp;lt;PageObject.search_page.SearchPage object at 0x107b24970&amp;gt;\n\n    def search_practice_tab(self):\n        try:\n            self.driver.find_element(*SearchPage.search_field).click()\n            self.driver.find_element(*SearchPage.search_field).send_keys(&amp;quot;force&amp;quot;)\n            self.driver.find_element(*SearchPage.search_field).send_keys(Keys.ENTER)\n            time.sleep(5)\n            self.driver.find_element(*SearchPage.practice_tab).click()\n            time.sleep(3)\n            self.driver.find_element(*SearchPage.search_result_tile).click()\n            time.sleep(3)\n            try:\n&amp;gt;               self.driver.find_element(*SearchPage.practice_now).is_displayed()\n\nPageObject/search_page.py:118: \n_ _ _ _ _ _ _ _ _ _ _ _ _ _ _ _ _ _ _ _ _ _ _ _ _ _ _ _ _ _ _ _ _ _ _ _ _ _ _ _ _ _ _ _ _ _ _ _ _ _ _ _ _ _ _ _ _ _ _ _ _ _ _ _ _ _ _ _ _ _ _ _ _ _ _ _ _ _ _ _ _ _ _ _\n../../Library/Python/3.10/lib/python/site-packages/selenium/webdriver/remote/webdriver.py:741: in find_element\n    return self.execute(Command.FIND_ELEMENT, {&amp;quot;using&amp;quot;: by, &amp;quot;value&amp;quot;: value})[&amp;quot;value&amp;quot;]\n../../Library/Python/3.10/lib/python/site-packages/selenium/webdriver/remote/webdriver.py:347: in execute\n    self.error_handler.check_response(response)\n_ _ _ _ _ _ _ _ _ _ _ _ _ _ _ _ _ _ _ _ _ _ _ _ _ _ _ _ _ _ _ _ _ _ _ _ _ _ _ _ _ _ _ _ _ _ _ _ _ _ _ _ _ _ _ _ _ _ _ _ _ _ _ _ _ _ _ _ _ _ _ _ _ _ _ _ _ _ _ _ _ _ _ _\n\nself = &amp;lt;selenium.webdriver.remote.errorhandler.ErrorHandler object at 0x107b24610&amp;gt;\nresponse = {&amp;#x27;status&amp;#x27;: 404, &amp;#x27;value&amp;#x27;: &amp;#x27;{&amp;quot;value&amp;quot;:{&amp;quot;error&amp;quot;:&amp;quot;no such element&amp;quot;,&amp;quot;message&amp;quot;:&amp;quot;no such element: Unable to locate element: {\\...00018bd06f94 _pthread_start + 136\\\\n16  libsystem_pthread.dylib             0x000000018bd01d34 thread_start + 8\\\\n&amp;quot;}}&amp;#x27;}\n\n    def check_response(self, response: Dict[str, Any]) -&amp;gt; None:\n        &amp;quot;&amp;quot;&amp;quot;Checks that a JSON response from the WebDriver does not have an\n        error.\n    \n        :Args:\n         - response - The JSON response from the WebDriver server as a dictionary\n           object.\n    \n        :Raises: If the response contains an error message.\n        &amp;quot;&amp;quot;&amp;quot;\n        status = response.get(&amp;quot;status&amp;quot;, None)\n        if not status or status == ErrorCode.SUCCESS:\n            return\n        value = None\n        message = response.get(&amp;quot;message&amp;quot;, &amp;quot;&amp;quot;)\n        screen: str = response.get(&amp;quot;screen&amp;quot;, &amp;quot;&amp;quot;)\n        stacktrace = None\n        if isinstance(status, int):\n            value_json = response.get(&amp;quot;value&amp;quot;, None)\n            if value_json and isinstance(value_json, str):\n                import json\n    \n                try:\n                    value = json.loads(value_json)\n                    if len(value) == 1:\n                        value = value[&amp;quot;value&amp;quot;]\n                    status = value.get(&amp;quot;error&amp;quot;, None)\n                    if not status:\n                        status = value.get(&amp;quot;status&amp;quot;, ErrorCode.UNKNOWN_ERROR)\n                        message = value.get(&amp;quot;value&amp;quot;) or value.get(&amp;quot;message&amp;quot;)\n                        if not isinstance(message, str):\n                            value = message\n                            message = message.get(&amp;quot;message&amp;quot;)\n                    else:\n                        message = value.get(&amp;quot;message&amp;quot;, None)\n                except ValueError:\n                    pass\n    \n        exception_class: Type[WebDriverException]\n        e = ErrorCode()\n        error_codes = [item for item in dir(e) if not item.startswith(&amp;quot;__&amp;quot;)]\n        for error_code in error_codes:\n            error_info = getattr(ErrorCode, error_code)\n            if isinstance(error_info, list) and status in error_info:\n                exception_class = getattr(ExceptionMapping, error_code, WebDriverException)\n                break\n        else:\n            exception_class = WebDriverException\n    \n        if not value:\n            value = response[&amp;quot;value&amp;quot;]\n        if isinstance(value, str):\n            raise exception_class(value)\n        if message == &amp;quot;&amp;quot; and &amp;quot;message&amp;quot; in value:\n            message = value[&amp;quot;message&amp;quot;]\n    \n        screen = None  # type: ignore[assignment]\n        if &amp;quot;screen&amp;quot; in value:\n            screen = value[&amp;quot;screen&amp;quot;]\n    \n        stacktrace = None\n        st_value = value.get(&amp;quot;stackTrace&amp;quot;) or value.get(&amp;quot;stacktrace&amp;quot;)\n        if st_value:\n            if isinstance(st_value, str):\n                stacktrace = st_value.split(&amp;quot;\\n&amp;quot;)\n            else:\n                stacktrace = []\n                try:\n                    for frame in st_value:\n                        line = frame.get(&amp;quot;lineNumber&amp;quot;, &amp;quot;&amp;quot;)\n                        file = frame.get(&amp;quot;fileName&amp;quot;, &amp;quot;&amp;lt;anonymous&amp;gt;&amp;quot;)\n                        if line:\n                            file = f&amp;quot;{file}:{line}&amp;quot;\n                        meth = frame.get(&amp;quot;methodName&amp;quot;, &amp;quot;&amp;lt;anonymous&amp;gt;&amp;quot;)\n                        if &amp;quot;className&amp;quot; in frame:\n                            meth = f&amp;quot;{frame[&amp;#x27;className&amp;#x27;]}.{meth}&amp;quot;\n                        msg = &amp;quot;    at %s (%s)&amp;quot;\n                        msg = msg % (meth, file)\n                        stacktrace.append(msg)\n                except TypeError:\n                    pass\n        if exception_class == UnexpectedAlertPresentException:\n            alert_text = None\n            if &amp;quot;data&amp;quot; in value:\n                alert_text = value[&amp;quot;data&amp;quot;].get(&amp;quot;text&amp;quot;)\n            elif &amp;quot;alert&amp;quot; in value:\n                alert_text = value[&amp;quot;alert&amp;quot;].get(&amp;quot;text&amp;quot;)\n            raise exception_class(message, screen, stacktrace, alert_text)  # type: ignore[call-arg]  # mypy is not smart enough here\n&amp;gt;       raise exception_class(message, screen, stacktrace)\nE       selenium.common.exceptions.NoSuchElementException: Message: no such element: Unable to locate element: {&amp;quot;method&amp;quot;:&amp;quot;xpath&amp;quot;,&amp;quot;selector&amp;quot;:&amp;quot;//span[contains(text(),&amp;#x27;Practice Now&amp;#x27;)]&amp;quot;}\nE         (Session info: chrome=127.0.6533.120); For documentation on this error, please visit: https://www.selenium.dev/documentation/webdriver/troubleshooting/errors#no-such-element-exception\nE       Stacktrace:\nE       0   chromedriver                        0x0000000102d5d024 cxxbridge1$str$ptr + 1887276\nE       1   chromedriver                        0x0000000102d55700 cxxbridge1$str$ptr + 1856264\nE       2   chromedriver                        0x000000010296482c cxxbridge1$string$len + 88524\nE       3   chromedriver                        0x00000001029a8834 cxxbridge1$string$len + 367060\nE       4   chromedriver                        0x00000001029e048c cxxbridge1$string$len + 595500\nE       5   chromedriver                        0x000000010299d474 cxxbridge1$string$len + 321044\nE       6   chromedriver                        0x000000010299e0e4 cxxbridge1$string$len + 324228\nE       7   chromedriver                        0x0000000102d24a08 cxxbridge1$str$ptr + 1656336\nE       8   chromedriver                        0x0000000102d29464 cxxbridge1$str$ptr + 1675372\nE       9   chromedriver                        0x0000000102d0a8ec cxxbridge1$str$ptr + 1549556\nE       10  chromedriver                        0x0000000102d29c14 cxxbridge1$str$ptr + 1677340\nE       11  chromedriver                        0x0000000102cfc5fc cxxbridge1$str$ptr + 1491460\nE       12  chromedriver                        0x0000000102d46a5c cxxbridge1$str$ptr + 1795684\nE       13  chromedriver                        0x0000000102d46bd8 cxxbridge1$str$ptr + 1796064\nE       14  chromedriver                        0x0000000102d55334 cxxbridge1$str$ptr + 1855292\nE       15  libsystem_pthread.dylib             0x000000018bd06f94 _pthread_start + 136\nE       16  libsystem_pthread.dylib             0x000000018bd01d34 thread_start + 8\n\n../../Library/Python/3.10/lib/python/site-packages/selenium/webdriver/remote/errorhandler.py:229: NoSuchElementException\n\nDuring handling of the above exception, another exception occurred:\n\nself = &amp;lt;PageObject.search_page.SearchPage object at 0x107b24970&amp;gt;\n\n    def play_video_button(self):\n        self.driver.find_element(*LearnHomePage.learn_button).click()\n        try:\n&amp;gt;           popup = self.driver.find_element(By.CSS_SELECTOR, &amp;quot;[class=&amp;#x27;sc-llJcti cLATmR sc-jfmDQi LQhpp&amp;#x27;]&amp;quot;)\n\nPageObject/search_page.py:169: \n_ _ _ _ _ _ _ _ _ _ _ _ _ _ _ _ _ _ _ _ _ _ _ _ _ _ _ _ _ _ _ _ _ _ _ _ _ _ _ _ _ _ _ _ _ _ _ _ _ _ _ _ _ _ _ _ _ _ _ _ _ _ _ _ _ _ _ _ _ _ _ _ _ _ _ _ _ _ _ _ _ _ _ _\n../../Library/Python/3.10/lib/python/site-packages/selenium/webdriver/remote/webdriver.py:741: in find_element\n    return self.execute(Command.FIND_ELEMENT, {&amp;quot;using&amp;quot;: by, &amp;quot;value&amp;quot;: value})[&amp;quot;value&amp;quot;]\n../../Library/Python/3.10/lib/python/site-packages/selenium/webdriver/remote/webdriver.py:347: in execute\n    self.error_handler.check_response(response)\n_ _ _ _ _ _ _ _ _ _ _ _ _ _ _ _ _ _ _ _ _ _ _ _ _ _ _ _ _ _ _ _ _ _ _ _ _ _ _ _ _ _ _ _ _ _ _ _ _ _ _ _ _ _ _ _ _ _ _ _ _ _ _ _ _ _ _ _ _ _ _ _ _ _ _ _ _ _ _ _ _ _ _ _\n\nself = &amp;lt;selenium.webdriver.remote.errorhandler.ErrorHandler object at 0x107b24610&amp;gt;\nresponse = {&amp;#x27;status&amp;#x27;: 404, &amp;#x27;value&amp;#x27;: &amp;#x27;{&amp;quot;value&amp;quot;:{&amp;quot;error&amp;quot;:&amp;quot;no such element&amp;quot;,&amp;quot;message&amp;quot;:&amp;quot;no such element: Unable to locate element: {\\...00018bd06f94 _pthread_start + 136\\\\n16  libsystem_pthread.dylib             0x000000018bd01d34 thread_start + 8\\\\n&amp;quot;}}&amp;#x27;}\n\n    def check_response(self, response: Dict[str, Any]) -&amp;gt; None:\n        &amp;quot;&amp;quot;&amp;quot;Checks that a JSON response from the WebDriver does not have an\n        error.\n    \n        :Args:\n         - response - The JSON response from the WebDriver server as a dictionary\n           object.\n    \n        :Raises: If the response contains an error message.\n        &amp;quot;&amp;quot;&amp;quot;\n        status = response.get(&amp;quot;status&amp;quot;, None)\n        if not status or status == ErrorCode.SUCCESS:\n            return\n        value = None\n        message = response.get(&amp;quot;message&amp;quot;, &amp;quot;&amp;quot;)\n        screen: str = response.get(&amp;quot;screen&amp;quot;, &amp;quot;&amp;quot;)\n        stacktrace = None\n        if isinstance(status, int):\n            value_json = response.get(&amp;quot;value&amp;quot;, None)\n            if value_json and isinstance(value_json, str):\n                import json\n    \n                try:\n                    value = json.loads(value_json)\n                    if len(value) == 1:\n                        value = value[&amp;quot;value&amp;quot;]\n                    status = value.get(&amp;quot;error&amp;quot;, None)\n                    if not status:\n                        status = value.get(&amp;quot;status&amp;quot;, ErrorCode.UNKNOWN_ERROR)\n                        message = value.get(&amp;quot;value&amp;quot;) or value.get(&amp;quot;message&amp;quot;)\n                        if not isinstance(message, str):\n                            value = message\n                            message = message.get(&amp;quot;message&amp;quot;)\n                    else:\n                        message = value.get(&amp;quot;message&amp;quot;, None)\n                except ValueError:\n                    pass\n    \n        exception_class: Type[WebDriverException]\n        e = ErrorCode()\n        error_codes = [item for item in dir(e) if not item.startswith(&amp;quot;__&amp;quot;)]\n        for error_code in error_codes:\n            error_info = getattr(ErrorCode, error_code)\n            if isinstance(error_info, list) and status in error_info:\n                exception_class = getattr(ExceptionMapping, error_code, WebDriverException)\n                break\n        else:\n            exception_class = WebDriverException\n    \n        if not value:\n            value = response[&amp;quot;value&amp;quot;]\n        if isinstance(value, str):\n            raise exception_class(value)\n        if message == &amp;quot;&amp;quot; and &amp;quot;message&amp;quot; in value:\n            message = value[&amp;quot;message&amp;quot;]\n    \n        screen = None  # type: ignore[assignment]\n        if &amp;quot;screen&amp;quot; in value:\n            screen = value[&amp;quot;screen&amp;quot;]\n    \n        stacktrace = None\n        st_value = value.get(&amp;quot;stackTrace&amp;quot;) or value.get(&amp;quot;stacktrace&amp;quot;)\n        if st_value:\n            if isinstance(st_value, str):\n                stacktrace = st_value.split(&amp;quot;\\n&amp;quot;)\n            else:\n                stacktrace = []\n                try:\n                    for frame in st_value:\n                        line = frame.get(&amp;quot;lineNumber&amp;quot;, &amp;quot;&amp;quot;)\n                        file = frame.get(&amp;quot;fileName&amp;quot;, &amp;quot;&amp;lt;anonymous&amp;gt;&amp;quot;)\n                        if line:\n                            file = f&amp;quot;{file}:{line}&amp;quot;\n                        meth = frame.get(&amp;quot;methodName&amp;quot;, &amp;quot;&amp;lt;anonymous&amp;gt;&amp;quot;)\n                        if &amp;quot;className&amp;quot; in frame:\n                            meth = f&amp;quot;{frame[&amp;#x27;className&amp;#x27;]}.{meth}&amp;quot;\n                        msg = &amp;quot;    at %s (%s)&amp;quot;\n                        msg = msg % (meth, file)\n                        stacktrace.append(msg)\n                except TypeError:\n                    pass\n        if exception_class == UnexpectedAlertPresentException:\n            alert_text = None\n            if &amp;quot;data&amp;quot; in value:\n                alert_text = value[&amp;quot;data&amp;quot;].get(&amp;quot;text&amp;quot;)\n            elif &amp;quot;alert&amp;quot; in value:\n                alert_text = value[&amp;quot;alert&amp;quot;].get(&amp;quot;text&amp;quot;)\n            raise exception_class(message, screen, stacktrace, alert_text)  # type: ignore[call-arg]  # mypy is not smart enough here\n&amp;gt;       raise exception_class(message, screen, stacktrace)\nE       selenium.common.exceptions.NoSuchElementException: Message: no such element: Unable to locate element: {&amp;quot;method&amp;quot;:&amp;quot;css selector&amp;quot;,&amp;quot;selector&amp;quot;:&amp;quot;[class=&amp;#x27;sc-llJcti cLATmR sc-jfmDQi LQhpp&amp;#x27;]&amp;quot;}\nE         (Session info: chrome=127.0.6533.120); For documentation on this error, please visit: https://www.selenium.dev/documentation/webdriver/troubleshooting/errors#no-such-element-exception\nE       Stacktrace:\nE       0   chromedriver                        0x0000000102d5d024 cxxbridge1$str$ptr + 1887276\nE       1   chromedriver                        0x0000000102d55700 cxxbridge1$str$ptr + 1856264\nE       2   chromedriver                        0x000000010296482c cxxbridge1$string$len + 88524\nE       3   chromedriver                        0x00000001029a8834 cxxbridge1$string$len + 367060\nE       4   chromedriver                        0x00000001029e048c cxxbridge1$string$len + 595500\nE       5   chromedriver                        0x000000010299d474 cxxbridge1$string$len + 321044\nE       6   chromedriver                        0x000000010299e0e4 cxxbridge1$string$len + 324228\nE       7   chromedriver                        0x0000000102d24a08 cxxbridge1$str$ptr + 1656336\nE       8   chromedriver                        0x0000000102d29464 cxxbridge1$str$ptr + 1675372\nE       9   chromedriver                        0x0000000102d0a8ec cxxbridge1$str$ptr + 1549556\nE       10  chromedriver                        0x0000000102d29c14 cxxbridge1$str$ptr + 1677340\nE       11  chromedriver                        0x0000000102cfc5fc cxxbridge1$str$ptr + 1491460\nE       12  chromedriver                        0x0000000102d46a5c cxxbridge1$str$ptr + 1795684\nE       13  chromedriver                        0x0000000102d46bd8 cxxbridge1$str$ptr + 1796064\nE       14  chromedriver                        0x0000000102d55334 cxxbridge1$str$ptr + 1855292\nE       15  libsystem_pthread.dylib             0x000000018bd06f94 _pthread_start + 136\nE       16  libsystem_pthread.dylib             0x000000018bd01d34 thread_start + 8\n\n../../Library/Python/3.10/lib/python/site-packages/selenium/webdriver/remote/errorhandler.py:229: NoSuchElementException\n\nDuring handling of the above exception, another exception occurred:\n\nself = &amp;lt;Test.test_E2E.TestEmbibe object at 0x10670a740&amp;gt;\n\n    @pytest.mark.usefixtures(&amp;quot;setup&amp;quot;)\n    def test_search_practice(self):\n        self.test_sign_in_password()\n        SP = SearchPage(self.driver)\n&amp;gt;       SP.search_practice_tab()\n\nTest/test_E2E.py:389: \n_ _ _ _ _ _ _ _ _ _ _ _ _ _ _ _ _ _ _ _ _ _ _ _ _ _ _ _ _ _ _ _ _ _ _ _ _ _ _ _ _ _ _ _ _ _ _ _ _ _ _ _ _ _ _ _ _ _ _ _ _ _ _ _ _ _ _ _ _ _ _ _ _ _ _ _ _ _ _ _ _ _ _ _\nPageObject/search_page.py:124: in search_practice_tab\n    self.play_video_button()\nPageObject/search_page.py:179: in play_video_button\n    self.driver.find_element(*LearnHomePage.learn_button).send_keys(keys.Keys.ESCAPE)\n../../Library/Python/3.10/lib/python/site-packages/selenium/webdriver/remote/webelement.py:231: in send_keys\n    self._execute(\n../../Library/Python/3.10/lib/python/site-packages/selenium/webdriver/remote/webelement.py:395: in _execute\n    return self._parent.execute(command, params)\n../../Library/Python/3.10/lib/python/site-packages/selenium/webdriver/remote/webdriver.py:347: in execute\n    self.error_handler.check_response(response)\n_ _ _ _ _ _ _ _ _ _ _ _ _ _ _ _ _ _ _ _ _ _ _ _ _ _ _ _ _ _ _ _ _ _ _ _ _ _ _ _ _ _ _ _ _ _ _ _ _ _ _ _ _ _ _ _ _ _ _ _ _ _ _ _ _ _ _ _ _ _ _ _ _ _ _ _ _ _ _ _ _ _ _ _\n\nself = &amp;lt;selenium.webdriver.remote.errorhandler.ErrorHandler object at 0x107b24610&amp;gt;\nresponse = {&amp;#x27;status&amp;#x27;: 400, &amp;#x27;value&amp;#x27;: &amp;#x27;{&amp;quot;value&amp;quot;:{&amp;quot;error&amp;quot;:&amp;quot;element not interactable&amp;quot;,&amp;quot;message&amp;quot;:&amp;quot;element not interactable\\\\n  (Sessio...00018bd06f94 _pthread_start + 136\\\\n18  libsystem_pthread.dylib             0x000000018bd01d34 thread_start + 8\\\\n&amp;quot;}}&amp;#x27;}\n\n    def check_response(self, response: Dict[str, Any]) -&amp;gt; None:\n        &amp;quot;&amp;quot;&amp;quot;Checks that a JSON response from the WebDriver does not have an\n        error.\n    \n        :Args:\n         - response - The JSON response from the WebDriver server as a dictionary\n           object.\n    \n        :Raises: If the response contains an error message.\n        &amp;quot;&amp;quot;&amp;quot;\n        status = response.get(&amp;quot;status&amp;quot;, None)\n        if not status or status == ErrorCode.SUCCESS:\n            return\n        value = None\n        message = response.get(&amp;quot;message&amp;quot;, &amp;quot;&amp;quot;)\n        screen: str = response.get(&amp;quot;screen&amp;quot;, &amp;quot;&amp;quot;)\n        stacktrace = None\n        if isinstance(status, int):\n            value_json = response.get(&amp;quot;value&amp;quot;, None)\n            if value_json and isinstance(value_json, str):\n                import json\n    \n                try:\n                    value = json.loads(value_json)\n                    if len(value) == 1:\n                        value = value[&amp;quot;value&amp;quot;]\n                    status = value.get(&amp;quot;error&amp;quot;, None)\n                    if not status:\n                        status = value.get(&amp;quot;status&amp;quot;, ErrorCode.UNKNOWN_ERROR)\n                        message = value.get(&amp;quot;value&amp;quot;) or value.get(&amp;quot;message&amp;quot;)\n                        if not isinstance(message, str):\n                            value = message\n                            message = message.get(&amp;quot;message&amp;quot;)\n                    else:\n                        message = value.get(&amp;quot;message&amp;quot;, None)\n                except ValueError:\n                    pass\n    \n        exception_class: Type[WebDriverException]\n        e = ErrorCode()\n        error_codes = [item for item in dir(e) if not item.startswith(&amp;quot;__&amp;quot;)]\n        for error_code in error_codes:\n            error_info = getattr(ErrorCode, error_code)\n            if isinstance(error_info, list) and status in error_info:\n                exception_class = getattr(ExceptionMapping, error_code, WebDriverException)\n                break\n        else:\n            exception_class = WebDriverException\n    \n        if not value:\n            value = response[&amp;quot;value&amp;quot;]\n        if isinstance(value, str):\n            raise exception_class(value)\n        if message == &amp;quot;&amp;quot; and &amp;quot;message&amp;quot; in value:\n            message = value[&amp;quot;message&amp;quot;]\n    \n        screen = None  # type: ignore[assignment]\n        if &amp;quot;screen&amp;quot; in value:\n            screen = value[&amp;quot;screen&amp;quot;]\n    \n        stacktrace = None\n        st_value = value.get(&amp;quot;stackTrace&amp;quot;) or value.get(&amp;quot;stacktrace&amp;quot;)\n        if st_value:\n            if isinstance(st_value, str):\n                stacktrace = st_value.split(&amp;quot;\\n&amp;quot;)\n            else:\n                stacktrace = []\n                try:\n                    for frame in st_value:\n                        line = frame.get(&amp;quot;lineNumber&amp;quot;, &amp;quot;&amp;quot;)\n                        file = frame.get(&amp;quot;fileName&amp;quot;, &amp;quot;&amp;lt;anonymous&amp;gt;&amp;quot;)\n                        if line:\n                            file = f&amp;quot;{file}:{line}&amp;quot;\n                        meth = frame.get(&amp;quot;methodName&amp;quot;, &amp;quot;&amp;lt;anonymous&amp;gt;&amp;quot;)\n                        if &amp;quot;className&amp;quot; in frame:\n                            meth = f&amp;quot;{frame[&amp;#x27;className&amp;#x27;]}.{meth}&amp;quot;\n                        msg = &amp;quot;    at %s (%s)&amp;quot;\n                        msg = msg % (meth, file)\n                        stacktrace.append(msg)\n                except TypeError:\n                    pass\n        if exception_class == UnexpectedAlertPresentException:\n            alert_text = None\n            if &amp;quot;data&amp;quot; in value:\n                alert_text = value[&amp;quot;data&amp;quot;].get(&amp;quot;text&amp;quot;)\n            elif &amp;quot;alert&amp;quot; in value:\n                alert_text = value[&amp;quot;alert&amp;quot;].get(&amp;quot;text&amp;quot;)\n            raise exception_class(message, screen, stacktrace, alert_text)  # type: ignore[call-arg]  # mypy is not smart enough here\n&amp;gt;       raise exception_class(message, screen, stacktrace)\nE       selenium.common.exceptions.ElementNotInteractableException: Message: element not interactable\nE         (Session info: chrome=127.0.6533.120)\nE       Stacktrace:\nE       0   chromedriver                        0x0000000102d5d024 cxxbridge1$str$ptr + 1887276\nE       1   chromedriver                        0x0000000102d55700 cxxbridge1$str$ptr + 1856264\nE       2   chromedriver                        0x0000000102964694 cxxbridge1$string$len + 88116\nE       3   chromedriver                        0x00000001029a352c cxxbridge1$string$len + 345804\nE       4   chromedriver                        0x00000001029a1f28 cxxbridge1$string$len + 340168\nE       5   chromedriver                        0x000000010299ee38 cxxbridge1$string$len + 327640\nE       6   chromedriver                        0x00000001029e048c cxxbridge1$string$len + 595500\nE       7   chromedriver                        0x000000010299d474 cxxbridge1$string$len + 321044\nE       8   chromedriver                        0x000000010299e0e4 cxxbridge1$string$len + 324228\nE       9   chromedriver                        0x0000000102d24a08 cxxbridge1$str$ptr + 1656336\nE       10  chromedriver                        0x0000000102d29464 cxxbridge1$str$ptr + 1675372\nE       11  chromedriver                        0x0000000102d0a8ec cxxbridge1$str$ptr + 1549556\nE       12  chromedriver                        0x0000000102d29c14 cxxbridge1$str$ptr + 1677340\nE       13  chromedriver                        0x0000000102cfc5fc cxxbridge1$str$ptr + 1491460\nE       14  chromedriver                        0x0000000102d46a5c cxxbridge1$str$ptr + 1795684\nE       15  chromedriver                        0x0000000102d46bd8 cxxbridge1$str$ptr + 1796064\nE       16  chromedriver                        0x0000000102d55334 cxxbridge1$str$ptr + 1855292\nE       17  libsystem_pthread.dylib             0x000000018bd06f94 _pthread_start + 136\nE       18  libsystem_pthread.dylib             0x000000018bd01d34 thread_start + 8\n\n../../Library/Python/3.10/lib/python/site-packages/selenium/webdriver/remote/errorhandler.py:229: ElementNotInteractableException\n\n------------------------------ Captured log call -------------------------------\nINFO     test_sign_in_password:test_E2E.py:19 Testcase: Sign in with Password\n\n&#34;}], &#34;Test/test_E2E.py::TestEmbibe::test_search_test&#34;: [{&#34;extras&#34;: [{&#34;name&#34;: null, &#34;format_type&#34;: &#34;html&#34;, &#34;content&#34;: &#34;&lt;div&gt;&lt;img src=\&#34;Test/test_E2E.py_TestEmbibe_test_search_test.png\&#34; alt=\&#34;screenshot\&#34; style=\&#34;width:304px;height:228px;\&#34; onclick=\&#34;window.open(this.src)\&#34; align=\&#34;right\&#34;/&gt;&lt;/div&gt;&#34;, &#34;mime_type&#34;: null, &#34;extension&#34;: null}], &#34;result&#34;: &#34;Failed&#34;, &#34;testId&#34;: &#34;Test/test_E2E.py::TestEmbibe::test_search_test&#34;, &#34;duration&#34;: &#34;00:00:22&#34;, &#34;resultsTableRow&#34;: [&#34;&lt;td class=\&#34;col-result\&#34;&gt;Failed&lt;/td&gt;&#34;, &#34;&lt;td class=\&#34;col-testId\&#34;&gt;Test/test_E2E.py::TestEmbibe::test_search_test&lt;/td&gt;&#34;, &#34;&lt;td class=\&#34;col-duration\&#34;&gt;00:00:22&lt;/td&gt;&#34;, &#34;&lt;td class=\&#34;col-links\&#34;&gt;&lt;/td&gt;&#34;], &#34;log&#34;: &#34;self = &amp;lt;Test.test_E2E.TestEmbibe object at 0x10670a590&amp;gt;\n\n    @pytest.mark.usefixtures(&amp;quot;setup&amp;quot;)\n    def test_search_test(self):\n&amp;gt;       self.test_sign_in_password()\n\nTest/test_E2E.py:393: \n_ _ _ _ _ _ _ _ _ _ _ _ _ _ _ _ _ _ _ _ _ _ _ _ _ _ _ _ _ _ _ _ _ _ _ _ _ _ _ _ _ _ _ _ _ _ _ _ _ _ _ _ _ _ _ _ _ _ _ _ _ _ _ _ _ _ _ _ _ _ _ _ _ _ _ _ _ _ _ _ _ _ _ _\nTest/test_E2E.py:17: in test_sign_in_password\n    login.test_sign_in_password()\nPageObject/signUp_signIn.py:72: in test_sign_in_password\n    self.driver.find_element(*signIn_up.email_field).send_keys(self.mobile_num)\n../../Library/Python/3.10/lib/python/site-packages/selenium/webdriver/remote/webdriver.py:741: in find_element\n    return self.execute(Command.FIND_ELEMENT, {&amp;quot;using&amp;quot;: by, &amp;quot;value&amp;quot;: value})[&amp;quot;value&amp;quot;]\n../../Library/Python/3.10/lib/python/site-packages/selenium/webdriver/remote/webdriver.py:347: in execute\n    self.error_handler.check_response(response)\n_ _ _ _ _ _ _ _ _ _ _ _ _ _ _ _ _ _ _ _ _ _ _ _ _ _ _ _ _ _ _ _ _ _ _ _ _ _ _ _ _ _ _ _ _ _ _ _ _ _ _ _ _ _ _ _ _ _ _ _ _ _ _ _ _ _ _ _ _ _ _ _ _ _ _ _ _ _ _ _ _ _ _ _\n\nself = &amp;lt;selenium.webdriver.remote.errorhandler.ErrorHandler object at 0x107c2c4c0&amp;gt;\nresponse = {&amp;#x27;status&amp;#x27;: 404, &amp;#x27;value&amp;#x27;: &amp;#x27;{&amp;quot;value&amp;quot;:{&amp;quot;error&amp;quot;:&amp;quot;no such element&amp;quot;,&amp;quot;message&amp;quot;:&amp;quot;no such element: Unable to locate element: {\\...00018bd06f94 _pthread_start + 136\\\\n16  libsystem_pthread.dylib             0x000000018bd01d34 thread_start + 8\\\\n&amp;quot;}}&amp;#x27;}\n\n    def check_response(self, response: Dict[str, Any]) -&amp;gt; None:\n        &amp;quot;&amp;quot;&amp;quot;Checks that a JSON response from the WebDriver does not have an\n        error.\n    \n        :Args:\n         - response - The JSON response from the WebDriver server as a dictionary\n           object.\n    \n        :Raises: If the response contains an error message.\n        &amp;quot;&amp;quot;&amp;quot;\n        status = response.get(&amp;quot;status&amp;quot;, None)\n        if not status or status == ErrorCode.SUCCESS:\n            return\n        value = None\n        message = response.get(&amp;quot;message&amp;quot;, &amp;quot;&amp;quot;)\n        screen: str = response.get(&amp;quot;screen&amp;quot;, &amp;quot;&amp;quot;)\n        stacktrace = None\n        if isinstance(status, int):\n            value_json = response.get(&amp;quot;value&amp;quot;, None)\n            if value_json and isinstance(value_json, str):\n                import json\n    \n                try:\n                    value = json.loads(value_json)\n                    if len(value) == 1:\n                        value = value[&amp;quot;value&amp;quot;]\n                    status = value.get(&amp;quot;error&amp;quot;, None)\n                    if not status:\n                        status = value.get(&amp;quot;status&amp;quot;, ErrorCode.UNKNOWN_ERROR)\n                        message = value.get(&amp;quot;value&amp;quot;) or value.get(&amp;quot;message&amp;quot;)\n                        if not isinstance(message, str):\n                            value = message\n                            message = message.get(&amp;quot;message&amp;quot;)\n                    else:\n                        message = value.get(&amp;quot;message&amp;quot;, None)\n                except ValueError:\n                    pass\n    \n        exception_class: Type[WebDriverException]\n        e = ErrorCode()\n        error_codes = [item for item in dir(e) if not item.startswith(&amp;quot;__&amp;quot;)]\n        for error_code in error_codes:\n            error_info = getattr(ErrorCode, error_code)\n            if isinstance(error_info, list) and status in error_info:\n                exception_class = getattr(ExceptionMapping, error_code, WebDriverException)\n                break\n        else:\n            exception_class = WebDriverException\n    \n        if not value:\n            value = response[&amp;quot;value&amp;quot;]\n        if isinstance(value, str):\n            raise exception_class(value)\n        if message == &amp;quot;&amp;quot; and &amp;quot;message&amp;quot; in value:\n            message = value[&amp;quot;message&amp;quot;]\n    \n        screen = None  # type: ignore[assignment]\n        if &amp;quot;screen&amp;quot; in value:\n            screen = value[&amp;quot;screen&amp;quot;]\n    \n        stacktrace = None\n        st_value = value.get(&amp;quot;stackTrace&amp;quot;) or value.get(&amp;quot;stacktrace&amp;quot;)\n        if st_value:\n            if isinstance(st_value, str):\n                stacktrace = st_value.split(&amp;quot;\\n&amp;quot;)\n            else:\n                stacktrace = []\n                try:\n                    for frame in st_value:\n                        line = frame.get(&amp;quot;lineNumber&amp;quot;, &amp;quot;&amp;quot;)\n                        file = frame.get(&amp;quot;fileName&amp;quot;, &amp;quot;&amp;lt;anonymous&amp;gt;&amp;quot;)\n                        if line:\n                            file = f&amp;quot;{file}:{line}&amp;quot;\n                        meth = frame.get(&amp;quot;methodName&amp;quot;, &amp;quot;&amp;lt;anonymous&amp;gt;&amp;quot;)\n                        if &amp;quot;className&amp;quot; in frame:\n                            meth = f&amp;quot;{frame[&amp;#x27;className&amp;#x27;]}.{meth}&amp;quot;\n                        msg = &amp;quot;    at %s (%s)&amp;quot;\n                        msg = msg % (meth, file)\n                        stacktrace.append(msg)\n                except TypeError:\n                    pass\n        if exception_class == UnexpectedAlertPresentException:\n            alert_text = None\n            if &amp;quot;data&amp;quot; in value:\n                alert_text = value[&amp;quot;data&amp;quot;].get(&amp;quot;text&amp;quot;)\n            elif &amp;quot;alert&amp;quot; in value:\n                alert_text = value[&amp;quot;alert&amp;quot;].get(&amp;quot;text&amp;quot;)\n            raise exception_class(message, screen, stacktrace, alert_text)  # type: ignore[call-arg]  # mypy is not smart enough here\n&amp;gt;       raise exception_class(message, screen, stacktrace)\nE       selenium.common.exceptions.NoSuchElementException: Message: no such element: Unable to locate element: {&amp;quot;method&amp;quot;:&amp;quot;xpath&amp;quot;,&amp;quot;selector&amp;quot;:&amp;quot;//*[@name = &amp;#x27;email&amp;#x27;]&amp;quot;}\nE         (Session info: chrome=127.0.6533.120); For documentation on this error, please visit: https://www.selenium.dev/documentation/webdriver/troubleshooting/errors#no-such-element-exception\nE       Stacktrace:\nE       0   chromedriver                        0x0000000100f1d024 cxxbridge1$str$ptr + 1887276\nE       1   chromedriver                        0x0000000100f15700 cxxbridge1$str$ptr + 1856264\nE       2   chromedriver                        0x0000000100b2482c cxxbridge1$string$len + 88524\nE       3   chromedriver                        0x0000000100b68834 cxxbridge1$string$len + 367060\nE       4   chromedriver                        0x0000000100ba048c cxxbridge1$string$len + 595500\nE       5   chromedriver                        0x0000000100b5d474 cxxbridge1$string$len + 321044\nE       6   chromedriver                        0x0000000100b5e0e4 cxxbridge1$string$len + 324228\nE       7   chromedriver                        0x0000000100ee4a08 cxxbridge1$str$ptr + 1656336\nE       8   chromedriver                        0x0000000100ee9464 cxxbridge1$str$ptr + 1675372\nE       9   chromedriver                        0x0000000100eca8ec cxxbridge1$str$ptr + 1549556\nE       10  chromedriver                        0x0000000100ee9c14 cxxbridge1$str$ptr + 1677340\nE       11  chromedriver                        0x0000000100ebc5fc cxxbridge1$str$ptr + 1491460\nE       12  chromedriver                        0x0000000100f06a5c cxxbridge1$str$ptr + 1795684\nE       13  chromedriver                        0x0000000100f06bd8 cxxbridge1$str$ptr + 1796064\nE       14  chromedriver                        0x0000000100f15334 cxxbridge1$str$ptr + 1855292\nE       15  libsystem_pthread.dylib             0x000000018bd06f94 _pthread_start + 136\nE       16  libsystem_pthread.dylib             0x000000018bd01d34 thread_start + 8\n\n../../Library/Python/3.10/lib/python/site-packages/selenium/webdriver/remote/errorhandler.py:229: NoSuchElementException\n&#34;}], &#34;Test/test_E2E.py::TestEmbibe::test_goal_exam_en&#34;: [{&#34;extras&#34;: [], &#34;result&#34;: &#34;Passed&#34;, &#34;testId&#34;: &#34;Test/test_E2E.py::TestEmbibe::test_goal_exam_en&#34;, &#34;duration&#34;: &#34;00:00:11&#34;, &#34;resultsTableRow&#34;: [&#34;&lt;td class=\&#34;col-result\&#34;&gt;Passed&lt;/td&gt;&#34;, &#34;&lt;td class=\&#34;col-testId\&#34;&gt;Test/test_E2E.py::TestEmbibe::test_goal_exam_en&lt;/td&gt;&#34;, &#34;&lt;td class=\&#34;col-duration\&#34;&gt;00:00:11&lt;/td&gt;&#34;, &#34;&lt;td class=\&#34;col-links\&#34;&gt;&lt;/td&gt;&#34;], &#34;log&#34;: &#34;----------------------------- Captured stdout call -----------------------------\nUser langugae is English\n\n------------------------------ Captured log call -------------------------------\nINFO     test_sign_in_password:test_E2E.py:19 Testcase: Sign in with Password\n\n&#34;}], &#34;Test/test_E2E.py::TestEmbibe::test_update_profile&#34;: [{&#34;extras&#34;: [], &#34;result&#34;: &#34;Passed&#34;, &#34;testId&#34;: &#34;Test/test_E2E.py::TestEmbibe::test_update_profile&#34;, &#34;duration&#34;: &#34;00:00:06&#34;, &#34;resultsTableRow&#34;: [&#34;&lt;td class=\&#34;col-result\&#34;&gt;Passed&lt;/td&gt;&#34;, &#34;&lt;td class=\&#34;col-testId\&#34;&gt;Test/test_E2E.py::TestEmbibe::test_update_profile&lt;/td&gt;&#34;, &#34;&lt;td class=\&#34;col-duration\&#34;&gt;00:00:06&lt;/td&gt;&#34;, &#34;&lt;td class=\&#34;col-links\&#34;&gt;&lt;/td&gt;&#34;], &#34;log&#34;: &#34;------------------------------ Captured log call -------------------------------\nINFO     test_sign_in_password:test_E2E.py:19 Testcase: Sign in with Password\n\n&#34;}], &#34;Test/test_E2E.py::TestEmbibe::test_update_avatar&#34;: [{&#34;extras&#34;: [], &#34;result&#34;: &#34;Passed&#34;, &#34;testId&#34;: &#34;Test/test_E2E.py::TestEmbibe::test_update_avatar&#34;, &#34;duration&#34;: &#34;00:00:07&#34;, &#34;resultsTableRow&#34;: [&#34;&lt;td class=\&#34;col-result\&#34;&gt;Passed&lt;/td&gt;&#34;, &#34;&lt;td class=\&#34;col-testId\&#34;&gt;Test/test_E2E.py::TestEmbibe::test_update_avatar&lt;/td&gt;&#34;, &#34;&lt;td class=\&#34;col-duration\&#34;&gt;00:00:07&lt;/td&gt;&#34;, &#34;&lt;td class=\&#34;col-links\&#34;&gt;&lt;/td&gt;&#34;], &#34;log&#34;: &#34;------------------------------ Captured log call -------------------------------\nINFO     test_sign_in_password:test_E2E.py:19 Testcase: Sign in with Password\n\n&#34;}], &#34;Test/test_E2E.py::TestEmbibe::test_profile_edit_goal_exam&#34;: [{&#34;extras&#34;: [], &#34;result&#34;: &#34;Passed&#34;, &#34;testId&#34;: &#34;Test/test_E2E.py::TestEmbibe::test_profile_edit_goal_exam&#34;, &#34;duration&#34;: &#34;00:00:07&#34;, &#34;resultsTableRow&#34;: [&#34;&lt;td class=\&#34;col-result\&#34;&gt;Passed&lt;/td&gt;&#34;, &#34;&lt;td class=\&#34;col-testId\&#34;&gt;Test/test_E2E.py::TestEmbibe::test_profile_edit_goal_exam&lt;/td&gt;&#34;, &#34;&lt;td class=\&#34;col-duration\&#34;&gt;00:00:07&lt;/td&gt;&#34;, &#34;&lt;td class=\&#34;col-links\&#34;&gt;&lt;/td&gt;&#34;], &#34;log&#34;: &#34;------------------------------ Captured log call -------------------------------\nINFO     test_sign_in_password:test_E2E.py:19 Testcase: Sign in with Password\nINFO     test_profile_edit_goal_exam:test_E2E.py:430 Test case: Edit Goal from the Profile Screen\n\n&#34;}], &#34;Test/test_E2E.py::TestEmbibe::test_goal_exam_hi&#34;: [{&#34;extras&#34;: [{&#34;name&#34;: null, &#34;format_type&#34;: &#34;html&#34;, &#34;content&#34;: &#34;&lt;div&gt;&lt;img src=\&#34;Test/test_E2E.py_TestEmbibe_test_goal_exam_hi.png\&#34; alt=\&#34;screenshot\&#34; style=\&#34;width:304px;height:228px;\&#34; onclick=\&#34;window.open(this.src)\&#34; align=\&#34;right\&#34;/&gt;&lt;/div&gt;&#34;, &#34;mime_type&#34;: null, &#34;extension&#34;: null}], &#34;result&#34;: &#34;Failed&#34;, &#34;testId&#34;: &#34;Test/test_E2E.py::TestEmbibe::test_goal_exam_hi&#34;, &#34;duration&#34;: &#34;00:00:22&#34;, &#34;resultsTableRow&#34;: [&#34;&lt;td class=\&#34;col-result\&#34;&gt;Failed&lt;/td&gt;&#34;, &#34;&lt;td class=\&#34;col-testId\&#34;&gt;Test/test_E2E.py::TestEmbibe::test_goal_exam_hi&lt;/td&gt;&#34;, &#34;&lt;td class=\&#34;col-duration\&#34;&gt;00:00:22&lt;/td&gt;&#34;, &#34;&lt;td class=\&#34;col-links\&#34;&gt;&lt;/td&gt;&#34;], &#34;log&#34;: &#34;self = &amp;lt;Test.test_E2E.TestEmbibe object at 0x106709fc0&amp;gt;\n\n    @pytest.mark.usefixtures(&amp;quot;setup&amp;quot;)\n    def test_goal_exam_hi(self):\n        log = self.getLogger()\n&amp;gt;       self.test_sign_in_password()\n\nTest/test_E2E.py:435: \n_ _ _ _ _ _ _ _ _ _ _ _ _ _ _ _ _ _ _ _ _ _ _ _ _ _ _ _ _ _ _ _ _ _ _ _ _ _ _ _ _ _ _ _ _ _ _ _ _ _ _ _ _ _ _ _ _ _ _ _ _ _ _ _ _ _ _ _ _ _ _ _ _ _ _ _ _ _ _ _ _ _ _ _\nTest/test_E2E.py:17: in test_sign_in_password\n    login.test_sign_in_password()\nPageObject/signUp_signIn.py:72: in test_sign_in_password\n    self.driver.find_element(*signIn_up.email_field).send_keys(self.mobile_num)\n../../Library/Python/3.10/lib/python/site-packages/selenium/webdriver/remote/webdriver.py:741: in find_element\n    return self.execute(Command.FIND_ELEMENT, {&amp;quot;using&amp;quot;: by, &amp;quot;value&amp;quot;: value})[&amp;quot;value&amp;quot;]\n../../Library/Python/3.10/lib/python/site-packages/selenium/webdriver/remote/webdriver.py:347: in execute\n    self.error_handler.check_response(response)\n_ _ _ _ _ _ _ _ _ _ _ _ _ _ _ _ _ _ _ _ _ _ _ _ _ _ _ _ _ _ _ _ _ _ _ _ _ _ _ _ _ _ _ _ _ _ _ _ _ _ _ _ _ _ _ _ _ _ _ _ _ _ _ _ _ _ _ _ _ _ _ _ _ _ _ _ _ _ _ _ _ _ _ _\n\nself = &amp;lt;selenium.webdriver.remote.errorhandler.ErrorHandler object at 0x107a7ab00&amp;gt;\nresponse = {&amp;#x27;status&amp;#x27;: 404, &amp;#x27;value&amp;#x27;: &amp;#x27;{&amp;quot;value&amp;quot;:{&amp;quot;error&amp;quot;:&amp;quot;no such element&amp;quot;,&amp;quot;message&amp;quot;:&amp;quot;no such element: Unable to locate element: {\\...00018bd06f94 _pthread_start + 136\\\\n16  libsystem_pthread.dylib             0x000000018bd01d34 thread_start + 8\\\\n&amp;quot;}}&amp;#x27;}\n\n    def check_response(self, response: Dict[str, Any]) -&amp;gt; None:\n        &amp;quot;&amp;quot;&amp;quot;Checks that a JSON response from the WebDriver does not have an\n        error.\n    \n        :Args:\n         - response - The JSON response from the WebDriver server as a dictionary\n           object.\n    \n        :Raises: If the response contains an error message.\n        &amp;quot;&amp;quot;&amp;quot;\n        status = response.get(&amp;quot;status&amp;quot;, None)\n        if not status or status == ErrorCode.SUCCESS:\n            return\n        value = None\n        message = response.get(&amp;quot;message&amp;quot;, &amp;quot;&amp;quot;)\n        screen: str = response.get(&amp;quot;screen&amp;quot;, &amp;quot;&amp;quot;)\n        stacktrace = None\n        if isinstance(status, int):\n            value_json = response.get(&amp;quot;value&amp;quot;, None)\n            if value_json and isinstance(value_json, str):\n                import json\n    \n                try:\n                    value = json.loads(value_json)\n                    if len(value) == 1:\n                        value = value[&amp;quot;value&amp;quot;]\n                    status = value.get(&amp;quot;error&amp;quot;, None)\n                    if not status:\n                        status = value.get(&amp;quot;status&amp;quot;, ErrorCode.UNKNOWN_ERROR)\n                        message = value.get(&amp;quot;value&amp;quot;) or value.get(&amp;quot;message&amp;quot;)\n                        if not isinstance(message, str):\n                            value = message\n                            message = message.get(&amp;quot;message&amp;quot;)\n                    else:\n                        message = value.get(&amp;quot;message&amp;quot;, None)\n                except ValueError:\n                    pass\n    \n        exception_class: Type[WebDriverException]\n        e = ErrorCode()\n        error_codes = [item for item in dir(e) if not item.startswith(&amp;quot;__&amp;quot;)]\n        for error_code in error_codes:\n            error_info = getattr(ErrorCode, error_code)\n            if isinstance(error_info, list) and status in error_info:\n                exception_class = getattr(ExceptionMapping, error_code, WebDriverException)\n                break\n        else:\n            exception_class = WebDriverException\n    \n        if not value:\n            value = response[&amp;quot;value&amp;quot;]\n        if isinstance(value, str):\n            raise exception_class(value)\n        if message == &amp;quot;&amp;quot; and &amp;quot;message&amp;quot; in value:\n            message = value[&amp;quot;message&amp;quot;]\n    \n        screen = None  # type: ignore[assignment]\n        if &amp;quot;screen&amp;quot; in value:\n            screen = value[&amp;quot;screen&amp;quot;]\n    \n        stacktrace = None\n        st_value = value.get(&amp;quot;stackTrace&amp;quot;) or value.get(&amp;quot;stacktrace&amp;quot;)\n        if st_value:\n            if isinstance(st_value, str):\n                stacktrace = st_value.split(&amp;quot;\\n&amp;quot;)\n            else:\n                stacktrace = []\n                try:\n                    for frame in st_value:\n                        line = frame.get(&amp;quot;lineNumber&amp;quot;, &amp;quot;&amp;quot;)\n                        file = frame.get(&amp;quot;fileName&amp;quot;, &amp;quot;&amp;lt;anonymous&amp;gt;&amp;quot;)\n                        if line:\n                            file = f&amp;quot;{file}:{line}&amp;quot;\n                        meth = frame.get(&amp;quot;methodName&amp;quot;, &amp;quot;&amp;lt;anonymous&amp;gt;&amp;quot;)\n                        if &amp;quot;className&amp;quot; in frame:\n                            meth = f&amp;quot;{frame[&amp;#x27;className&amp;#x27;]}.{meth}&amp;quot;\n                        msg = &amp;quot;    at %s (%s)&amp;quot;\n                        msg = msg % (meth, file)\n                        stacktrace.append(msg)\n                except TypeError:\n                    pass\n        if exception_class == UnexpectedAlertPresentException:\n            alert_text = None\n            if &amp;quot;data&amp;quot; in value:\n                alert_text = value[&amp;quot;data&amp;quot;].get(&amp;quot;text&amp;quot;)\n            elif &amp;quot;alert&amp;quot; in value:\n                alert_text = value[&amp;quot;alert&amp;quot;].get(&amp;quot;text&amp;quot;)\n            raise exception_class(message, screen, stacktrace, alert_text)  # type: ignore[call-arg]  # mypy is not smart enough here\n&amp;gt;       raise exception_class(message, screen, stacktrace)\nE       selenium.common.exceptions.NoSuchElementException: Message: no such element: Unable to locate element: {&amp;quot;method&amp;quot;:&amp;quot;xpath&amp;quot;,&amp;quot;selector&amp;quot;:&amp;quot;//*[@name = &amp;#x27;email&amp;#x27;]&amp;quot;}\nE         (Session info: chrome=127.0.6533.120); For documentation on this error, please visit: https://www.selenium.dev/documentation/webdriver/troubleshooting/errors#no-such-element-exception\nE       Stacktrace:\nE       0   chromedriver                        0x0000000102a19024 cxxbridge1$str$ptr + 1887276\nE       1   chromedriver                        0x0000000102a11700 cxxbridge1$str$ptr + 1856264\nE       2   chromedriver                        0x000000010262082c cxxbridge1$string$len + 88524\nE       3   chromedriver                        0x0000000102664834 cxxbridge1$string$len + 367060\nE       4   chromedriver                        0x000000010269c48c cxxbridge1$string$len + 595500\nE       5   chromedriver                        0x0000000102659474 cxxbridge1$string$len + 321044\nE       6   chromedriver                        0x000000010265a0e4 cxxbridge1$string$len + 324228\nE       7   chromedriver                        0x00000001029e0a08 cxxbridge1$str$ptr + 1656336\nE       8   chromedriver                        0x00000001029e5464 cxxbridge1$str$ptr + 1675372\nE       9   chromedriver                        0x00000001029c68ec cxxbridge1$str$ptr + 1549556\nE       10  chromedriver                        0x00000001029e5c14 cxxbridge1$str$ptr + 1677340\nE       11  chromedriver                        0x00000001029b85fc cxxbridge1$str$ptr + 1491460\nE       12  chromedriver                        0x0000000102a02a5c cxxbridge1$str$ptr + 1795684\nE       13  chromedriver                        0x0000000102a02bd8 cxxbridge1$str$ptr + 1796064\nE       14  chromedriver                        0x0000000102a11334 cxxbridge1$str$ptr + 1855292\nE       15  libsystem_pthread.dylib             0x000000018bd06f94 _pthread_start + 136\nE       16  libsystem_pthread.dylib             0x000000018bd01d34 thread_start + 8\n\n../../Library/Python/3.10/lib/python/site-packages/selenium/webdriver/remote/errorhandler.py:229: NoSuchElementException\n&#34;}]}, &#34;renderCollapsed&#34;: [&#34;passed&#34;], &#34;initialSort&#34;: &#34;result&#34;, &#34;title&#34;: &#34;report.html&#34;}"></div>
    <script>
      (function(){function r(e,n,t){function o(i,f){if(!n[i]){if(!e[i]){var c="function"==typeof require&&require;if(!f&&c)return c(i,!0);if(u)return u(i,!0);var a=new Error("Cannot find module '"+i+"'");throw a.code="MODULE_NOT_FOUND",a}var p=n[i]={exports:{}};e[i][0].call(p.exports,function(r){var n=e[i][1][r];return o(n||r)},p,p.exports,r,e,n,t)}return n[i].exports}for(var u="function"==typeof require&&require,i=0;i<t.length;i++)o(t[i]);return o}return r})()({1:[function(require,module,exports){
const { getCollapsedCategory, setCollapsedIds } = require('./storage.js')

class DataManager {
    setManager(data) {
        const collapsedCategories = [...getCollapsedCategory(data.renderCollapsed)]
        const collapsedIds = []
        const tests = Object.values(data.tests).flat().map((test, index) => {
            const collapsed = collapsedCategories.includes(test.result.toLowerCase())
            const id = `test_${index}`
            if (collapsed) {
                collapsedIds.push(id)
            }
            return {
                ...test,
                id,
                collapsed,
            }
        })
        const dataBlob = { ...data, tests }
        this.data = { ...dataBlob }
        this.renderData = { ...dataBlob }
        setCollapsedIds(collapsedIds)
    }

    get allData() {
        return { ...this.data }
    }

    resetRender() {
        this.renderData = { ...this.data }
    }

    setRender(data) {
        this.renderData.tests = [...data]
    }

    toggleCollapsedItem(id) {
        this.renderData.tests = this.renderData.tests.map((test) =>
            test.id === id ? { ...test, collapsed: !test.collapsed } : test,
        )
    }

    set allCollapsed(collapsed) {
        this.renderData = { ...this.renderData, tests: [...this.renderData.tests.map((test) => (
            { ...test, collapsed }
        ))] }
    }

    get testSubset() {
        return [...this.renderData.tests]
    }

    get environment() {
        return this.renderData.environment
    }

    get initialSort() {
        return this.data.initialSort
    }
}

module.exports = {
    manager: new DataManager(),
}

},{"./storage.js":8}],2:[function(require,module,exports){
const mediaViewer = require('./mediaviewer.js')
const templateEnvRow = document.getElementById('template_environment_row')
const templateResult = document.getElementById('template_results-table__tbody')

function htmlToElements(html) {
    const temp = document.createElement('template')
    temp.innerHTML = html
    return temp.content.childNodes
}

const find = (selector, elem) => {
    if (!elem) {
        elem = document
    }
    return elem.querySelector(selector)
}

const findAll = (selector, elem) => {
    if (!elem) {
        elem = document
    }
    return [...elem.querySelectorAll(selector)]
}

const dom = {
    getStaticRow: (key, value) => {
        const envRow = templateEnvRow.content.cloneNode(true)
        const isObj = typeof value === 'object' && value !== null
        const values = isObj ? Object.keys(value).map((k) => `${k}: ${value[k]}`) : null

        const valuesElement = htmlToElements(
            values ? `<ul>${values.map((val) => `<li>${val}</li>`).join('')}<ul>` : `<div>${value}</div>`)[0]
        const td = findAll('td', envRow)
        td[0].textContent = key
        td[1].appendChild(valuesElement)

        return envRow
    },
    getResultTBody: ({ testId, id, log, extras, resultsTableRow, tableHtml, result, collapsed }) => {
        const resultBody = templateResult.content.cloneNode(true)
        resultBody.querySelector('tbody').classList.add(result.toLowerCase())
        resultBody.querySelector('tbody').id = testId
        resultBody.querySelector('.collapsible').dataset.id = id

        resultsTableRow.forEach((html) => {
            const t = document.createElement('template')
            t.innerHTML = html
            resultBody.querySelector('.collapsible').appendChild(t.content)
        })

        if (log) {
            // Wrap lines starting with "E" with span.error to color those lines red
            const wrappedLog = log.replace(/^E.*$/gm, (match) => `<span class="error">${match}</span>`)
            resultBody.querySelector('.log').innerHTML = wrappedLog
        } else {
            resultBody.querySelector('.log').remove()
        }

        if (collapsed) {
            resultBody.querySelector('.collapsible > td')?.classList.add('collapsed')
            resultBody.querySelector('.extras-row').classList.add('hidden')
        } else {
            resultBody.querySelector('.collapsible > td')?.classList.remove('collapsed')
        }

        const media = []
        extras?.forEach(({ name, format_type, content }) => {
            if (['image', 'video'].includes(format_type)) {
                media.push({ path: content, name, format_type })
            }

            if (format_type === 'html') {
                resultBody.querySelector('.extraHTML').insertAdjacentHTML('beforeend', `<div>${content}</div>`)
            }
        })
        mediaViewer.setup(resultBody, media)

        // Add custom html from the pytest_html_results_table_html hook
        tableHtml?.forEach((item) => {
            resultBody.querySelector('td[class="extra"]').insertAdjacentHTML('beforeend', item)
        })

        return resultBody
    },
}

module.exports = {
    dom,
    htmlToElements,
    find,
    findAll,
}

},{"./mediaviewer.js":6}],3:[function(require,module,exports){
const { manager } = require('./datamanager.js')
const { doSort } = require('./sort.js')
const storageModule = require('./storage.js')

const getFilteredSubSet = (filter) =>
    manager.allData.tests.filter(({ result }) => filter.includes(result.toLowerCase()))

const doInitFilter = () => {
    const currentFilter = storageModule.getVisible()
    const filteredSubset = getFilteredSubSet(currentFilter)
    manager.setRender(filteredSubset)
}

const doFilter = (type, show) => {
    if (show) {
        storageModule.showCategory(type)
    } else {
        storageModule.hideCategory(type)
    }

    const currentFilter = storageModule.getVisible()
    const filteredSubset = getFilteredSubSet(currentFilter)
    manager.setRender(filteredSubset)

    const sortColumn = storageModule.getSort()
    doSort(sortColumn, true)
}

module.exports = {
    doFilter,
    doInitFilter,
}

},{"./datamanager.js":1,"./sort.js":7,"./storage.js":8}],4:[function(require,module,exports){
const { redraw, bindEvents, renderStatic } = require('./main.js')
const { doInitFilter } = require('./filter.js')
const { doInitSort } = require('./sort.js')
const { manager } = require('./datamanager.js')
const data = JSON.parse(document.getElementById('data-container').dataset.jsonblob)

function init() {
    manager.setManager(data)
    doInitFilter()
    doInitSort()
    renderStatic()
    redraw()
    bindEvents()
}

init()

},{"./datamanager.js":1,"./filter.js":3,"./main.js":5,"./sort.js":7}],5:[function(require,module,exports){
const { dom, find, findAll } = require('./dom.js')
const { manager } = require('./datamanager.js')
const { doSort } = require('./sort.js')
const { doFilter } = require('./filter.js')
const {
    getVisible,
    getCollapsedIds,
    setCollapsedIds,
    getSort,
    getSortDirection,
    possibleFilters,
} = require('./storage.js')

const removeChildren = (node) => {
    while (node.firstChild) {
        node.removeChild(node.firstChild)
    }
}

const renderStatic = () => {
    const renderEnvironmentTable = () => {
        const environment = manager.environment
        const rows = Object.keys(environment).map((key) => dom.getStaticRow(key, environment[key]))
        const table = document.getElementById('environment')
        removeChildren(table)
        rows.forEach((row) => table.appendChild(row))
    }
    renderEnvironmentTable()
}

const addItemToggleListener = (elem) => {
    elem.addEventListener('click', ({ target }) => {
        const id = target.parentElement.dataset.id
        manager.toggleCollapsedItem(id)

        const collapsedIds = getCollapsedIds()
        if (collapsedIds.includes(id)) {
            const updated = collapsedIds.filter((item) => item !== id)
            setCollapsedIds(updated)
        } else {
            collapsedIds.push(id)
            setCollapsedIds(collapsedIds)
        }
        redraw()
    })
}

const renderContent = (tests) => {
    const sortAttr = getSort(manager.initialSort)
    const sortAsc = JSON.parse(getSortDirection())
    const rows = tests.map(dom.getResultTBody)
    const table = document.getElementById('results-table')
    const tableHeader = document.getElementById('results-table-head')

    const newTable = document.createElement('table')
    newTable.id = 'results-table'

    // remove all sorting classes and set the relevant
    findAll('.sortable', tableHeader).forEach((elem) => elem.classList.remove('asc', 'desc'))
    tableHeader.querySelector(`.sortable[data-column-type="${sortAttr}"]`)?.classList.add(sortAsc ? 'desc' : 'asc')
    newTable.appendChild(tableHeader)

    if (!rows.length) {
        const emptyTable = document.getElementById('template_results-table__body--empty').content.cloneNode(true)
        newTable.appendChild(emptyTable)
    } else {
        rows.forEach((row) => {
            if (!!row) {
                findAll('.collapsible td:not(.col-links', row).forEach(addItemToggleListener)
                find('.logexpander', row).addEventListener('click',
                    (evt) => evt.target.parentNode.classList.toggle('expanded'),
                )
                newTable.appendChild(row)
            }
        })
    }

    table.replaceWith(newTable)
}

const renderDerived = () => {
    const currentFilter = getVisible()
    possibleFilters.forEach((result) => {
        const input = document.querySelector(`input[data-test-result="${result}"]`)
        input.checked = currentFilter.includes(result)
    })
}

const bindEvents = () => {
    const filterColumn = (evt) => {
        const { target: element } = evt
        const { testResult } = element.dataset

        doFilter(testResult, element.checked)
        const collapsedIds = getCollapsedIds()
        const updated = manager.renderData.tests.map((test) => {
            return {
                ...test,
                collapsed: collapsedIds.includes(test.id),
            }
        })
        manager.setRender(updated)
        redraw()
    }

    const header = document.getElementById('environment-header')
    header.addEventListener('click', () => {
        const table = document.getElementById('environment')
        table.classList.toggle('hidden')
        header.classList.toggle('collapsed')
    })

    findAll('input[name="filter_checkbox"]').forEach((elem) => {
        elem.addEventListener('click', filterColumn)
    })

    findAll('.sortable').forEach((elem) => {
        elem.addEventListener('click', (evt) => {
            const { target: element } = evt
            const { columnType } = element.dataset
            doSort(columnType)
            redraw()
        })
    })

    document.getElementById('show_all_details').addEventListener('click', () => {
        manager.allCollapsed = false
        setCollapsedIds([])
        redraw()
    })
    document.getElementById('hide_all_details').addEventListener('click', () => {
        manager.allCollapsed = true
        const allIds = manager.renderData.tests.map((test) => test.id)
        setCollapsedIds(allIds)
        redraw()
    })
}

const redraw = () => {
    const { testSubset } = manager

    renderContent(testSubset)
    renderDerived()
}

module.exports = {
    redraw,
    bindEvents,
    renderStatic,
}

},{"./datamanager.js":1,"./dom.js":2,"./filter.js":3,"./sort.js":7,"./storage.js":8}],6:[function(require,module,exports){
class MediaViewer {
    constructor(assets) {
        this.assets = assets
        this.index = 0
    }

    nextActive() {
        this.index = this.index === this.assets.length - 1 ? 0 : this.index + 1
        return [this.activeFile, this.index]
    }

    prevActive() {
        this.index = this.index === 0 ? this.assets.length - 1 : this.index -1
        return [this.activeFile, this.index]
    }

    get currentIndex() {
        return this.index
    }

    get activeFile() {
        return this.assets[this.index]
    }
}


const setup = (resultBody, assets) => {
    if (!assets.length) {
        resultBody.querySelector('.media').classList.add('hidden')
        return
    }

    const mediaViewer = new MediaViewer(assets)
    const container = resultBody.querySelector('.media-container')
    const leftArrow = resultBody.querySelector('.media-container__nav--left')
    const rightArrow = resultBody.querySelector('.media-container__nav--right')
    const mediaName = resultBody.querySelector('.media__name')
    const counter = resultBody.querySelector('.media__counter')
    const imageEl = resultBody.querySelector('img')
    const sourceEl = resultBody.querySelector('source')
    const videoEl = resultBody.querySelector('video')

    const setImg = (media, index) => {
        if (media?.format_type === 'image') {
            imageEl.src = media.path

            imageEl.classList.remove('hidden')
            videoEl.classList.add('hidden')
        } else if (media?.format_type === 'video') {
            sourceEl.src = media.path

            videoEl.classList.remove('hidden')
            imageEl.classList.add('hidden')
        }

        mediaName.innerText = media?.name
        counter.innerText = `${index + 1} / ${assets.length}`
    }
    setImg(mediaViewer.activeFile, mediaViewer.currentIndex)

    const moveLeft = () => {
        const [media, index] = mediaViewer.prevActive()
        setImg(media, index)
    }
    const doRight = () => {
        const [media, index] = mediaViewer.nextActive()
        setImg(media, index)
    }
    const openImg = () => {
        window.open(mediaViewer.activeFile.path, '_blank')
    }
    if (assets.length === 1) {
        container.classList.add('media-container--fullscreen')
    } else {
        leftArrow.addEventListener('click', moveLeft)
        rightArrow.addEventListener('click', doRight)
    }
    imageEl.addEventListener('click', openImg)
}

module.exports = {
    setup,
}

},{}],7:[function(require,module,exports){
const { manager } = require('./datamanager.js')
const storageModule = require('./storage.js')

const genericSort = (list, key, ascending, customOrder) => {
    let sorted
    if (customOrder) {
        sorted = list.sort((a, b) => {
            const aValue = a.result.toLowerCase()
            const bValue = b.result.toLowerCase()

            const aIndex = customOrder.findIndex((item) => item.toLowerCase() === aValue)
            const bIndex = customOrder.findIndex((item) => item.toLowerCase() === bValue)

            // Compare the indices to determine the sort order
            return aIndex - bIndex
        })
    } else {
        sorted = list.sort((a, b) => a[key] === b[key] ? 0 : a[key] > b[key] ? 1 : -1)
    }

    if (ascending) {
        sorted.reverse()
    }
    return sorted
}

const durationSort = (list, ascending) => {
    const parseDuration = (duration) => {
        if (duration.includes(':')) {
            // If it's in the format "HH:mm:ss"
            const [hours, minutes, seconds] = duration.split(':').map(Number)
            return (hours * 3600 + minutes * 60 + seconds) * 1000
        } else {
            // If it's in the format "nnn ms"
            return parseInt(duration)
        }
    }
    const sorted = list.sort((a, b) => parseDuration(a['duration']) - parseDuration(b['duration']))
    if (ascending) {
        sorted.reverse()
    }
    return sorted
}

const doInitSort = () => {
    const type = storageModule.getSort(manager.initialSort)
    const ascending = storageModule.getSortDirection()
    const list = manager.testSubset
    const initialOrder = ['Error', 'Failed', 'Rerun', 'XFailed', 'XPassed', 'Skipped', 'Passed']

    storageModule.setSort(type)
    storageModule.setSortDirection(ascending)

    if (type?.toLowerCase() === 'original') {
        manager.setRender(list)
    } else {
        let sortedList
        switch (type) {
        case 'duration':
            sortedList = durationSort(list, ascending)
            break
        case 'result':
            sortedList = genericSort(list, type, ascending, initialOrder)
            break
        default:
            sortedList = genericSort(list, type, ascending)
            break
        }
        manager.setRender(sortedList)
    }
}

const doSort = (type, skipDirection) => {
    const newSortType = storageModule.getSort(manager.initialSort) !== type
    const currentAsc = storageModule.getSortDirection()
    let ascending
    if (skipDirection) {
        ascending = currentAsc
    } else {
        ascending = newSortType ? false : !currentAsc
    }
    storageModule.setSort(type)
    storageModule.setSortDirection(ascending)

    const list = manager.testSubset
    const sortedList = type === 'duration' ? durationSort(list, ascending) : genericSort(list, type, ascending)
    manager.setRender(sortedList)
}

module.exports = {
    doInitSort,
    doSort,
}

},{"./datamanager.js":1,"./storage.js":8}],8:[function(require,module,exports){
const possibleFilters = [
    'passed',
    'skipped',
    'failed',
    'error',
    'xfailed',
    'xpassed',
    'rerun',
]

const getVisible = () => {
    const url = new URL(window.location.href)
    const settings = new URLSearchParams(url.search).get('visible')
    const lower = (item) => {
        const lowerItem = item.toLowerCase()
        if (possibleFilters.includes(lowerItem)) {
            return lowerItem
        }
        return null
    }
    return settings === null ?
        possibleFilters :
        [...new Set(settings?.split(',').map(lower).filter((item) => item))]
}

const hideCategory = (categoryToHide) => {
    const url = new URL(window.location.href)
    const visibleParams = new URLSearchParams(url.search).get('visible')
    const currentVisible = visibleParams ? visibleParams.split(',') : [...possibleFilters]
    const settings = [...new Set(currentVisible)].filter((f) => f !== categoryToHide).join(',')

    url.searchParams.set('visible', settings)
    window.history.pushState({}, null, unescape(url.href))
}

const showCategory = (categoryToShow) => {
    if (typeof window === 'undefined') {
        return
    }
    const url = new URL(window.location.href)
    const currentVisible = new URLSearchParams(url.search).get('visible')?.split(',').filter(Boolean) ||
        [...possibleFilters]
    const settings = [...new Set([categoryToShow, ...currentVisible])]
    const noFilter = possibleFilters.length === settings.length || !settings.length

    noFilter ? url.searchParams.delete('visible') : url.searchParams.set('visible', settings.join(','))
    window.history.pushState({}, null, unescape(url.href))
}

const getSort = (initialSort) => {
    const url = new URL(window.location.href)
    let sort = new URLSearchParams(url.search).get('sort')
    if (!sort) {
        sort = initialSort || 'result'
    }
    return sort
}

const setSort = (type) => {
    const url = new URL(window.location.href)
    url.searchParams.set('sort', type)
    window.history.pushState({}, null, unescape(url.href))
}

const getCollapsedCategory = (renderCollapsed) => {
    let categories
    if (typeof window !== 'undefined') {
        const url = new URL(window.location.href)
        const collapsedItems = new URLSearchParams(url.search).get('collapsed')
        switch (true) {
        case !renderCollapsed && collapsedItems === null:
            categories = ['passed']
            break
        case collapsedItems?.length === 0 || /^["']{2}$/.test(collapsedItems):
            categories = []
            break
        case /^all$/.test(collapsedItems) || collapsedItems === null && /^all$/.test(renderCollapsed):
            categories = [...possibleFilters]
            break
        default:
            categories = collapsedItems?.split(',').map((item) => item.toLowerCase()) || renderCollapsed
            break
        }
    } else {
        categories = []
    }
    return categories
}

const getSortDirection = () => JSON.parse(sessionStorage.getItem('sortAsc')) || false
const setSortDirection = (ascending) => sessionStorage.setItem('sortAsc', ascending)

const getCollapsedIds = () => JSON.parse(sessionStorage.getItem('collapsedIds')) || []
const setCollapsedIds = (list) => sessionStorage.setItem('collapsedIds', JSON.stringify(list))

module.exports = {
    getVisible,
    hideCategory,
    showCategory,
    getCollapsedIds,
    setCollapsedIds,
    getSort,
    setSort,
    getSortDirection,
    setSortDirection,
    getCollapsedCategory,
    possibleFilters,
}

},{}]},{},[4]);
    </script>
  </footer>
</html>