{"name": "test_trending_test_embibe_exp_ui", "status": "broken", "statusDetails": {"message": "selenium.common.exceptions.NoSuchElementException: Message: no such element: Unable to locate element: {\"method\":\"xpath\",\"selector\":\"//*[contains(text(),'Trending Tests for Your Exam')]/parent::div/div[2]/div[2]/div/div[1]/div/div/div\"}\n  (Session info: chrome=131.0.6778.109); For documentation on this error, please visit: https://www.selenium.dev/documentation/webdriver/troubleshooting/errors#no-such-element-exception\nStacktrace:\n0   chromedriver                        0x0000000102a23b08 cxxbridge1$str$ptr + 3651580\n1   chromedriver                        0x0000000102a1c358 cxxbridge1$str$ptr + 3620940\n2   chromedriver                        0x00000001024844b4 cxxbridge1$string$len + 89224\n3   chromedriver                        0x00000001024c8898 cxxbridge1$string$len + 368748\n4   chromedriver                        0x00000001025020fc cxxbridge1$string$len + 604368\n5   chromedriver                        0x00000001024bd0b0 cxxbridge1$string$len + 321668\n6   chromedriver                        0x00000001024bdd00 cxxbridge1$string$len + 324820\n7   chromedriver                        0x00000001029eee4c cxxbridge1$str$ptr + 3435328\n8   chromedriver                        0x00000001029f2164 cxxbridge1$str$ptr + 3448408\n9   chromedriver                        0x00000001029d61c0 cxxbridge1$str$ptr + 3333812\n10  chromedriver                        0x00000001029f2a24 cxxbridge1$str$ptr + 3450648\n11  chromedriver                        0x00000001029c79cc cxxbridge1$str$ptr + 3274432\n12  chromedriver                        0x0000000102a0d138 cxxbridge1$str$ptr + 3558956\n13  chromedriver                        0x0000000102a0d2b4 cxxbridge1$str$ptr + 3559336\n14  chromedriver                        0x0000000102a1bfcc cxxbridge1$str$ptr + 3620032\n15  libsystem_pthread.dylib             0x000000018814ef94 _pthread_start + 136\n16  libsystem_pthread.dylib             0x0000000188149d34 thread_start + 8", "trace": "self = <Test.test_E2E.TestEmbibe object at 0x107f57590>\n\n    @pytest.mark.usefixtures(\"setup\", \"log_on_failure\")\n    @pytest.mark.test\n    def test_trending_test_embibe_exp_ui(self):\n        log = self.getLogger()\n        self.test_sign_in_password()\n        ttp = TestHomePage(self.driver)\n>       ttp.trending_test_embibe_exp_ui()\n\nTest/test_E2E.py:240: \n_ _ _ _ _ _ _ _ _ _ _ _ _ _ _ _ _ _ _ _ _ _ _ _ _ _ _ _ _ _ _ _ _ _ _ _ _ _ _ _ _ _ _ _ _ _ _ _ _ _ _ _ _ _ _ _ _ _ _ _ _ _ _ _ _ _ _ _ _ _ _ _ _ _ _ _ _ _ _ _ _ _ _ _\nPageObject/test_home_page.py:54: in trending_test_embibe_exp_ui\n    self.driver.find_element(*TestHomePage.trending_test_tile).click()\n../../.venv/lib/python3.11/site-packages/selenium/webdriver/remote/webdriver.py:748: in find_element\n    return self.execute(Command.FIND_ELEMENT, {\"using\": by, \"value\": value})[\"value\"]\n../../.venv/lib/python3.11/site-packages/selenium/webdriver/remote/webdriver.py:354: in execute\n    self.error_handler.check_response(response)\n_ _ _ _ _ _ _ _ _ _ _ _ _ _ _ _ _ _ _ _ _ _ _ _ _ _ _ _ _ _ _ _ _ _ _ _ _ _ _ _ _ _ _ _ _ _ _ _ _ _ _ _ _ _ _ _ _ _ _ _ _ _ _ _ _ _ _ _ _ _ _ _ _ _ _ _ _ _ _ _ _ _ _ _\n\nself = <selenium.webdriver.remote.errorhandler.ErrorHandler object at 0x110593d50>\nresponse = {'status': 404, 'value': '{\"value\":{\"error\":\"no such element\",\"message\":\"no such element: Unable to locate element: {\\...00018814ef94 _pthread_start + 136\\\\n16  libsystem_pthread.dylib             0x0000000188149d34 thread_start + 8\\\\n\"}}'}\n\n    def check_response(self, response: Dict[str, Any]) -> None:\n        \"\"\"Checks that a JSON response from the WebDriver does not have an\n        error.\n    \n        :Args:\n         - response - The JSON response from the WebDriver server as a dictionary\n           object.\n    \n        :Raises: If the response contains an error message.\n        \"\"\"\n        status = response.get(\"status\", None)\n        if not status or status == ErrorCode.SUCCESS:\n            return\n        value = None\n        message = response.get(\"message\", \"\")\n        screen: str = response.get(\"screen\", \"\")\n        stacktrace = None\n        if isinstance(status, int):\n            value_json = response.get(\"value\", None)\n            if value_json and isinstance(value_json, str):\n                import json\n    \n                try:\n                    value = json.loads(value_json)\n                    if len(value) == 1:\n                        value = value[\"value\"]\n                    status = value.get(\"error\", None)\n                    if not status:\n                        status = value.get(\"status\", ErrorCode.UNKNOWN_ERROR)\n                        message = value.get(\"value\") or value.get(\"message\")\n                        if not isinstance(message, str):\n                            value = message\n                            message = message.get(\"message\")\n                    else:\n                        message = value.get(\"message\", None)\n                except ValueError:\n                    pass\n    \n        exception_class: Type[WebDriverException]\n        e = ErrorCode()\n        error_codes = [item for item in dir(e) if not item.startswith(\"__\")]\n        for error_code in error_codes:\n            error_info = getattr(ErrorCode, error_code)\n            if isinstance(error_info, list) and status in error_info:\n                exception_class = getattr(ExceptionMapping, error_code, WebDriverException)\n                break\n        else:\n            exception_class = WebDriverException\n    \n        if not value:\n            value = response[\"value\"]\n        if isinstance(value, str):\n            raise exception_class(value)\n        if message == \"\" and \"message\" in value:\n            message = value[\"message\"]\n    \n        screen = None  # type: ignore[assignment]\n        if \"screen\" in value:\n            screen = value[\"screen\"]\n    \n        stacktrace = None\n        st_value = value.get(\"stackTrace\") or value.get(\"stacktrace\")\n        if st_value:\n            if isinstance(st_value, str):\n                stacktrace = st_value.split(\"\\n\")\n            else:\n                stacktrace = []\n                try:\n                    for frame in st_value:\n                        line = frame.get(\"lineNumber\", \"\")\n                        file = frame.get(\"fileName\", \"<anonymous>\")\n                        if line:\n                            file = f\"{file}:{line}\"\n                        meth = frame.get(\"methodName\", \"<anonymous>\")\n                        if \"className\" in frame:\n                            meth = f\"{frame['className']}.{meth}\"\n                        msg = \"    at %s (%s)\"\n                        msg = msg % (meth, file)\n                        stacktrace.append(msg)\n                except TypeError:\n                    pass\n        if exception_class == UnexpectedAlertPresentException:\n            alert_text = None\n            if \"data\" in value:\n                alert_text = value[\"data\"].get(\"text\")\n            elif \"alert\" in value:\n                alert_text = value[\"alert\"].get(\"text\")\n            raise exception_class(message, screen, stacktrace, alert_text)  # type: ignore[call-arg]  # mypy is not smart enough here\n>       raise exception_class(message, screen, stacktrace)\nE       selenium.common.exceptions.NoSuchElementException: Message: no such element: Unable to locate element: {\"method\":\"xpath\",\"selector\":\"//*[contains(text(),'Trending Tests for Your Exam')]/parent::div/div[2]/div[2]/div/div[1]/div/div/div\"}\nE         (Session info: chrome=131.0.6778.109); For documentation on this error, please visit: https://www.selenium.dev/documentation/webdriver/troubleshooting/errors#no-such-element-exception\nE       Stacktrace:\nE       0   chromedriver                        0x0000000102a23b08 cxxbridge1$str$ptr + 3651580\nE       1   chromedriver                        0x0000000102a1c358 cxxbridge1$str$ptr + 3620940\nE       2   chromedriver                        0x00000001024844b4 cxxbridge1$string$len + 89224\nE       3   chromedriver                        0x00000001024c8898 cxxbridge1$string$len + 368748\nE       4   chromedriver                        0x00000001025020fc cxxbridge1$string$len + 604368\nE       5   chromedriver                        0x00000001024bd0b0 cxxbridge1$string$len + 321668\nE       6   chromedriver                        0x00000001024bdd00 cxxbridge1$string$len + 324820\nE       7   chromedriver                        0x00000001029eee4c cxxbridge1$str$ptr + 3435328\nE       8   chromedriver                        0x00000001029f2164 cxxbridge1$str$ptr + 3448408\nE       9   chromedriver                        0x00000001029d61c0 cxxbridge1$str$ptr + 3333812\nE       10  chromedriver                        0x00000001029f2a24 cxxbridge1$str$ptr + 3450648\nE       11  chromedriver                        0x00000001029c79cc cxxbridge1$str$ptr + 3274432\nE       12  chromedriver                        0x0000000102a0d138 cxxbridge1$str$ptr + 3558956\nE       13  chromedriver                        0x0000000102a0d2b4 cxxbridge1$str$ptr + 3559336\nE       14  chromedriver                        0x0000000102a1bfcc cxxbridge1$str$ptr + 3620032\nE       15  libsystem_pthread.dylib             0x000000018814ef94 _pthread_start + 136\nE       16  libsystem_pthread.dylib             0x0000000188149d34 thread_start + 8\n\n../../.venv/lib/python3.11/site-packages/selenium/webdriver/remote/errorhandler.py:229: NoSuchElementException"}, "attachments": [{"name": "log", "source": "d39791ab-3a07-40a9-81c1-59796cace1b3-attachment.txt", "type": "text/plain"}], "start": 1733823177142, "stop": 1733823202627, "uuid": "9e9c7374-7a0b-4185-aee1-4b0cc68b14c2", "historyId": "822e4f85e4fc5f9830bbf680217452de", "testCaseId": "822e4f85e4fc5f9830bbf680217452de", "fullName": "Test.test_E2E.TestEmbibe#test_trending_test_embibe_exp_ui", "labels": [{"name": "tag", "value": "test"}, {"name": "tag", "value": "@pytest.mark.usefixtures('setup', 'log_on_failure')"}, {"name": "parentSuite", "value": "Test"}, {"name": "suite", "value": "test_E2E"}, {"name": "subSuite", "value": "TestEmbibe"}, {"name": "host", "value": "EBL-C02H385BQ6L4.local"}, {"name": "thread", "value": "4036-MainThread"}, {"name": "framework", "value": "pytest"}, {"name": "language", "value": "cpython3"}, {"name": "package", "value": "Test.test_E2E"}]}