{"name": "test_practice_in_revision_list", "status": "broken", "statusDetails": {"message": "selenium.common.exceptions.TimeoutException: Message: \nStacktrace:\n0   chromedriver                        0x0000000100e03b08 cxxbridge1$str$ptr + 3651580\n1   chromedriver                        0x0000000100dfc358 cxxbridge1$str$ptr + 3620940\n2   chromedriver                        0x00000001008644b4 cxxbridge1$string$len + 89224\n3   chromedriver                        0x00000001008a8898 cxxbridge1$string$len + 368748\n4   chromedriver                        0x00000001008e20fc cxxbridge1$string$len + 604368\n5   chromedriver                        0x000000010089d0b0 cxxbridge1$string$len + 321668\n6   chromedriver                        0x000000010089dd00 cxxbridge1$string$len + 324820\n7   chromedriver                        0x0000000100dcee4c cxxbridge1$str$ptr + 3435328\n8   chromedriver                        0x0000000100dd2164 cxxbridge1$str$ptr + 3448408\n9   chromedriver                        0x0000000100db61c0 cxxbridge1$str$ptr + 3333812\n10  chromedriver                        0x0000000100dd2a24 cxxbridge1$str$ptr + 3450648\n11  chromedriver                        0x0000000100da79cc cxxbridge1$str$ptr + 3274432\n12  chromedriver                        0x0000000100ded138 cxxbridge1$str$ptr + 3558956\n13  chromedriver                        0x0000000100ded2b4 cxxbridge1$str$ptr + 3559336\n14  chromedriver                        0x0000000100dfbfcc cxxbridge1$str$ptr + 3620032\n15  libsystem_pthread.dylib             0x000000018814ef94 _pthread_start + 136\n16  libsystem_pthread.dylib             0x0000000188149d34 thread_start + 8", "trace": "self = <Test.test_E2E.TestEmbibe object at 0x102c3fc90>\n\n    @pytest.mark.usefixtures(\"setup\", \"log_on_failure\")\n    @pytest.mark.home\n    def test_practice_in_revision_list(self):\n        log = self.getLogger()\n        self.test_sign_in_password()\n        UH = UserHome(self.driver)\n>       UH.practice_in_revision_list()\n\nTest/test_E2E.py:426: \n_ _ _ _ _ _ _ _ _ _ _ _ _ _ _ _ _ _ _ _ _ _ _ _ _ _ _ _ _ _ _ _ _ _ _ _ _ _ _ _ _ _ _ _ _ _ _ _ _ _ _ _ _ _ _ _ _ _ _ _ _ _ _ _ _ _ _ _ _ _ _ _ _ _ _ _ _ _ _ _ _ _ _ _\nPageObject/user_home.py:189: in practice_in_revision_list\n    WebDriverWait(self.driver, 10).until(\n_ _ _ _ _ _ _ _ _ _ _ _ _ _ _ _ _ _ _ _ _ _ _ _ _ _ _ _ _ _ _ _ _ _ _ _ _ _ _ _ _ _ _ _ _ _ _ _ _ _ _ _ _ _ _ _ _ _ _ _ _ _ _ _ _ _ _ _ _ _ _ _ _ _ _ _ _ _ _ _ _ _ _ _\n\nself = <selenium.webdriver.support.wait.WebDriverWait (session=\"97f1b89dcfbadae16b03c679c8d9252b\")>\nmethod = <function element_to_be_clickable.<locals>._predicate at 0x102fe74c0>, message = ''\n\n    def until(self, method: Callable[[D], Union[Literal[False], T]], message: str = \"\") -> T:\n        \"\"\"Calls the method provided with the driver as an argument until the \\\n        return value does not evaluate to ``False``.\n    \n        :param method: callable(WebDriver)\n        :param message: optional message for :exc:`TimeoutException`\n        :returns: the result of the last call to `method`\n        :raises: :exc:`selenium.common.exceptions.TimeoutException` if timeout occurs\n        \"\"\"\n        screen = None\n        stacktrace = None\n    \n        end_time = time.monotonic() + self._timeout\n        while True:\n            try:\n                value = method(self._driver)\n                if value:\n                    return value\n            except self._ignored_exceptions as exc:\n                screen = getattr(exc, \"screen\", None)\n                stacktrace = getattr(exc, \"stacktrace\", None)\n            time.sleep(self._poll)\n            if time.monotonic() > end_time:\n                break\n>       raise TimeoutException(message, screen, stacktrace)\nE       selenium.common.exceptions.TimeoutException: Message: \nE       Stacktrace:\nE       0   chromedriver                        0x0000000100e03b08 cxxbridge1$str$ptr + 3651580\nE       1   chromedriver                        0x0000000100dfc358 cxxbridge1$str$ptr + 3620940\nE       2   chromedriver                        0x00000001008644b4 cxxbridge1$string$len + 89224\nE       3   chromedriver                        0x00000001008a8898 cxxbridge1$string$len + 368748\nE       4   chromedriver                        0x00000001008e20fc cxxbridge1$string$len + 604368\nE       5   chromedriver                        0x000000010089d0b0 cxxbridge1$string$len + 321668\nE       6   chromedriver                        0x000000010089dd00 cxxbridge1$string$len + 324820\nE       7   chromedriver                        0x0000000100dcee4c cxxbridge1$str$ptr + 3435328\nE       8   chromedriver                        0x0000000100dd2164 cxxbridge1$str$ptr + 3448408\nE       9   chromedriver                        0x0000000100db61c0 cxxbridge1$str$ptr + 3333812\nE       10  chromedriver                        0x0000000100dd2a24 cxxbridge1$str$ptr + 3450648\nE       11  chromedriver                        0x0000000100da79cc cxxbridge1$str$ptr + 3274432\nE       12  chromedriver                        0x0000000100ded138 cxxbridge1$str$ptr + 3558956\nE       13  chromedriver                        0x0000000100ded2b4 cxxbridge1$str$ptr + 3559336\nE       14  chromedriver                        0x0000000100dfbfcc cxxbridge1$str$ptr + 3620032\nE       15  libsystem_pthread.dylib             0x000000018814ef94 _pthread_start + 136\nE       16  libsystem_pthread.dylib             0x0000000188149d34 thread_start + 8\n\n../../.venv/lib/python3.11/site-packages/selenium/webdriver/support/wait.py:105: TimeoutException"}, "attachments": [{"name": "log", "source": "cdec49ee-c91d-47a7-9d9c-ee0b3098a0a9-attachment.txt", "type": "text/plain"}], "start": 1733825713784, "stop": 1733825741442, "uuid": "b4acf42b-9247-4c0f-a142-213cad5139c8", "historyId": "6aa30f8c4b324fa1db1d969f94853ef4", "testCaseId": "6aa30f8c4b324fa1db1d969f94853ef4", "fullName": "Test.test_E2E.TestEmbibe#test_practice_in_revision_list", "labels": [{"name": "tag", "value": "home"}, {"name": "tag", "value": "@pytest.mark.usefixtures('setup', 'log_on_failure')"}, {"name": "parentSuite", "value": "Test"}, {"name": "suite", "value": "test_E2E"}, {"name": "subSuite", "value": "TestEmbibe"}, {"name": "host", "value": "EBL-C02H385BQ6L4.local"}, {"name": "thread", "value": "10500-MainThread"}, {"name": "framework", "value": "pytest"}, {"name": "language", "value": "cpython3"}, {"name": "package", "value": "Test.test_E2E"}]}